#
# There is insufficient memory for the Java Runtime Environment to continue.
# pthread_getattr_np
# Possible reasons:
#   The system is out of physical RAM or swap space
#   In 32 bit mode, the process size limit was hit
# Possible solutions:
#   Reduce memory load on the system
#   Increase physical memory or swap space
#   Check if swap backing store is full
#   Use 64 bit Java on a 64 bit OS
#   Decrease Java heap size (-Xmx/-Xms)
#   Decrease number of Java threads
#   Decrease Java thread stack sizes (-Xss)
#   Set larger code cache with -XX:ReservedCodeCacheSize=
# This output file may be truncated or incomplete.
#
#  Out of Memory Error (os_linux_x86.cpp:718), pid=6132, tid=140167210903296
#
# JRE version:  (7.0_80-b15) (build )
# Java VM: Java HotSpot(TM) 64-Bit Server VM (24.80-b11 mixed mode linux-amd64 compressed oops)
# Failed to write core dump. Core dumps have been disabled. To enable core dumping, try "ulimit -c unlimited" before starting Java again
#

---------------  T H R E A D  ---------------

Current thread (0x00007f7b34137000):  JavaThread "Finalizer" daemon [_thread_new, id=6140, stack(0x0000000000000000,0x0000000000000000)]

Stack: [0x0000000000000000,0x0000000000000000],  sp=0x00007f7b38d09960,  free space=136882041894k
Native frames: (J=compiled Java code, j=interpreted, Vv=VM code, C=native code)
V  [libjvm.so+0x9a320a]
V  [libjvm.so+0x498d3b]
V  [libjvm.so+0x82770a]
V  [libjvm.so+0x827755]
V  [libjvm.so+0x955874]
V  [libjvm.so+0x95c034]
V  [libjvm.so+0x8238c8]


---------------  P R O C E S S  ---------------

Java Threads: ( => current thread )
=>0x00007f7b34137000 JavaThread "Finalizer" daemon [_thread_new, id=6140, stack(0x0000000000000000,0x0000000000000000)]
  0x00007f7b34135000 JavaThread "Reference Handler" daemon [_thread_blocked, id=6139, stack(0x00007f7b38d0b000,0x00007f7b38e0c000)]
  0x00007f7b34009800 JavaThread "main" [_thread_in_native, id=6133, stack(0x00007f7b3db30000,0x00007f7b3dc31000)]

Other Threads:
  0x00007f7b34130800 VMThread [stack: 0x00007f7b38e0c000,0x00007f7b38f0d000] [id=6138]

VM state:not at safepoint (normal execution)

VM Mutex/Monitor currently owned by a thread: None

Heap
 PSYoungGen      total 27648K, used 481K [0x00000000e1700000, 0x00000000e3580000, 0x0000000100000000)
  eden space 24064K, 2% used [0x00000000e1700000,0x00000000e1778570,0x00000000e2e80000)
  from space 3584K, 0% used [0x00000000e3200000,0x00000000e3200000,0x00000000e3580000)
  to   space 3584K, 0% used [0x00000000e2e80000,0x00000000e2e80000,0x00000000e3200000)
 ParOldGen       total 62464K, used 0K [0x00000000a4600000, 0x00000000a8300000, 0x00000000e1700000)
  object space 62464K, 0% used [0x00000000a4600000,0x00000000a4600000,0x00000000a8300000)
 PSPermGen       total 21504K, used 871K [0x000000009f400000, 0x00000000a0900000, 0x00000000a4600000)
  object space 21504K, 4% used [0x000000009f400000,0x000000009f4d9c78,0x00000000a0900000)

Card table byte_map: [0x00007f7b3a9eb000,0x00007f7b3acf2000] byte_map_base: 0x00007f7b3a4f1000

Polling page: 0x00007f7b3dcc6000

Code Cache  [0x00007f7b31000000, 0x00007f7b31270000, 0x00007f7b34000000)
 total_blobs=75 nmethods=0 adapters=52 free_code_cache=48818Kb largest_free_block=49989760

Compilation events (0 events):
No events

GC Heap History (0 events):
No events

Deoptimization events (0 events):
No events

Internal exceptions (0 events):
No events

Events (10 events):
Event: 0,016 Thread 0x00007f7b34135000 Thread added: 0x00007f7b34135000
Event: 0,016 loading class 0x00007f7b3a0aee00
Event: 0,016 loading class 0x00007f7b3a0aee00 done
Event: 0,016 loading class 0x00007f7b3a0c5ff0
Event: 0,016 loading class 0x00007f7b3a0c5ff0 done
Event: 0,016 loading class 0x00007f7b3a0c5fc0
Event: 0,016 loading class 0x00007f7b3a0c5fc0 done
Event: 0,016 loading class 0x00007f7b3a0af5e0
Event: 0,016 loading class 0x00007f7b3a0af5e0 done
Event: 0,016 Thread 0x00007f7b34137000 Thread added: 0x00007f7b34137000


Dynamic libraries:
00400000-00401000 r-xp 00000000 08:08 33603                              /usr/lib/jvm/java-7-oracle/jre/bin/java
00600000-00601000 rw-p 00000000 08:08 33603                              /usr/lib/jvm/java-7-oracle/jre/bin/java
01596000-015be000 rw-p 00000000 00:00 0                                  [heap]
9f400000-a0900000 rw-p 00000000 00:00 0 
a0900000-a4600000 rw-p 00000000 00:00 0 
a4600000-a8300000 rw-p 00000000 00:00 0 
a8300000-e1700000 rw-p 00000000 00:00 0 
e1700000-e3580000 rw-p 00000000 00:00 0 
e3580000-100000000 rw-p 00000000 00:00 0 
7f7b14000000-7f7b14021000 rw-p 00000000 00:00 0 
7f7b14021000-7f7b18000000 ---p 00000000 00:00 0 
7f7b18000000-7f7b18021000 rw-p 00000000 00:00 0 
7f7b18021000-7f7b1c000000 ---p 00000000 00:00 0 
7f7b1cfa0000-7f7b20000000 rw-p 00000000 00:00 0 
7f7b20000000-7f7b20021000 rw-p 00000000 00:00 0 
7f7b20021000-7f7b24000000 ---p 00000000 00:00 0 
7f7b24000000-7f7b24021000 rw-p 00000000 00:00 0 
7f7b24021000-7f7b28000000 ---p 00000000 00:00 0 
7f7b28000000-7f7b28021000 rw-p 00000000 00:00 0 
7f7b28021000-7f7b2c000000 ---p 00000000 00:00 0 
7f7b2c000000-7f7b2c021000 rw-p 00000000 00:00 0 
7f7b2c021000-7f7b30000000 ---p 00000000 00:00 0 
7f7b31000000-7f7b31270000 rwxp 00000000 00:00 0 
7f7b31270000-7f7b34140000 rw-p 00000000 00:00 0 
7f7b34140000-7f7b38000000 ---p 00000000 00:00 0 
7f7b386c8000-7f7b38c0a000 r--p 00000000 08:08 1056158                    /usr/lib/locale/locale-archive
7f7b38c0a000-7f7b38d0b000 rw-p 00000000 00:00 0                          [stack:6140]
7f7b38d0b000-7f7b38d0e000 ---p 00000000 00:00 0 
7f7b38d0e000-7f7b38e0c000 rw-p 00000000 00:00 0                          [stack:6139]
7f7b38e0c000-7f7b38e0d000 ---p 00000000 00:00 0 
7f7b38e0d000-7f7b39e67000 rw-p 00000000 00:00 0                          [stack:6138]
7f7b39e67000-7f7b3a027000 r--s 039fb000 08:08 33736                      /usr/lib/jvm/java-7-oracle/jre/lib/rt.jar
7f7b3a027000-7f7b3a3fe000 rw-p 00000000 00:00 0 
7f7b3a3fe000-7f7b3a3ff000 ---p 00000000 00:00 0 
7f7b3a3ff000-7f7b3a4ff000 rw-p 00000000 00:00 0                          [stack:6137]
7f7b3a4ff000-7f7b3a500000 ---p 00000000 00:00 0 
7f7b3a500000-7f7b3a600000 rw-p 00000000 00:00 0                          [stack:6136]
7f7b3a600000-7f7b3a601000 ---p 00000000 00:00 0 
7f7b3a601000-7f7b3a701000 rw-p 00000000 00:00 0                          [stack:6135]
7f7b3a701000-7f7b3a702000 ---p 00000000 00:00 0 
7f7b3a702000-7f7b3a821000 rw-p 00000000 00:00 0                          [stack:6134]
7f7b3a821000-7f7b3a9eb000 rw-p 00000000 00:00 0 
7f7b3a9eb000-7f7b3a9f6000 rw-p 00000000 00:00 0 
7f7b3a9f6000-7f7b3aa14000 rw-p 00000000 00:00 0 
7f7b3aa14000-7f7b3aa33000 rw-p 00000000 00:00 0 
7f7b3aa33000-7f7b3abfc000 rw-p 00000000 00:00 0 
7f7b3abfc000-7f7b3ac0c000 rw-p 00000000 00:00 0 
7f7b3ac0c000-7f7b3acf1000 rw-p 00000000 00:00 0 
7f7b3acf1000-7f7b3acfc000 rw-p 00000000 00:00 0 
7f7b3acfc000-7f7b3adb2000 rw-p 00000000 00:00 0 
7f7b3adb2000-7f7b3adc9000 r-xp 00000000 08:08 33652                      /usr/lib/jvm/java-7-oracle/jre/lib/amd64/libzip.so
7f7b3adc9000-7f7b3afc9000 ---p 00017000 08:08 33652                      /usr/lib/jvm/java-7-oracle/jre/lib/amd64/libzip.so
7f7b3afc9000-7f7b3afca000 rw-p 00017000 08:08 33652                      /usr/lib/jvm/java-7-oracle/jre/lib/amd64/libzip.so
7f7b3afca000-7f7b3afd5000 r-xp 00000000 08:08 919518                     /lib/x86_64-linux-gnu/libnss_files-2.19.so
7f7b3afd5000-7f7b3b1d4000 ---p 0000b000 08:08 919518                     /lib/x86_64-linux-gnu/libnss_files-2.19.so
7f7b3b1d4000-7f7b3b1d5000 r--p 0000a000 08:08 919518                     /lib/x86_64-linux-gnu/libnss_files-2.19.so
7f7b3b1d5000-7f7b3b1d6000 rw-p 0000b000 08:08 919518                     /lib/x86_64-linux-gnu/libnss_files-2.19.so
7f7b3b1d6000-7f7b3b1e1000 r-xp 00000000 08:08 919538                     /lib/x86_64-linux-gnu/libnss_nis-2.19.so
7f7b3b1e1000-7f7b3b3e0000 ---p 0000b000 08:08 919538                     /lib/x86_64-linux-gnu/libnss_nis-2.19.so
7f7b3b3e0000-7f7b3b3e1000 r--p 0000a000 08:08 919538                     /lib/x86_64-linux-gnu/libnss_nis-2.19.so
7f7b3b3e1000-7f7b3b3e2000 rw-p 0000b000 08:08 919538                     /lib/x86_64-linux-gnu/libnss_nis-2.19.so
7f7b3b3e2000-7f7b3b3f9000 r-xp 00000000 08:08 919527                     /lib/x86_64-linux-gnu/libnsl-2.19.so
7f7b3b3f9000-7f7b3b5f8000 ---p 00017000 08:08 919527                     /lib/x86_64-linux-gnu/libnsl-2.19.so
7f7b3b5f8000-7f7b3b5f9000 r--p 00016000 08:08 919527                     /lib/x86_64-linux-gnu/libnsl-2.19.so
7f7b3b5f9000-7f7b3b5fa000 rw-p 00017000 08:08 919527                     /lib/x86_64-linux-gnu/libnsl-2.19.so
7f7b3b5fa000-7f7b3b5fc000 rw-p 00000000 00:00 0 
7f7b3b5fc000-7f7b3b605000 r-xp 00000000 08:08 919526                     /lib/x86_64-linux-gnu/libnss_compat-2.19.so
7f7b3b605000-7f7b3b804000 ---p 00009000 08:08 919526                     /lib/x86_64-linux-gnu/libnss_compat-2.19.so
7f7b3b804000-7f7b3b805000 r--p 00008000 08:08 919526                     /lib/x86_64-linux-gnu/libnss_compat-2.19.so
7f7b3b805000-7f7b3b806000 rw-p 00009000 08:08 919526                     /lib/x86_64-linux-gnu/libnss_compat-2.19.so
7f7b3b806000-7f7b3b8ec000 rw-p 00000000 00:00 0 
7f7b3b8ec000-7f7b3b915000 r-xp 00000000 08:08 33649                      /usr/lib/jvm/java-7-oracle/jre/lib/amd64/libjava.so
7f7b3b915000-7f7b3bb15000 ---p 00029000 08:08 33649                      /usr/lib/jvm/java-7-oracle/jre/lib/amd64/libjava.so
7f7b3bb15000-7f7b3bb17000 rw-p 00029000 08:08 33649                      /usr/lib/jvm/java-7-oracle/jre/lib/amd64/libjava.so
7f7b3bb17000-7f7b3bb24000 r-xp 00000000 08:08 33675                      /usr/lib/jvm/java-7-oracle/jre/lib/amd64/libverify.so
7f7b3bb24000-7f7b3bd23000 ---p 0000d000 08:08 33675                      /usr/lib/jvm/java-7-oracle/jre/lib/amd64/libverify.so
7f7b3bd23000-7f7b3bd25000 rw-p 0000c000 08:08 33675                      /usr/lib/jvm/java-7-oracle/jre/lib/amd64/libverify.so
7f7b3bd25000-7f7b3bd2c000 r-xp 00000000 08:08 919535                     /lib/x86_64-linux-gnu/librt-2.19.so
7f7b3bd2c000-7f7b3bf2b000 ---p 00007000 08:08 919535                     /lib/x86_64-linux-gnu/librt-2.19.so
7f7b3bf2b000-7f7b3bf2c000 r--p 00006000 08:08 919535                     /lib/x86_64-linux-gnu/librt-2.19.so
7f7b3bf2c000-7f7b3bf2d000 rw-p 00007000 08:08 919535                     /lib/x86_64-linux-gnu/librt-2.19.so
7f7b3bf2d000-7f7b3c032000 r-xp 00000000 08:08 919517                     /lib/x86_64-linux-gnu/libm-2.19.so
7f7b3c032000-7f7b3c231000 ---p 00105000 08:08 919517                     /lib/x86_64-linux-gnu/libm-2.19.so
7f7b3c231000-7f7b3c232000 r--p 00104000 08:08 919517                     /lib/x86_64-linux-gnu/libm-2.19.so
7f7b3c232000-7f7b3c233000 rw-p 00105000 08:08 919517                     /lib/x86_64-linux-gnu/libm-2.19.so
7f7b3c233000-7f7b3cda9000 r-xp 00000000 08:08 33640                      /usr/lib/jvm/java-7-oracle/jre/lib/amd64/server/libjvm.so
7f7b3cda9000-7f7b3cfa8000 ---p 00b76000 08:08 33640                      /usr/lib/jvm/java-7-oracle/jre/lib/amd64/server/libjvm.so
7f7b3cfa8000-7f7b3d06c000 rw-p 00b75000 08:08 33640                      /usr/lib/jvm/java-7-oracle/jre/lib/amd64/server/libjvm.so
7f7b3d06c000-7f7b3d0ad000 rw-p 00000000 00:00 0 
7f7b3d0ad000-7f7b3d268000 r-xp 00000000 08:08 919532                     /lib/x86_64-linux-gnu/libc-2.19.so
7f7b3d268000-7f7b3d467000 ---p 001bb000 08:08 919532                     /lib/x86_64-linux-gnu/libc-2.19.so
7f7b3d467000-7f7b3d46b000 r--p 001ba000 08:08 919532                     /lib/x86_64-linux-gnu/libc-2.19.so
7f7b3d46b000-7f7b3d46d000 rw-p 001be000 08:08 919532                     /lib/x86_64-linux-gnu/libc-2.19.so
7f7b3d46d000-7f7b3d472000 rw-p 00000000 00:00 0 
7f7b3d472000-7f7b3d475000 r-xp 00000000 08:08 919521                     /lib/x86_64-linux-gnu/libdl-2.19.so
7f7b3d475000-7f7b3d674000 ---p 00003000 08:08 919521                     /lib/x86_64-linux-gnu/libdl-2.19.so
7f7b3d674000-7f7b3d675000 r--p 00002000 08:08 919521                     /lib/x86_64-linux-gnu/libdl-2.19.so
7f7b3d675000-7f7b3d676000 rw-p 00003000 08:08 919521                     /lib/x86_64-linux-gnu/libdl-2.19.so
7f7b3d676000-7f7b3d68b000 r-xp 00000000 08:08 33680                      /usr/lib/jvm/java-7-oracle/jre/lib/amd64/jli/libjli.so
7f7b3d68b000-7f7b3d88a000 ---p 00015000 08:08 33680                      /usr/lib/jvm/java-7-oracle/jre/lib/amd64/jli/libjli.so
7f7b3d88a000-7f7b3d88b000 rw-p 00014000 08:08 33680                      /usr/lib/jvm/java-7-oracle/jre/lib/amd64/jli/libjli.so
7f7b3d88b000-7f7b3d8a4000 r-xp 00000000 08:08 919533                     /lib/x86_64-linux-gnu/libpthread-2.19.so
7f7b3d8a4000-7f7b3daa3000 ---p 00019000 08:08 919533                     /lib/x86_64-linux-gnu/libpthread-2.19.so
7f7b3daa3000-7f7b3daa4000 r--p 00018000 08:08 919533                     /lib/x86_64-linux-gnu/libpthread-2.19.so
7f7b3daa4000-7f7b3daa5000 rw-p 00019000 08:08 919533                     /lib/x86_64-linux-gnu/libpthread-2.19.so
7f7b3daa5000-7f7b3daa9000 rw-p 00000000 00:00 0 
7f7b3daa9000-7f7b3dacc000 r-xp 00000000 08:08 919529                     /lib/x86_64-linux-gnu/ld-2.19.so
7f7b3dae8000-7f7b3db12000 rw-p 00000000 00:00 0 
7f7b3db12000-7f7b3db30000 rw-p 00000000 00:00 0 
7f7b3db30000-7f7b3db33000 ---p 00000000 00:00 0 
7f7b3db33000-7f7b3dca8000 rw-p 00000000 00:00 0                          [stack:6133]
7f7b3dcbd000-7f7b3dcc5000 rw-s 00000000 08:08 176985                     /tmp/hsperfdata_diego/6132
7f7b3dcc5000-7f7b3dcc6000 rw-p 00000000 00:00 0 
7f7b3dcc6000-7f7b3dcc7000 r--p 00000000 00:00 0 
7f7b3dcc7000-7f7b3dcc9000 rw-p 00000000 00:00 0 
7f7b3dcc9000-7f7b3dccb000 r-xp 00000000 00:00 0                          [vdso]
7f7b3dccb000-7f7b3dccc000 r--p 00022000 08:08 919529                     /lib/x86_64-linux-gnu/ld-2.19.so
7f7b3dccc000-7f7b3dccd000 rw-p 00023000 08:08 919529                     /lib/x86_64-linux-gnu/ld-2.19.so
7f7b3dccd000-7f7b3dcce000 rw-p 00000000 00:00 0 
7ffc93ae3000-7ffc93b77000 rw-p 00000000 00:00 0                          [stack]
ffffffffff600000-ffffffffff601000 r-xp 00000000 00:00 0                  [vsyscall]

VM Arguments:
java_command: /home/diego/didfail/dare-1.1.0-linux/soot/jasminclasses-2.5.0.jar -d /home/diego/didfail/toyapps/out/dare/SendSMS/retargeted/SendSMS /home/diego/didfail/toyapps/out/dare/SendSMS/retargeted/SendSMS/android.support.v4.accessibilityservice.AccessibilityServiceInfoCompat$AccessibilityServiceInfoVersionImpl.jasmin /home/diego/didfail/toyapps/out/dare/SendSMS/retargeted/SendSMS/android.support.v4.app.ActionBarDrawerToggleHoneycomb.jasmin /home/diego/didfail/toyapps/out/dare/SendSMS/retargeted/SendSMS/android.support.v4.view.accessibility.AccessibilityRecordCompat$AccessibilityRecordImpl.jasmin /home/diego/didfail/toyapps/out/dare/SendSMS/retargeted/SendSMS/android.support.v4.view.accessibility.AccessibilityRecordCompat$AccessibilityRecordStubImpl.jasmin /home/diego/didfail/toyapps/out/dare/SendSMS/retargeted/SendSMS/android.support.v4.view.accessibility.AccessibilityRecordCompat$AccessibilityRecordIcsImpl.jasmin /home/diego/didfail/toyapps/out/dare/SendSMS/retargeted/SendSMS/android.support.v4.view.accessibility.AccessibilityRecordCompat$AccessibilityRecordIcsMr1Impl.jasmin /home/diego/didfail/toyapps/out/dare/SendSMS/retargeted/SendSMS/android.support.v4.view.accessibility.AccessibilityRecordCompat$AccessibilityRecordJellyBeanImpl.jasmin /home/diego/didfail/toyapps/out/dare/SendSMS/retargeted/SendSMS/android.support.v4.app.FragmentTabHost$SavedState$1.jasmin /home/diego/didfail/toyapps/out/dare/SendSMS/retargeted/SendSMS/android.support.v4.app.BackStackRecord$Op.jasmin /home/diego/didfail/toyapps/out/dare/SendSMS/retargeted/SendSMS/android.support.v4.view.MenuItemCompat$OnActionExpandListener.jasmin /home/diego/didfail/toyapps/out/dare/SendSMS/retargeted/SendSMS/android.support.v4.app.FragmentTabHost$SavedState.jasmin /home/diego/didfail/toyapps/out/dare/SendSMS/retargeted/SendSMS/android.support.v4.content.LocalBroadcastManager$ReceiverRecord.jasmin /home/diego/didfail/toyapps/out/dare/SendSMS/retargeted/SendSMS/android.support.v4.view.KeyEventCompat.jas
Launcher Type: SUN_STANDARD

Environment Variables:
PATH=/usr/local/sbin:/usr/local/bin:/usr/sbin:/usr/bin:/sbin:/bin:/usr/games:/usr/local/games
SHELL=/bin/bash
DISPLAY=:0

Signal Handlers:
SIGSEGV: [libjvm.so+0x9a3b20], sa_mask[0]=0x7ffbfeff, sa_flags=0x10000004
SIGBUS: [libjvm.so+0x9a3b20], sa_mask[0]=0x7ffbfeff, sa_flags=0x10000004
SIGFPE: [libjvm.so+0x81e740], sa_mask[0]=0x7ffbfeff, sa_flags=0x10000004
SIGPIPE: [libjvm.so+0x81e740], sa_mask[0]=0x7ffbfeff, sa_flags=0x10000004
SIGXFSZ: [libjvm.so+0x81e740], sa_mask[0]=0x7ffbfeff, sa_flags=0x10000004
SIGILL: [libjvm.so+0x81e740], sa_mask[0]=0x7ffbfeff, sa_flags=0x10000004
SIGUSR1: SIG_DFL, sa_mask[0]=0x00000000, sa_flags=0x00000000
SIGUSR2: [libjvm.so+0x81ffb0], sa_mask[0]=0x00000000, sa_flags=0x10000004
SIGHUP: SIG_DFL, sa_mask[0]=0x00000000, sa_flags=0x00000000
SIGINT: SIG_DFL, sa_mask[0]=0x00000000, sa_flags=0x00000000
SIGTERM: SIG_DFL, sa_mask[0]=0x00000000, sa_flags=0x00000000
SIGQUIT: SIG_DFL, sa_mask[0]=0x00000000, sa_flags=0x00000000


---------------  S Y S T E M  ---------------

OS:jessie/sid

uname:Linux 3.13.0-51-generic #84-Ubuntu SMP Wed Apr 15 12:08:34 UTC 2015 x86_64
libc:glibc 2.19 NPTL 2.19 
rlimit: STACK 8192k, CORE 0k, NPROC 46406, NOFILE 4096, AS 2250000k
load average:2,33 1,56 0,89

/proc/meminfo:
MemTotal:        6004492 kB
MemFree:         3592420 kB
Buffers:          117588 kB
Cached:          1050948 kB
SwapCached:            0 kB
Active:          1394948 kB
Inactive:         788944 kB
Active(anon):    1016848 kB
Inactive(anon):   152344 kB
Active(file):     378100 kB
Inactive(file):   636600 kB
Unevictable:          64 kB
Mlocked:              64 kB
SwapTotal:       1973244 kB
SwapFree:        1973244 kB
Dirty:              4144 kB
Writeback:             0 kB
AnonPages:       1015492 kB
Mapped:           370960 kB
Shmem:            153764 kB
Slab:             104576 kB
SReclaimable:      68948 kB
SUnreclaim:        35628 kB
KernelStack:        4312 kB
PageTables:        45056 kB
NFS_Unstable:          0 kB
Bounce:                0 kB
WritebackTmp:          0 kB
CommitLimit:     4975488 kB
Committed_AS:    4335968 kB
VmallocTotal:   34359738367 kB
VmallocUsed:      354368 kB
VmallocChunk:   34359376860 kB
HardwareCorrupted:     0 kB
AnonHugePages:    253952 kB
HugePages_Total:       0
HugePages_Free:        0
HugePages_Rsvd:        0
HugePages_Surp:        0
Hugepagesize:       2048 kB
DirectMap4k:       72272 kB
DirectMap2M:     6111232 kB


CPU:total 4 (2 cores per cpu, 2 threads per core) family 6 model 58 stepping 9, cmov, cx8, fxsr, mmx, sse, sse2, sse3, ssse3, sse4.1, sse4.2, popcnt, avx, aes, erms, ht, tsc, tscinvbit, tscinv

/proc/cpuinfo:
processor	: 0
vendor_id	: GenuineIntel
cpu family	: 6
model		: 58
model name	: Intel(R) Core(TM) i7-3517U CPU @ 1.90GHz
stepping	: 9
microcode	: 0x13
cpu MHz		: 1900.000
cache size	: 4096 KB
physical id	: 0
siblings	: 4
core id		: 0
cpu cores	: 2
apicid		: 0
initial apicid	: 0
fpu		: yes
fpu_exception	: yes
cpuid level	: 13
wp		: yes
flags		: fpu vme de pse tsc msr pae mce cx8 apic sep mtrr pge mca cmov pat pse36 clflush dts acpi mmx fxsr sse sse2 ss ht tm pbe syscall nx rdtscp lm constant_tsc arch_perfmon pebs bts rep_good nopl xtopology nonstop_tsc aperfmperf eagerfpu pni pclmulqdq dtes64 monitor ds_cpl vmx est tm2 ssse3 cx16 xtpr pdcm pcid sse4_1 sse4_2 x2apic popcnt tsc_deadline_timer aes xsave avx f16c rdrand lahf_lm ida arat epb xsaveopt pln pts dtherm tpr_shadow vnmi flexpriority ept vpid fsgsbase smep erms
bogomips	: 4789.11
clflush size	: 64
cache_alignment	: 64
address sizes	: 36 bits physical, 48 bits virtual
power management:

processor	: 1
vendor_id	: GenuineIntel
cpu family	: 6
model		: 58
model name	: Intel(R) Core(TM) i7-3517U CPU @ 1.90GHz
stepping	: 9
microcode	: 0x13
cpu MHz		: 1100.000
cache size	: 4096 KB
physical id	: 0
siblings	: 4
core id		: 1
cpu cores	: 2
apicid		: 2
initial apicid	: 2
fpu		: yes
fpu_exception	: yes
cpuid level	: 13
wp		: yes
flags		: fpu vme de pse tsc msr pae mce cx8 apic sep mtrr pge mca cmov pat pse36 clflush dts acpi mmx fxsr sse sse2 ss ht tm pbe syscall nx rdtscp lm constant_tsc arch_perfmon pebs bts rep_good nopl xtopology nonstop_tsc aperfmperf eagerfpu pni pclmulqdq dtes64 monitor ds_cpl vmx est tm2 ssse3 cx16 xtpr pdcm pcid sse4_1 sse4_2 x2apic popcnt tsc_deadline_timer aes xsave avx f16c rdrand lahf_lm ida arat epb xsaveopt pln pts dtherm tpr_shadow vnmi flexpriority ept vpid fsgsbase smep erms
bogomips	: 4789.11
clflush size	: 64
cache_alignment	: 64
address sizes	: 36 bits physical, 48 bits virtual
power management:

processor	: 2
vendor_id	: GenuineIntel
cpu family	: 6
model		: 58
model name	: Intel(R) Core(TM) i7-3517U CPU @ 1.90GHz
stepping	: 9
microcode	: 0x13
cpu MHz		: 768.000
cache size	: 4096 KB
physical id	: 0
siblings	: 4
core id		: 0
cpu cores	: 2
apicid		: 1
initial apicid	: 1
fpu		: yes
fpu_exception	: yes
cpuid level	: 13
wp		: yes
flags		: fpu vme de pse tsc msr pae mce cx8 apic sep mtrr pge mca cmov pat pse36 clflush dts acpi mmx fxsr sse sse2 ss ht tm pbe syscall nx rdtscp lm constant_tsc arch_perfmon pebs bts rep_good nopl xtopology nonstop_tsc aperfmperf eagerfpu pni pclmulqdq dtes64 monitor ds_cpl vmx est tm2 ssse3 cx16 xtpr pdcm pcid sse4_1 sse4_2 x2apic popcnt tsc_deadline_timer aes xsave avx f16c rdrand lahf_lm ida arat epb xsaveopt pln pts dtherm tpr_shadow vnmi flexpriority ept vpid fsgsbase smep erms
bogomips	: 4789.11
clflush size	: 64
cache_alignment	: 64
address sizes	: 36 bits physical, 48 bits virtual
power management:

processor	: 3
vendor_id	: GenuineIntel
cpu family	: 6
model		: 58
model name	: Intel(R) Core(TM) i7-3517U CPU @ 1.90GHz
stepping	: 9
microcode	: 0x13
cpu MHz		: 1900.000
cache size	: 4096 KB
physical id	: 0
siblings	: 4
core id		: 1
cpu cores	: 2
apicid		: 3
initial apicid	: 3
fpu		: yes
fpu_exception	: yes
cpuid level	: 13
wp		: yes
flags		: fpu vme de pse tsc msr pae mce cx8 apic sep mtrr pge mca cmov pat pse36 clflush dts acpi mmx fxsr sse sse2 ss ht tm pbe syscall nx rdtscp lm constant_tsc arch_perfmon pebs bts rep_good nopl xtopology nonstop_tsc aperfmperf eagerfpu pni pclmulqdq dtes64 monitor ds_cpl vmx est tm2 ssse3 cx16 xtpr pdcm pcid sse4_1 sse4_2 x2apic popcnt tsc_deadline_timer aes xsave avx f16c rdrand lahf_lm ida arat epb xsaveopt pln pts dtherm tpr_shadow vnmi flexpriority ept vpid fsgsbase smep erms
bogomips	: 4789.11
clflush size	: 64
cache_alignment	: 64
address sizes	: 36 bits physical, 48 bits virtual
power management:



Memory: 4k page, physical 6004492k(3591908k free), swap 1973244k(1973244k free)

vm_info: Java HotSpot(TM) 64-Bit Server VM (24.80-b11) for linux-amd64 JRE (1.7.0_80-b15), built on Apr 10 2015 19:53:14 by "java_re" with gcc 4.3.0 20080428 (Red Hat 4.3.0-8)

time: Thu May  7 18:53:39 2015
elapsed time: 0 seconds

