#
# There is insufficient memory for the Java Runtime Environment to continue.
# pthread_getattr_np
# Possible reasons:
#   The system is out of physical RAM or swap space
#   In 32 bit mode, the process size limit was hit
# Possible solutions:
#   Reduce memory load on the system
#   Increase physical memory or swap space
#   Check if swap backing store is full
#   Use 64 bit Java on a 64 bit OS
#   Decrease Java heap size (-Xmx/-Xms)
#   Decrease number of Java threads
#   Decrease Java thread stack sizes (-Xss)
#   Set larger code cache with -XX:ReservedCodeCacheSize=
# This output file may be truncated or incomplete.
#
#  Out of Memory Error (os_linux_x86.cpp:718), pid=4590, tid=139641006692096
#
# JRE version:  (7.0_80-b15) (build )
# Java VM: Java HotSpot(TM) 64-Bit Server VM (24.80-b11 mixed mode linux-amd64 compressed oops)
# Failed to write core dump. Core dumps have been disabled. To enable core dumping, try "ulimit -c unlimited" before starting Java again
#

---------------  T H R E A D  ---------------

Current thread (0x00007f00c8137000):  JavaThread "Finalizer" daemon [_thread_new, id=4598, stack(0x0000000000000000,0x0000000000000000)]

Stack: [0x0000000000000000,0x0000000000000000],  sp=0x00007f00b4998a60,  free space=136368170594k
Native frames: (J=compiled Java code, j=interpreted, Vv=VM code, C=native code)
V  [libjvm.so+0x9a320a]
V  [libjvm.so+0x498d3b]
V  [libjvm.so+0x82770a]
V  [libjvm.so+0x827755]
V  [libjvm.so+0x955874]
V  [libjvm.so+0x95c034]
V  [libjvm.so+0x8238c8]


---------------  P R O C E S S  ---------------

Java Threads: ( => current thread )
=>0x00007f00c8137000 JavaThread "Finalizer" daemon [_thread_new, id=4598, stack(0x0000000000000000,0x0000000000000000)]
  0x00007f00c8135000 JavaThread "Reference Handler" daemon [_thread_blocked, id=4597, stack(0x00007f00b499a000,0x00007f00b4a9b000)]
  0x00007f00c8009800 JavaThread "main" [_thread_in_vm, id=4591, stack(0x00007f00cf888000,0x00007f00cf989000)]

Other Threads:
  0x00007f00c8130800 VMThread [stack: 0x00007f00b4a9b000,0x00007f00b4b9c000] [id=4596]

VM state:not at safepoint (normal execution)

VM Mutex/Monitor currently owned by a thread:  ([mutex/lock_event])
[0x00007f00c8006370] AdapterHandlerLibrary_lock - owner thread: 0x00007f00c8009800

Heap
 PSYoungGen      total 27648K, used 481K [0x00000000e1700000, 0x00000000e3580000, 0x0000000100000000)
  eden space 24064K, 2% used [0x00000000e1700000,0x00000000e1778570,0x00000000e2e80000)
  from space 3584K, 0% used [0x00000000e3200000,0x00000000e3200000,0x00000000e3580000)
  to   space 3584K, 0% used [0x00000000e2e80000,0x00000000e2e80000,0x00000000e3200000)
 ParOldGen       total 62464K, used 0K [0x00000000a4600000, 0x00000000a8300000, 0x00000000e1700000)
  object space 62464K, 0% used [0x00000000a4600000,0x00000000a4600000,0x00000000a8300000)
 PSPermGen       total 21504K, used 859K [0x000000009f400000, 0x00000000a0900000, 0x00000000a4600000)
  object space 21504K, 3% used [0x000000009f400000,0x000000009f4d6f68,0x00000000a0900000)

Card table byte_map: [0x00007f00cc7f0000,0x00007f00ccaf7000] byte_map_base: 0x00007f00cc2f6000

Polling page: 0x00007f00cf9e5000

Code Cache  [0x00007f00c5000000, 0x00007f00c5270000, 0x00007f00c8000000)
 total_blobs=74 nmethods=0 adapters=51 free_code_cache=48819Kb largest_free_block=49990272

Compilation events (0 events):
No events

GC Heap History (0 events):
No events

Deoptimization events (0 events):
No events

Internal exceptions (0 events):
No events

Events (10 events):
Event: 0.020 Thread 0x00007f00c8135000 Thread added: 0x00007f00c8135000
Event: 0.021 loading class 0x00007f00cc19ae00
Event: 0.021 loading class 0x00007f00cc19ae00 done
Event: 0.021 loading class 0x00007f00cc1b1ff0
Event: 0.021 loading class 0x00007f00cc1b1ff0 done
Event: 0.021 loading class 0x00007f00cc1b1fc0
Event: 0.021 loading class 0x00007f00cc1b1fc0 done
Event: 0.021 loading class 0x00007f00cc19b5e0
Event: 0.021 loading class 0x00007f00cc19b5e0 done
Event: 0.021 Thread 0x00007f00c8137000 Thread added: 0x00007f00c8137000


Dynamic libraries:
00400000-00401000 r-xp 00000000 08:08 33603                              /usr/lib/jvm/java-7-oracle/jre/bin/java
00600000-00601000 rw-p 00000000 08:08 33603                              /usr/lib/jvm/java-7-oracle/jre/bin/java
00847000-0086b000 rw-p 00000000 00:00 0                                  [heap]
9f400000-a0900000 rw-p 00000000 00:00 0 
a0900000-a4600000 rw-p 00000000 00:00 0 
a4600000-a8300000 rw-p 00000000 00:00 0 
a8300000-e1700000 rw-p 00000000 00:00 0 
e1700000-e3580000 rw-p 00000000 00:00 0 
e3580000-100000000 rw-p 00000000 00:00 0 
7f00a8000000-7f00a8021000 rw-p 00000000 00:00 0 
7f00a8021000-7f00ac000000 ---p 00000000 00:00 0 
7f00ac000000-7f00ac021000 rw-p 00000000 00:00 0 
7f00ac021000-7f00b0000000 ---p 00000000 00:00 0 
7f00b0000000-7f00b0021000 rw-p 00000000 00:00 0 
7f00b0021000-7f00b4000000 ---p 00000000 00:00 0 
7f00b4357000-7f00b4899000 r--p 00000000 08:08 1056158                    /usr/lib/locale/locale-archive
7f00b4899000-7f00b499a000 rw-p 00000000 00:00 0                          [stack:4598]
7f00b499a000-7f00b499d000 ---p 00000000 00:00 0 
7f00b499d000-7f00b4a9b000 rw-p 00000000 00:00 0                          [stack:4597]
7f00b4a9b000-7f00b4a9c000 ---p 00000000 00:00 0 
7f00b4a9c000-7f00b8000000 rw-p 00000000 00:00 0                          [stack:4596]
7f00b8000000-7f00b8021000 rw-p 00000000 00:00 0 
7f00b8021000-7f00bc000000 ---p 00000000 00:00 0 
7f00bc000000-7f00bc021000 rw-p 00000000 00:00 0 
7f00bc021000-7f00c0000000 ---p 00000000 00:00 0 
7f00c0000000-7f00c0021000 rw-p 00000000 00:00 0 
7f00c0021000-7f00c4000000 ---p 00000000 00:00 0 
7f00c402f000-7f00c4b3a000 rw-p 00000000 00:00 0 
7f00c4b3a000-7f00c4cfa000 r--s 039fb000 08:08 33736                      /usr/lib/jvm/java-7-oracle/jre/lib/rt.jar
7f00c4cfa000-7f00c5000000 rw-p 00000000 00:00 0 
7f00c5000000-7f00c5270000 rwxp 00000000 00:00 0 
7f00c5270000-7f00c813b000 rw-p 00000000 00:00 0 
7f00c813b000-7f00cc000000 ---p 00000000 00:00 0 
7f00cc0c8000-7f00cc203000 rw-p 00000000 00:00 0 
7f00cc203000-7f00cc204000 ---p 00000000 00:00 0 
7f00cc204000-7f00cc304000 rw-p 00000000 00:00 0                          [stack:4595]
7f00cc304000-7f00cc305000 ---p 00000000 00:00 0 
7f00cc305000-7f00cc405000 rw-p 00000000 00:00 0                          [stack:4594]
7f00cc405000-7f00cc406000 ---p 00000000 00:00 0 
7f00cc406000-7f00cc506000 rw-p 00000000 00:00 0                          [stack:4593]
7f00cc506000-7f00cc507000 ---p 00000000 00:00 0 
7f00cc507000-7f00cc626000 rw-p 00000000 00:00 0                          [stack:4592]
7f00cc626000-7f00cc7f0000 rw-p 00000000 00:00 0 
7f00cc7f0000-7f00cc7fb000 rw-p 00000000 00:00 0 
7f00cc7fb000-7f00cc819000 rw-p 00000000 00:00 0 
7f00cc819000-7f00cc838000 rw-p 00000000 00:00 0 
7f00cc838000-7f00cca01000 rw-p 00000000 00:00 0 
7f00cca01000-7f00cca11000 rw-p 00000000 00:00 0 
7f00cca11000-7f00ccaf6000 rw-p 00000000 00:00 0 
7f00ccaf6000-7f00ccb01000 rw-p 00000000 00:00 0 
7f00ccb01000-7f00ccbb7000 rw-p 00000000 00:00 0 
7f00ccbb7000-7f00ccbce000 r-xp 00000000 08:08 33652                      /usr/lib/jvm/java-7-oracle/jre/lib/amd64/libzip.so
7f00ccbce000-7f00ccdce000 ---p 00017000 08:08 33652                      /usr/lib/jvm/java-7-oracle/jre/lib/amd64/libzip.so
7f00ccdce000-7f00ccdcf000 rw-p 00017000 08:08 33652                      /usr/lib/jvm/java-7-oracle/jre/lib/amd64/libzip.so
7f00ccdcf000-7f00ccdda000 r-xp 00000000 08:08 919518                     /lib/x86_64-linux-gnu/libnss_files-2.19.so
7f00ccdda000-7f00ccfd9000 ---p 0000b000 08:08 919518                     /lib/x86_64-linux-gnu/libnss_files-2.19.so
7f00ccfd9000-7f00ccfda000 r--p 0000a000 08:08 919518                     /lib/x86_64-linux-gnu/libnss_files-2.19.so
7f00ccfda000-7f00ccfdb000 rw-p 0000b000 08:08 919518                     /lib/x86_64-linux-gnu/libnss_files-2.19.so
7f00ccfdb000-7f00ccfe6000 r-xp 00000000 08:08 919538                     /lib/x86_64-linux-gnu/libnss_nis-2.19.so
7f00ccfe6000-7f00cd1e5000 ---p 0000b000 08:08 919538                     /lib/x86_64-linux-gnu/libnss_nis-2.19.so
7f00cd1e5000-7f00cd1e6000 r--p 0000a000 08:08 919538                     /lib/x86_64-linux-gnu/libnss_nis-2.19.so
7f00cd1e6000-7f00cd1e7000 rw-p 0000b000 08:08 919538                     /lib/x86_64-linux-gnu/libnss_nis-2.19.so
7f00cd1e7000-7f00cd1fe000 r-xp 00000000 08:08 919527                     /lib/x86_64-linux-gnu/libnsl-2.19.so
7f00cd1fe000-7f00cd3fd000 ---p 00017000 08:08 919527                     /lib/x86_64-linux-gnu/libnsl-2.19.so
7f00cd3fd000-7f00cd3fe000 r--p 00016000 08:08 919527                     /lib/x86_64-linux-gnu/libnsl-2.19.so
7f00cd3fe000-7f00cd3ff000 rw-p 00017000 08:08 919527                     /lib/x86_64-linux-gnu/libnsl-2.19.so
7f00cd3ff000-7f00cd401000 rw-p 00000000 00:00 0 
7f00cd401000-7f00cd40a000 r-xp 00000000 08:08 919526                     /lib/x86_64-linux-gnu/libnss_compat-2.19.so
7f00cd40a000-7f00cd609000 ---p 00009000 08:08 919526                     /lib/x86_64-linux-gnu/libnss_compat-2.19.so
7f00cd609000-7f00cd60a000 r--p 00008000 08:08 919526                     /lib/x86_64-linux-gnu/libnss_compat-2.19.so
7f00cd60a000-7f00cd60b000 rw-p 00009000 08:08 919526                     /lib/x86_64-linux-gnu/libnss_compat-2.19.so
7f00cd60b000-7f00cd634000 r-xp 00000000 08:08 33649                      /usr/lib/jvm/java-7-oracle/jre/lib/amd64/libjava.so
7f00cd634000-7f00cd834000 ---p 00029000 08:08 33649                      /usr/lib/jvm/java-7-oracle/jre/lib/amd64/libjava.so
7f00cd834000-7f00cd836000 rw-p 00029000 08:08 33649                      /usr/lib/jvm/java-7-oracle/jre/lib/amd64/libjava.so
7f00cd836000-7f00cd843000 r-xp 00000000 08:08 33675                      /usr/lib/jvm/java-7-oracle/jre/lib/amd64/libverify.so
7f00cd843000-7f00cda42000 ---p 0000d000 08:08 33675                      /usr/lib/jvm/java-7-oracle/jre/lib/amd64/libverify.so
7f00cda42000-7f00cda44000 rw-p 0000c000 08:08 33675                      /usr/lib/jvm/java-7-oracle/jre/lib/amd64/libverify.so
7f00cda44000-7f00cda4b000 r-xp 00000000 08:08 919535                     /lib/x86_64-linux-gnu/librt-2.19.so
7f00cda4b000-7f00cdc4a000 ---p 00007000 08:08 919535                     /lib/x86_64-linux-gnu/librt-2.19.so
7f00cdc4a000-7f00cdc4b000 r--p 00006000 08:08 919535                     /lib/x86_64-linux-gnu/librt-2.19.so
7f00cdc4b000-7f00cdc4c000 rw-p 00007000 08:08 919535                     /lib/x86_64-linux-gnu/librt-2.19.so
7f00cdc4c000-7f00cdd51000 r-xp 00000000 08:08 919517                     /lib/x86_64-linux-gnu/libm-2.19.so
7f00cdd51000-7f00cdf50000 ---p 00105000 08:08 919517                     /lib/x86_64-linux-gnu/libm-2.19.so
7f00cdf50000-7f00cdf51000 r--p 00104000 08:08 919517                     /lib/x86_64-linux-gnu/libm-2.19.so
7f00cdf51000-7f00cdf52000 rw-p 00105000 08:08 919517                     /lib/x86_64-linux-gnu/libm-2.19.so
7f00cdf52000-7f00ceac8000 r-xp 00000000 08:08 33640                      /usr/lib/jvm/java-7-oracle/jre/lib/amd64/server/libjvm.so
7f00ceac8000-7f00cecc7000 ---p 00b76000 08:08 33640                      /usr/lib/jvm/java-7-oracle/jre/lib/amd64/server/libjvm.so
7f00cecc7000-7f00ced8b000 rw-p 00b75000 08:08 33640                      /usr/lib/jvm/java-7-oracle/jre/lib/amd64/server/libjvm.so
7f00ced8b000-7f00cedcc000 rw-p 00000000 00:00 0 
7f00cedcc000-7f00cef87000 r-xp 00000000 08:08 919532                     /lib/x86_64-linux-gnu/libc-2.19.so
7f00cef87000-7f00cf186000 ---p 001bb000 08:08 919532                     /lib/x86_64-linux-gnu/libc-2.19.so
7f00cf186000-7f00cf18a000 r--p 001ba000 08:08 919532                     /lib/x86_64-linux-gnu/libc-2.19.so
7f00cf18a000-7f00cf18c000 rw-p 001be000 08:08 919532                     /lib/x86_64-linux-gnu/libc-2.19.so
7f00cf18c000-7f00cf191000 rw-p 00000000 00:00 0 
7f00cf191000-7f00cf194000 r-xp 00000000 08:08 919521                     /lib/x86_64-linux-gnu/libdl-2.19.so
7f00cf194000-7f00cf393000 ---p 00003000 08:08 919521                     /lib/x86_64-linux-gnu/libdl-2.19.so
7f00cf393000-7f00cf394000 r--p 00002000 08:08 919521                     /lib/x86_64-linux-gnu/libdl-2.19.so
7f00cf394000-7f00cf395000 rw-p 00003000 08:08 919521                     /lib/x86_64-linux-gnu/libdl-2.19.so
7f00cf395000-7f00cf3aa000 r-xp 00000000 08:08 33680                      /usr/lib/jvm/java-7-oracle/jre/lib/amd64/jli/libjli.so
7f00cf3aa000-7f00cf5a9000 ---p 00015000 08:08 33680                      /usr/lib/jvm/java-7-oracle/jre/lib/amd64/jli/libjli.so
7f00cf5a9000-7f00cf5aa000 rw-p 00014000 08:08 33680                      /usr/lib/jvm/java-7-oracle/jre/lib/amd64/jli/libjli.so
7f00cf5aa000-7f00cf5c3000 r-xp 00000000 08:08 919533                     /lib/x86_64-linux-gnu/libpthread-2.19.so
7f00cf5c3000-7f00cf7c2000 ---p 00019000 08:08 919533                     /lib/x86_64-linux-gnu/libpthread-2.19.so
7f00cf7c2000-7f00cf7c3000 r--p 00018000 08:08 919533                     /lib/x86_64-linux-gnu/libpthread-2.19.so
7f00cf7c3000-7f00cf7c4000 rw-p 00019000 08:08 919533                     /lib/x86_64-linux-gnu/libpthread-2.19.so
7f00cf7c4000-7f00cf7c8000 rw-p 00000000 00:00 0 
7f00cf7c8000-7f00cf7eb000 r-xp 00000000 08:08 919529                     /lib/x86_64-linux-gnu/ld-2.19.so
7f00cf7eb000-7f00cf7f6000 rw-p 00000000 00:00 0 
7f00cf7f6000-7f00cf814000 rw-p 00000000 00:00 0 
7f00cf814000-7f00cf888000 rw-p 00000000 00:00 0 
7f00cf888000-7f00cf88b000 ---p 00000000 00:00 0 
7f00cf88b000-7f00cf9c7000 rw-p 00000000 00:00 0                          [stack:4591]
7f00cf9dc000-7f00cf9e4000 rw-s 00000000 08:08 176985                     /tmp/hsperfdata_diego/4590
7f00cf9e4000-7f00cf9e5000 rw-p 00000000 00:00 0 
7f00cf9e5000-7f00cf9e6000 r--p 00000000 00:00 0 
7f00cf9e6000-7f00cf9e8000 rw-p 00000000 00:00 0 
7f00cf9e8000-7f00cf9ea000 r-xp 00000000 00:00 0                          [vdso]
7f00cf9ea000-7f00cf9eb000 r--p 00022000 08:08 919529                     /lib/x86_64-linux-gnu/ld-2.19.so
7f00cf9eb000-7f00cf9ec000 rw-p 00023000 08:08 919529                     /lib/x86_64-linux-gnu/ld-2.19.so
7f00cf9ec000-7f00cf9ed000 rw-p 00000000 00:00 0 
7ffd143c8000-7ffd14423000 rw-p 00000000 00:00 0                          [stack]
ffffffffff600000-ffffffffff601000 r-xp 00000000 00:00 0                  [vsyscall]

VM Arguments:
java_command: /home/diego/didfail/dare-1.1.0-linux/soot/jasminclasses-2.5.0.jar -d /home/diego/didfail/toyapps/out/dare/SendSMS/retargeted/SendSMS /home/diego/didfail/toyapps/out/dare/SendSMS/retargeted/SendSMS/android.support.v4.accessibilityservice.AccessibilityServiceInfoCompat$AccessibilityServiceInfoVersionImpl.jasmin /home/diego/didfail/toyapps/out/dare/SendSMS/retargeted/SendSMS/android.support.v4.app.ActionBarDrawerToggleHoneycomb.jasmin /home/diego/didfail/toyapps/out/dare/SendSMS/retargeted/SendSMS/android.support.v4.view.accessibility.AccessibilityRecordCompat$AccessibilityRecordImpl.jasmin /home/diego/didfail/toyapps/out/dare/SendSMS/retargeted/SendSMS/android.support.v4.view.accessibility.AccessibilityRecordCompat$AccessibilityRecordStubImpl.jasmin /home/diego/didfail/toyapps/out/dare/SendSMS/retargeted/SendSMS/android.support.v4.view.accessibility.AccessibilityRecordCompat$AccessibilityRecordIcsImpl.jasmin /home/diego/didfail/toyapps/out/dare/SendSMS/retargeted/SendSMS/android.support.v4.view.accessibility.AccessibilityRecordCompat$AccessibilityRecordIcsMr1Impl.jasmin /home/diego/didfail/toyapps/out/dare/SendSMS/retargeted/SendSMS/android.support.v4.view.accessibility.AccessibilityRecordCompat$AccessibilityRecordJellyBeanImpl.jasmin /home/diego/didfail/toyapps/out/dare/SendSMS/retargeted/SendSMS/android.support.v4.app.FragmentTabHost$SavedState$1.jasmin /home/diego/didfail/toyapps/out/dare/SendSMS/retargeted/SendSMS/android.support.v4.app.BackStackRecord$Op.jasmin /home/diego/didfail/toyapps/out/dare/SendSMS/retargeted/SendSMS/android.support.v4.view.MenuItemCompat$OnActionExpandListener.jasmin /home/diego/didfail/toyapps/out/dare/SendSMS/retargeted/SendSMS/android.support.v4.app.FragmentTabHost$SavedState.jasmin /home/diego/didfail/toyapps/out/dare/SendSMS/retargeted/SendSMS/android.support.v4.content.LocalBroadcastManager$ReceiverRecord.jasmin /home/diego/didfail/toyapps/out/dare/SendSMS/retargeted/SendSMS/android.support.v4.view.KeyEventCompat.jas
Launcher Type: SUN_STANDARD

Environment Variables:
PATH=/usr/local/sbin:/usr/local/bin:/usr/sbin:/usr/bin:/sbin:/bin:/usr/games:/usr/local/games
SHELL=/bin/bash
DISPLAY=:0

Signal Handlers:
SIGSEGV: [libjvm.so+0x9a3b20], sa_mask[0]=0x7ffbfeff, sa_flags=0x10000004
SIGBUS: [libjvm.so+0x9a3b20], sa_mask[0]=0x7ffbfeff, sa_flags=0x10000004
SIGFPE: [libjvm.so+0x81e740], sa_mask[0]=0x7ffbfeff, sa_flags=0x10000004
SIGPIPE: [libjvm.so+0x81e740], sa_mask[0]=0x7ffbfeff, sa_flags=0x10000004
SIGXFSZ: [libjvm.so+0x81e740], sa_mask[0]=0x7ffbfeff, sa_flags=0x10000004
SIGILL: [libjvm.so+0x81e740], sa_mask[0]=0x7ffbfeff, sa_flags=0x10000004
SIGUSR1: SIG_DFL, sa_mask[0]=0x00000000, sa_flags=0x00000000
SIGUSR2: [libjvm.so+0x81ffb0], sa_mask[0]=0x00000000, sa_flags=0x10000004
SIGHUP: SIG_DFL, sa_mask[0]=0x00000000, sa_flags=0x00000000
SIGINT: SIG_DFL, sa_mask[0]=0x00000000, sa_flags=0x00000000
SIGTERM: SIG_DFL, sa_mask[0]=0x00000000, sa_flags=0x00000000
SIGQUIT: SIG_DFL, sa_mask[0]=0x00000000, sa_flags=0x00000000


---------------  S Y S T E M  ---------------

OS:jessie/sid

uname:Linux 3.13.0-51-generic #84-Ubuntu SMP Wed Apr 15 12:08:34 UTC 2015 x86_64
libc:glibc 2.19 NPTL 2.19 
rlimit: STACK 8192k, CORE 0k, NPROC 46406, NOFILE 4096, AS 2250000k
load average:2,30 0,78 0,36

/proc/meminfo:
MemTotal:        6004492 kB
MemFree:         3744112 kB
Buffers:          111248 kB
Cached:          1026344 kB
SwapCached:            0 kB
Active:          1249632 kB
Inactive:         788168 kB
Active(anon):     904500 kB
Inactive(anon):   152204 kB
Active(file):     345132 kB
Inactive(file):   635964 kB
Unevictable:          64 kB
Mlocked:              64 kB
SwapTotal:       1973244 kB
SwapFree:        1973244 kB
Dirty:              4452 kB
Writeback:             0 kB
AnonPages:        900484 kB
Mapped:           374640 kB
Shmem:            156496 kB
Slab:             100780 kB
SReclaimable:      66680 kB
SUnreclaim:        34100 kB
KernelStack:        4184 kB
PageTables:        43396 kB
NFS_Unstable:          0 kB
Bounce:                0 kB
WritebackTmp:          0 kB
CommitLimit:     4975488 kB
Committed_AS:    4035116 kB
VmallocTotal:   34359738367 kB
VmallocUsed:      354368 kB
VmallocChunk:   34359376860 kB
HardwareCorrupted:     0 kB
AnonHugePages:    278528 kB
HugePages_Total:       0
HugePages_Free:        0
HugePages_Rsvd:        0
HugePages_Surp:        0
Hugepagesize:       2048 kB
DirectMap4k:       72272 kB
DirectMap2M:     6111232 kB


CPU:total 4 (2 cores per cpu, 2 threads per core) family 6 model 58 stepping 9, cmov, cx8, fxsr, mmx, sse, sse2, sse3, ssse3, sse4.1, sse4.2, popcnt, avx, aes, erms, ht, tsc, tscinvbit, tscinv

/proc/cpuinfo:
processor	: 0
vendor_id	: GenuineIntel
cpu family	: 6
model		: 58
model name	: Intel(R) Core(TM) i7-3517U CPU @ 1.90GHz
stepping	: 9
microcode	: 0x13
cpu MHz		: 768.000
cache size	: 4096 KB
physical id	: 0
siblings	: 4
core id		: 0
cpu cores	: 2
apicid		: 0
initial apicid	: 0
fpu		: yes
fpu_exception	: yes
cpuid level	: 13
wp		: yes
flags		: fpu vme de pse tsc msr pae mce cx8 apic sep mtrr pge mca cmov pat pse36 clflush dts acpi mmx fxsr sse sse2 ss ht tm pbe syscall nx rdtscp lm constant_tsc arch_perfmon pebs bts rep_good nopl xtopology nonstop_tsc aperfmperf eagerfpu pni pclmulqdq dtes64 monitor ds_cpl vmx est tm2 ssse3 cx16 xtpr pdcm pcid sse4_1 sse4_2 x2apic popcnt tsc_deadline_timer aes xsave avx f16c rdrand lahf_lm ida arat epb xsaveopt pln pts dtherm tpr_shadow vnmi flexpriority ept vpid fsgsbase smep erms
bogomips	: 4789.11
clflush size	: 64
cache_alignment	: 64
address sizes	: 36 bits physical, 48 bits virtual
power management:

processor	: 1
vendor_id	: GenuineIntel
cpu family	: 6
model		: 58
model name	: Intel(R) Core(TM) i7-3517U CPU @ 1.90GHz
stepping	: 9
microcode	: 0x13
cpu MHz		: 1400.000
cache size	: 4096 KB
physical id	: 0
siblings	: 4
core id		: 1
cpu cores	: 2
apicid		: 2
initial apicid	: 2
fpu		: yes
fpu_exception	: yes
cpuid level	: 13
wp		: yes
flags		: fpu vme de pse tsc msr pae mce cx8 apic sep mtrr pge mca cmov pat pse36 clflush dts acpi mmx fxsr sse sse2 ss ht tm pbe syscall nx rdtscp lm constant_tsc arch_perfmon pebs bts rep_good nopl xtopology nonstop_tsc aperfmperf eagerfpu pni pclmulqdq dtes64 monitor ds_cpl vmx est tm2 ssse3 cx16 xtpr pdcm pcid sse4_1 sse4_2 x2apic popcnt tsc_deadline_timer aes xsave avx f16c rdrand lahf_lm ida arat epb xsaveopt pln pts dtherm tpr_shadow vnmi flexpriority ept vpid fsgsbase smep erms
bogomips	: 4789.11
clflush size	: 64
cache_alignment	: 64
address sizes	: 36 bits physical, 48 bits virtual
power management:

processor	: 2
vendor_id	: GenuineIntel
cpu family	: 6
model		: 58
model name	: Intel(R) Core(TM) i7-3517U CPU @ 1.90GHz
stepping	: 9
microcode	: 0x13
cpu MHz		: 768.000
cache size	: 4096 KB
physical id	: 0
siblings	: 4
core id		: 0
cpu cores	: 2
apicid		: 1
initial apicid	: 1
fpu		: yes
fpu_exception	: yes
cpuid level	: 13
wp		: yes
flags		: fpu vme de pse tsc msr pae mce cx8 apic sep mtrr pge mca cmov pat pse36 clflush dts acpi mmx fxsr sse sse2 ss ht tm pbe syscall nx rdtscp lm constant_tsc arch_perfmon pebs bts rep_good nopl xtopology nonstop_tsc aperfmperf eagerfpu pni pclmulqdq dtes64 monitor ds_cpl vmx est tm2 ssse3 cx16 xtpr pdcm pcid sse4_1 sse4_2 x2apic popcnt tsc_deadline_timer aes xsave avx f16c rdrand lahf_lm ida arat epb xsaveopt pln pts dtherm tpr_shadow vnmi flexpriority ept vpid fsgsbase smep erms
bogomips	: 4789.11
clflush size	: 64
cache_alignment	: 64
address sizes	: 36 bits physical, 48 bits virtual
power management:

processor	: 3
vendor_id	: GenuineIntel
cpu family	: 6
model		: 58
model name	: Intel(R) Core(TM) i7-3517U CPU @ 1.90GHz
stepping	: 9
microcode	: 0x13
cpu MHz		: 1900.000
cache size	: 4096 KB
physical id	: 0
siblings	: 4
core id		: 1
cpu cores	: 2
apicid		: 3
initial apicid	: 3
fpu		: yes
fpu_exception	: yes
cpuid level	: 13
wp		: yes
flags		: fpu vme de pse tsc msr pae mce cx8 apic sep mtrr pge mca cmov pat pse36 clflush dts acpi mmx fxsr sse sse2 ss ht tm pbe syscall nx rdtscp lm constant_tsc arch_perfmon pebs bts rep_good nopl xtopology nonstop_tsc aperfmperf eagerfpu pni pclmulqdq dtes64 monitor ds_cpl vmx est tm2 ssse3 cx16 xtpr pdcm pcid sse4_1 sse4_2 x2apic popcnt tsc_deadline_timer aes xsave avx f16c rdrand lahf_lm ida arat epb xsaveopt pln pts dtherm tpr_shadow vnmi flexpriority ept vpid fsgsbase smep erms
bogomips	: 4789.11
clflush size	: 64
cache_alignment	: 64
address sizes	: 36 bits physical, 48 bits virtual
power management:



Memory: 4k page, physical 6004492k(3744112k free), swap 1973244k(1973244k free)

vm_info: Java HotSpot(TM) 64-Bit Server VM (24.80-b11) for linux-amd64 JRE (1.7.0_80-b15), built on Apr 10 2015 19:53:14 by "java_re" with gcc 4.3.0 20080428 (Red Hat 4.3.0-8)

time: Thu May  7 18:15:51 2015
elapsed time: 0 seconds

