#
# There is insufficient memory for the Java Runtime Environment to continue.
# pthread_getattr_np
# Possible reasons:
#   The system is out of physical RAM or swap space
#   In 32 bit mode, the process size limit was hit
# Possible solutions:
#   Reduce memory load on the system
#   Increase physical memory or swap space
#   Check if swap backing store is full
#   Use 64 bit Java on a 64 bit OS
#   Decrease Java heap size (-Xmx/-Xms)
#   Decrease number of Java threads
#   Decrease Java thread stack sizes (-Xss)
#   Set larger code cache with -XX:ReservedCodeCacheSize=
# This output file may be truncated or incomplete.
#
#  Out of Memory Error (os_linux_x86.cpp:718), pid=8545, tid=140151506978560
#
# JRE version:  (7.0_80-b15) (build )
# Java VM: Java HotSpot(TM) 64-Bit Server VM (24.80-b11 mixed mode linux-amd64 compressed oops)
# Failed to write core dump. Core dumps have been disabled. To enable core dumping, try "ulimit -c unlimited" before starting Java again
#

---------------  T H R E A D  ---------------

Current thread (0x00007f779c170000):  JavaThread "Finalizer" daemon [_thread_new, id=8553, stack(0x0000000000000000,0x0000000000000000)]

Stack: [0x0000000000000000,0x0000000000000000],  sp=0x00007f7790c9b6e0,  free space=136866706029k
Native frames: (J=compiled Java code, j=interpreted, Vv=VM code, C=native code)
V  [libjvm.so+0x9a320a]
V  [libjvm.so+0x498d3b]
V  [libjvm.so+0x82770a]
V  [libjvm.so+0x827755]
V  [libjvm.so+0x955874]
V  [libjvm.so+0x95c034]
V  [libjvm.so+0x8238c8]


---------------  P R O C E S S  ---------------

Java Threads: ( => current thread )
=>0x00007f779c170000 JavaThread "Finalizer" daemon [_thread_new, id=8553, stack(0x0000000000000000,0x0000000000000000)]
  0x00007f779c16e000 JavaThread "Reference Handler" daemon [_thread_blocked, id=8552, stack(0x00007f7790c9d000,0x00007f7790d9e000)]
  0x00007f779c043000 JavaThread "main" [_thread_in_vm, id=8546, stack(0x00007f77a3b54000,0x00007f77a3c55000)]

Other Threads:
  0x00007f779c169800 VMThread [stack: 0x00007f7790d9e000,0x00007f7790e9f000] [id=8551]

VM state:not at safepoint (normal execution)

VM Mutex/Monitor currently owned by a thread: None

Heap
 PSYoungGen      total 27648K, used 481K [0x00000000e1700000, 0x00000000e3580000, 0x0000000100000000)
  eden space 24064K, 2% used [0x00000000e1700000,0x00000000e1778570,0x00000000e2e80000)
  from space 3584K, 0% used [0x00000000e3200000,0x00000000e3200000,0x00000000e3580000)
  to   space 3584K, 0% used [0x00000000e2e80000,0x00000000e2e80000,0x00000000e3200000)
 ParOldGen       total 62464K, used 0K [0x00000000a4600000, 0x00000000a8300000, 0x00000000e1700000)
  object space 62464K, 0% used [0x00000000a4600000,0x00000000a4600000,0x00000000a8300000)
 PSPermGen       total 21504K, used 870K [0x000000009f400000, 0x00000000a0900000, 0x00000000a4600000)
  object space 21504K, 4% used [0x000000009f400000,0x000000009f4d9a38,0x00000000a0900000)

Card table byte_map: [0x00007f77a0b40000,0x00007f77a0e47000] byte_map_base: 0x00007f77a0646000

Polling page: 0x00007f77a3c77000

Code Cache  [0x00007f7799000000, 0x00007f7799270000, 0x00007f779c000000)
 total_blobs=74 nmethods=0 adapters=51 free_code_cache=48819Kb largest_free_block=49990272

Compilation events (0 events):
No events

GC Heap History (0 events):
No events

Deoptimization events (0 events):
No events

Internal exceptions (0 events):
No events

Events (10 events):
Event: 0,019 Thread 0x00007f779c16e000 Thread added: 0x00007f779c16e000
Event: 0,019 loading class 0x00007f77a01bbe00
Event: 0,019 loading class 0x00007f77a01bbe00 done
Event: 0,019 loading class 0x00007f77a01d2ff0
Event: 0,019 loading class 0x00007f77a01d2ff0 done
Event: 0,019 loading class 0x00007f77a01d2fc0
Event: 0,019 loading class 0x00007f77a01d2fc0 done
Event: 0,019 loading class 0x00007f77a01bc5e0
Event: 0,019 loading class 0x00007f77a01bc5e0 done
Event: 0,020 Thread 0x00007f779c170000 Thread added: 0x00007f779c170000


Dynamic libraries:
00400000-00401000 r-xp 00000000 08:08 33603                              /usr/lib/jvm/java-7-oracle/jre/bin/java
00600000-00601000 rw-p 00000000 08:08 33603                              /usr/lib/jvm/java-7-oracle/jre/bin/java
0157d000-015c0000 rw-p 00000000 00:00 0                                  [heap]
9f400000-a0900000 rw-p 00000000 00:00 0 
a0900000-a4600000 rw-p 00000000 00:00 0 
a4600000-a8300000 rw-p 00000000 00:00 0 
a8300000-e1700000 rw-p 00000000 00:00 0 
e1700000-e3580000 rw-p 00000000 00:00 0 
e3580000-100000000 rw-p 00000000 00:00 0 
7f777c000000-7f777c021000 rw-p 00000000 00:00 0 
7f777c021000-7f7780000000 ---p 00000000 00:00 0 
7f7780000000-7f7780021000 rw-p 00000000 00:00 0 
7f7780021000-7f7784000000 ---p 00000000 00:00 0 
7f7784000000-7f7784021000 rw-p 00000000 00:00 0 
7f7784021000-7f7788000000 ---p 00000000 00:00 0 
7f7788000000-7f7788021000 rw-p 00000000 00:00 0 
7f7788021000-7f778c000000 ---p 00000000 00:00 0 
7f778c000000-7f778c021000 rw-p 00000000 00:00 0 
7f778c021000-7f7790000000 ---p 00000000 00:00 0 
7f779065a000-7f7790b9c000 r--p 00000000 08:08 1056158                    /usr/lib/locale/locale-archive
7f7790b9c000-7f7790c9d000 rw-p 00000000 00:00 0                          [stack:8553]
7f7790c9d000-7f7790ca0000 ---p 00000000 00:00 0 
7f7790ca0000-7f7790d9e000 rw-p 00000000 00:00 0                          [stack:8552]
7f7790d9e000-7f7790d9f000 ---p 00000000 00:00 0 
7f7790d9f000-7f7794000000 rw-p 00000000 00:00 0                          [stack:8551]
7f7794000000-7f7794021000 rw-p 00000000 00:00 0 
7f7794021000-7f7798000000 ---p 00000000 00:00 0 
7f7798032000-7f7798e40000 rw-p 00000000 00:00 0 
7f7798e40000-7f7799000000 r--s 039fb000 08:08 33736                      /usr/lib/jvm/java-7-oracle/jre/lib/rt.jar
7f7799000000-7f7799270000 rwxp 00000000 00:00 0 
7f7799270000-7f779c177000 rw-p 00000000 00:00 0 
7f779c177000-7f77a0000000 ---p 00000000 00:00 0 
7f77a00e9000-7f77a052a000 rw-p 00000000 00:00 0 
7f77a052a000-7f77a052b000 ---p 00000000 00:00 0 
7f77a052b000-7f77a062b000 rw-p 00000000 00:00 0                          [stack:8550]
7f77a062b000-7f77a062c000 ---p 00000000 00:00 0 
7f77a062c000-7f77a072c000 rw-p 00000000 00:00 0                          [stack:8549]
7f77a072c000-7f77a072d000 ---p 00000000 00:00 0 
7f77a072d000-7f77a082d000 rw-p 00000000 00:00 0                          [stack:8548]
7f77a082d000-7f77a082e000 ---p 00000000 00:00 0 
7f77a082e000-7f77a0939000 rw-p 00000000 00:00 0                          [stack:8547]
7f77a0939000-7f77a0957000 rw-p 00000000 00:00 0 
7f77a0957000-7f77a0976000 rw-p 00000000 00:00 0 
7f77a0976000-7f77a0b40000 rw-p 00000000 00:00 0 
7f77a0b40000-7f77a0b4b000 rw-p 00000000 00:00 0 
7f77a0b4b000-7f77a0b69000 rw-p 00000000 00:00 0 
7f77a0b69000-7f77a0b88000 rw-p 00000000 00:00 0 
7f77a0b88000-7f77a0d51000 rw-p 00000000 00:00 0 
7f77a0d51000-7f77a0d61000 rw-p 00000000 00:00 0 
7f77a0d61000-7f77a0e46000 rw-p 00000000 00:00 0 
7f77a0e46000-7f77a0e47000 rw-p 00000000 00:00 0 
7f77a0e47000-7f77a0e5e000 r-xp 00000000 08:08 33652                      /usr/lib/jvm/java-7-oracle/jre/lib/amd64/libzip.so
7f77a0e5e000-7f77a105e000 ---p 00017000 08:08 33652                      /usr/lib/jvm/java-7-oracle/jre/lib/amd64/libzip.so
7f77a105e000-7f77a105f000 rw-p 00017000 08:08 33652                      /usr/lib/jvm/java-7-oracle/jre/lib/amd64/libzip.so
7f77a105f000-7f77a106a000 r-xp 00000000 08:08 919518                     /lib/x86_64-linux-gnu/libnss_files-2.19.so
7f77a106a000-7f77a1269000 ---p 0000b000 08:08 919518                     /lib/x86_64-linux-gnu/libnss_files-2.19.so
7f77a1269000-7f77a126a000 r--p 0000a000 08:08 919518                     /lib/x86_64-linux-gnu/libnss_files-2.19.so
7f77a126a000-7f77a126b000 rw-p 0000b000 08:08 919518                     /lib/x86_64-linux-gnu/libnss_files-2.19.so
7f77a126b000-7f77a1276000 r-xp 00000000 08:08 919538                     /lib/x86_64-linux-gnu/libnss_nis-2.19.so
7f77a1276000-7f77a1475000 ---p 0000b000 08:08 919538                     /lib/x86_64-linux-gnu/libnss_nis-2.19.so
7f77a1475000-7f77a1476000 r--p 0000a000 08:08 919538                     /lib/x86_64-linux-gnu/libnss_nis-2.19.so
7f77a1476000-7f77a1477000 rw-p 0000b000 08:08 919538                     /lib/x86_64-linux-gnu/libnss_nis-2.19.so
7f77a1477000-7f77a148e000 r-xp 00000000 08:08 919527                     /lib/x86_64-linux-gnu/libnsl-2.19.so
7f77a148e000-7f77a168d000 ---p 00017000 08:08 919527                     /lib/x86_64-linux-gnu/libnsl-2.19.so
7f77a168d000-7f77a168e000 r--p 00016000 08:08 919527                     /lib/x86_64-linux-gnu/libnsl-2.19.so
7f77a168e000-7f77a168f000 rw-p 00017000 08:08 919527                     /lib/x86_64-linux-gnu/libnsl-2.19.so
7f77a168f000-7f77a1691000 rw-p 00000000 00:00 0 
7f77a1691000-7f77a169a000 r-xp 00000000 08:08 919526                     /lib/x86_64-linux-gnu/libnss_compat-2.19.so
7f77a169a000-7f77a1899000 ---p 00009000 08:08 919526                     /lib/x86_64-linux-gnu/libnss_compat-2.19.so
7f77a1899000-7f77a189a000 r--p 00008000 08:08 919526                     /lib/x86_64-linux-gnu/libnss_compat-2.19.so
7f77a189a000-7f77a189b000 rw-p 00009000 08:08 919526                     /lib/x86_64-linux-gnu/libnss_compat-2.19.so
7f77a189b000-7f77a18c4000 r-xp 00000000 08:08 33649                      /usr/lib/jvm/java-7-oracle/jre/lib/amd64/libjava.so
7f77a18c4000-7f77a1ac4000 ---p 00029000 08:08 33649                      /usr/lib/jvm/java-7-oracle/jre/lib/amd64/libjava.so
7f77a1ac4000-7f77a1ac6000 rw-p 00029000 08:08 33649                      /usr/lib/jvm/java-7-oracle/jre/lib/amd64/libjava.so
7f77a1ac6000-7f77a1ad3000 r-xp 00000000 08:08 33675                      /usr/lib/jvm/java-7-oracle/jre/lib/amd64/libverify.so
7f77a1ad3000-7f77a1cd2000 ---p 0000d000 08:08 33675                      /usr/lib/jvm/java-7-oracle/jre/lib/amd64/libverify.so
7f77a1cd2000-7f77a1cd4000 rw-p 0000c000 08:08 33675                      /usr/lib/jvm/java-7-oracle/jre/lib/amd64/libverify.so
7f77a1cd4000-7f77a1cdb000 r-xp 00000000 08:08 919535                     /lib/x86_64-linux-gnu/librt-2.19.so
7f77a1cdb000-7f77a1eda000 ---p 00007000 08:08 919535                     /lib/x86_64-linux-gnu/librt-2.19.so
7f77a1eda000-7f77a1edb000 r--p 00006000 08:08 919535                     /lib/x86_64-linux-gnu/librt-2.19.so
7f77a1edb000-7f77a1edc000 rw-p 00007000 08:08 919535                     /lib/x86_64-linux-gnu/librt-2.19.so
7f77a1edc000-7f77a1fe1000 r-xp 00000000 08:08 919517                     /lib/x86_64-linux-gnu/libm-2.19.so
7f77a1fe1000-7f77a21e0000 ---p 00105000 08:08 919517                     /lib/x86_64-linux-gnu/libm-2.19.so
7f77a21e0000-7f77a21e1000 r--p 00104000 08:08 919517                     /lib/x86_64-linux-gnu/libm-2.19.so
7f77a21e1000-7f77a21e2000 rw-p 00105000 08:08 919517                     /lib/x86_64-linux-gnu/libm-2.19.so
7f77a21e2000-7f77a2d58000 r-xp 00000000 08:08 33640                      /usr/lib/jvm/java-7-oracle/jre/lib/amd64/server/libjvm.so
7f77a2d58000-7f77a2f57000 ---p 00b76000 08:08 33640                      /usr/lib/jvm/java-7-oracle/jre/lib/amd64/server/libjvm.so
7f77a2f57000-7f77a301b000 rw-p 00b75000 08:08 33640                      /usr/lib/jvm/java-7-oracle/jre/lib/amd64/server/libjvm.so
7f77a301b000-7f77a305c000 rw-p 00000000 00:00 0 
7f77a305c000-7f77a3217000 r-xp 00000000 08:08 919532                     /lib/x86_64-linux-gnu/libc-2.19.so
7f77a3217000-7f77a3416000 ---p 001bb000 08:08 919532                     /lib/x86_64-linux-gnu/libc-2.19.so
7f77a3416000-7f77a341a000 r--p 001ba000 08:08 919532                     /lib/x86_64-linux-gnu/libc-2.19.so
7f77a341a000-7f77a341c000 rw-p 001be000 08:08 919532                     /lib/x86_64-linux-gnu/libc-2.19.so
7f77a341c000-7f77a3421000 rw-p 00000000 00:00 0 
7f77a3421000-7f77a3424000 r-xp 00000000 08:08 919521                     /lib/x86_64-linux-gnu/libdl-2.19.so
7f77a3424000-7f77a3623000 ---p 00003000 08:08 919521                     /lib/x86_64-linux-gnu/libdl-2.19.so
7f77a3623000-7f77a3624000 r--p 00002000 08:08 919521                     /lib/x86_64-linux-gnu/libdl-2.19.so
7f77a3624000-7f77a3625000 rw-p 00003000 08:08 919521                     /lib/x86_64-linux-gnu/libdl-2.19.so
7f77a3625000-7f77a363a000 r-xp 00000000 08:08 33680                      /usr/lib/jvm/java-7-oracle/jre/lib/amd64/jli/libjli.so
7f77a363a000-7f77a3839000 ---p 00015000 08:08 33680                      /usr/lib/jvm/java-7-oracle/jre/lib/amd64/jli/libjli.so
7f77a3839000-7f77a383a000 rw-p 00014000 08:08 33680                      /usr/lib/jvm/java-7-oracle/jre/lib/amd64/jli/libjli.so
7f77a383a000-7f77a3853000 r-xp 00000000 08:08 919533                     /lib/x86_64-linux-gnu/libpthread-2.19.so
7f77a3853000-7f77a3a52000 ---p 00019000 08:08 919533                     /lib/x86_64-linux-gnu/libpthread-2.19.so
7f77a3a52000-7f77a3a53000 r--p 00018000 08:08 919533                     /lib/x86_64-linux-gnu/libpthread-2.19.so
7f77a3a53000-7f77a3a54000 rw-p 00019000 08:08 919533                     /lib/x86_64-linux-gnu/libpthread-2.19.so
7f77a3a54000-7f77a3a58000 rw-p 00000000 00:00 0 
7f77a3a58000-7f77a3a7b000 r-xp 00000000 08:08 919529                     /lib/x86_64-linux-gnu/ld-2.19.so
7f77a3a94000-7f77a3a9e000 rw-p 00000000 00:00 0 
7f77a3a9e000-7f77a3b54000 rw-p 00000000 00:00 0 
7f77a3b54000-7f77a3b57000 ---p 00000000 00:00 0 
7f77a3b57000-7f77a3c59000 rw-p 00000000 00:00 0                          [stack:8546]
7f77a3c6e000-7f77a3c76000 rw-s 00000000 08:08 176979                     /tmp/hsperfdata_diego/8545
7f77a3c76000-7f77a3c77000 rw-p 00000000 00:00 0 
7f77a3c77000-7f77a3c78000 r--p 00000000 00:00 0 
7f77a3c78000-7f77a3c7a000 rw-p 00000000 00:00 0 
7f77a3c7a000-7f77a3c7b000 r--p 00022000 08:08 919529                     /lib/x86_64-linux-gnu/ld-2.19.so
7f77a3c7b000-7f77a3c7c000 rw-p 00023000 08:08 919529                     /lib/x86_64-linux-gnu/ld-2.19.so
7f77a3c7c000-7f77a3c7d000 rw-p 00000000 00:00 0 
7ffe2ed72000-7ffe2edb0000 rw-p 00000000 00:00 0                          [stack]
7ffe2edde000-7ffe2ede0000 r-xp 00000000 00:00 0                          [vdso]
ffffffffff600000-ffffffffff601000 r-xp 00000000 00:00 0                  [vsyscall]

VM Arguments:
java_command: /home/diego/didfail/dare-1.1.0-linux/soot/jasminclasses-2.5.0.jar -d /home/diego/didfail/toyapps/out/dare/SendSMS/retargeted/SendSMS /home/diego/didfail/toyapps/out/dare/SendSMS/retargeted/SendSMS/android.support.v4.accessibilityservice.AccessibilityServiceInfoCompat$AccessibilityServiceInfoVersionImpl.jasmin /home/diego/didfail/toyapps/out/dare/SendSMS/retargeted/SendSMS/android.support.v4.app.ActionBarDrawerToggleHoneycomb.jasmin /home/diego/didfail/toyapps/out/dare/SendSMS/retargeted/SendSMS/android.support.v4.view.accessibility.AccessibilityRecordCompat$AccessibilityRecordImpl.jasmin /home/diego/didfail/toyapps/out/dare/SendSMS/retargeted/SendSMS/android.support.v4.view.accessibility.AccessibilityRecordCompat$AccessibilityRecordStubImpl.jasmin /home/diego/didfail/toyapps/out/dare/SendSMS/retargeted/SendSMS/android.support.v4.view.accessibility.AccessibilityRecordCompat$AccessibilityRecordIcsImpl.jasmin /home/diego/didfail/toyapps/out/dare/SendSMS/retargeted/SendSMS/android.support.v4.view.accessibility.AccessibilityRecordCompat$AccessibilityRecordIcsMr1Impl.jasmin /home/diego/didfail/toyapps/out/dare/SendSMS/retargeted/SendSMS/android.support.v4.view.accessibility.AccessibilityRecordCompat$AccessibilityRecordJellyBeanImpl.jasmin /home/diego/didfail/toyapps/out/dare/SendSMS/retargeted/SendSMS/android.support.v4.app.FragmentTabHost$SavedState$1.jasmin /home/diego/didfail/toyapps/out/dare/SendSMS/retargeted/SendSMS/android.support.v4.app.BackStackRecord$Op.jasmin /home/diego/didfail/toyapps/out/dare/SendSMS/retargeted/SendSMS/android.support.v4.view.MenuItemCompat$OnActionExpandListener.jasmin /home/diego/didfail/toyapps/out/dare/SendSMS/retargeted/SendSMS/android.support.v4.app.FragmentTabHost$SavedState.jasmin /home/diego/didfail/toyapps/out/dare/SendSMS/retargeted/SendSMS/android.support.v4.content.LocalBroadcastManager$ReceiverRecord.jasmin /home/diego/didfail/toyapps/out/dare/SendSMS/retargeted/SendSMS/android.support.v4.view.KeyEventCompat.jas
Launcher Type: SUN_STANDARD

Environment Variables:
PATH=/usr/local/sbin:/usr/local/bin:/usr/sbin:/usr/bin:/sbin:/bin:/usr/games:/usr/local/games
SHELL=/bin/bash
DISPLAY=:0

Signal Handlers:
SIGSEGV: [libjvm.so+0x9a3b20], sa_mask[0]=0x7ffbfeff, sa_flags=0x10000004
SIGBUS: [libjvm.so+0x9a3b20], sa_mask[0]=0x7ffbfeff, sa_flags=0x10000004
SIGFPE: [libjvm.so+0x81e740], sa_mask[0]=0x7ffbfeff, sa_flags=0x10000004
SIGPIPE: [libjvm.so+0x81e740], sa_mask[0]=0x7ffbfeff, sa_flags=0x10000004
SIGXFSZ: [libjvm.so+0x81e740], sa_mask[0]=0x7ffbfeff, sa_flags=0x10000004
SIGILL: [libjvm.so+0x81e740], sa_mask[0]=0x7ffbfeff, sa_flags=0x10000004
SIGUSR1: SIG_DFL, sa_mask[0]=0x00000000, sa_flags=0x00000000
SIGUSR2: [libjvm.so+0x81ffb0], sa_mask[0]=0x00000000, sa_flags=0x10000004
SIGHUP: SIG_DFL, sa_mask[0]=0x00000000, sa_flags=0x00000000
SIGINT: SIG_DFL, sa_mask[0]=0x00000000, sa_flags=0x00000000
SIGTERM: SIG_DFL, sa_mask[0]=0x00000000, sa_flags=0x00000000
SIGQUIT: SIG_DFL, sa_mask[0]=0x00000000, sa_flags=0x00000000


---------------  S Y S T E M  ---------------

OS:jessie/sid

uname:Linux 3.13.0-51-generic #84-Ubuntu SMP Wed Apr 15 12:08:34 UTC 2015 x86_64
libc:glibc 2.19 NPTL 2.19 
rlimit: STACK 8192k, CORE 0k, NPROC 46406, NOFILE 4096, AS 2250000k
load average:2,39 1,32 0,73

/proc/meminfo:
MemTotal:        6004492 kB
MemFree:         3188984 kB
Buffers:          128572 kB
Cached:          1575524 kB
SwapCached:            0 kB
Active:          1613620 kB
Inactive:         916340 kB
Active(anon):     828952 kB
Inactive(anon):   132788 kB
Active(file):     784668 kB
Inactive(file):   783552 kB
Unevictable:          64 kB
Mlocked:              64 kB
SwapTotal:       1973244 kB
SwapFree:        1973244 kB
Dirty:              5632 kB
Writeback:             0 kB
AnonPages:        826160 kB
Mapped:           351476 kB
Shmem:            135668 kB
Slab:             164092 kB
SReclaimable:     128564 kB
SUnreclaim:        35528 kB
KernelStack:        4144 kB
PageTables:        43484 kB
NFS_Unstable:          0 kB
Bounce:                0 kB
WritebackTmp:          0 kB
CommitLimit:     4975488 kB
Committed_AS:    3900992 kB
VmallocTotal:   34359738367 kB
VmallocUsed:      354360 kB
VmallocChunk:   34359376860 kB
HardwareCorrupted:     0 kB
AnonHugePages:    208896 kB
HugePages_Total:       0
HugePages_Free:        0
HugePages_Rsvd:        0
HugePages_Surp:        0
Hugepagesize:       2048 kB
DirectMap4k:       78416 kB
DirectMap2M:     6105088 kB


CPU:total 4 (2 cores per cpu, 2 threads per core) family 6 model 58 stepping 9, cmov, cx8, fxsr, mmx, sse, sse2, sse3, ssse3, sse4.1, sse4.2, popcnt, avx, aes, erms, ht, tsc, tscinvbit, tscinv

/proc/cpuinfo:
processor	: 0
vendor_id	: GenuineIntel
cpu family	: 6
model		: 58
model name	: Intel(R) Core(TM) i7-3517U CPU @ 1.90GHz
stepping	: 9
microcode	: 0x13
cpu MHz		: 768.000
cache size	: 4096 KB
physical id	: 0
siblings	: 4
core id		: 0
cpu cores	: 2
apicid		: 0
initial apicid	: 0
fpu		: yes
fpu_exception	: yes
cpuid level	: 13
wp		: yes
flags		: fpu vme de pse tsc msr pae mce cx8 apic sep mtrr pge mca cmov pat pse36 clflush dts acpi mmx fxsr sse sse2 ss ht tm pbe syscall nx rdtscp lm constant_tsc arch_perfmon pebs bts rep_good nopl xtopology nonstop_tsc aperfmperf eagerfpu pni pclmulqdq dtes64 monitor ds_cpl vmx est tm2 ssse3 cx16 xtpr pdcm pcid sse4_1 sse4_2 x2apic popcnt tsc_deadline_timer aes xsave avx f16c rdrand lahf_lm ida arat epb xsaveopt pln pts dtherm tpr_shadow vnmi flexpriority ept vpid fsgsbase smep erms
bogomips	: 4788.90
clflush size	: 64
cache_alignment	: 64
address sizes	: 36 bits physical, 48 bits virtual
power management:

processor	: 1
vendor_id	: GenuineIntel
cpu family	: 6
model		: 58
model name	: Intel(R) Core(TM) i7-3517U CPU @ 1.90GHz
stepping	: 9
microcode	: 0x13
cpu MHz		: 768.000
cache size	: 4096 KB
physical id	: 0
siblings	: 4
core id		: 1
cpu cores	: 2
apicid		: 2
initial apicid	: 2
fpu		: yes
fpu_exception	: yes
cpuid level	: 13
wp		: yes
flags		: fpu vme de pse tsc msr pae mce cx8 apic sep mtrr pge mca cmov pat pse36 clflush dts acpi mmx fxsr sse sse2 ss ht tm pbe syscall nx rdtscp lm constant_tsc arch_perfmon pebs bts rep_good nopl xtopology nonstop_tsc aperfmperf eagerfpu pni pclmulqdq dtes64 monitor ds_cpl vmx est tm2 ssse3 cx16 xtpr pdcm pcid sse4_1 sse4_2 x2apic popcnt tsc_deadline_timer aes xsave avx f16c rdrand lahf_lm ida arat epb xsaveopt pln pts dtherm tpr_shadow vnmi flexpriority ept vpid fsgsbase smep erms
bogomips	: 4788.90
clflush size	: 64
cache_alignment	: 64
address sizes	: 36 bits physical, 48 bits virtual
power management:

processor	: 2
vendor_id	: GenuineIntel
cpu family	: 6
model		: 58
model name	: Intel(R) Core(TM) i7-3517U CPU @ 1.90GHz
stepping	: 9
microcode	: 0x13
cpu MHz		: 1900.000
cache size	: 4096 KB
physical id	: 0
siblings	: 4
core id		: 0
cpu cores	: 2
apicid		: 1
initial apicid	: 1
fpu		: yes
fpu_exception	: yes
cpuid level	: 13
wp		: yes
flags		: fpu vme de pse tsc msr pae mce cx8 apic sep mtrr pge mca cmov pat pse36 clflush dts acpi mmx fxsr sse sse2 ss ht tm pbe syscall nx rdtscp lm constant_tsc arch_perfmon pebs bts rep_good nopl xtopology nonstop_tsc aperfmperf eagerfpu pni pclmulqdq dtes64 monitor ds_cpl vmx est tm2 ssse3 cx16 xtpr pdcm pcid sse4_1 sse4_2 x2apic popcnt tsc_deadline_timer aes xsave avx f16c rdrand lahf_lm ida arat epb xsaveopt pln pts dtherm tpr_shadow vnmi flexpriority ept vpid fsgsbase smep erms
bogomips	: 4788.90
clflush size	: 64
cache_alignment	: 64
address sizes	: 36 bits physical, 48 bits virtual
power management:

processor	: 3
vendor_id	: GenuineIntel
cpu family	: 6
model		: 58
model name	: Intel(R) Core(TM) i7-3517U CPU @ 1.90GHz
stepping	: 9
microcode	: 0x13
cpu MHz		: 768.000
cache size	: 4096 KB
physical id	: 0
siblings	: 4
core id		: 1
cpu cores	: 2
apicid		: 3
initial apicid	: 3
fpu		: yes
fpu_exception	: yes
cpuid level	: 13
wp		: yes
flags		: fpu vme de pse tsc msr pae mce cx8 apic sep mtrr pge mca cmov pat pse36 clflush dts acpi mmx fxsr sse sse2 ss ht tm pbe syscall nx rdtscp lm constant_tsc arch_perfmon pebs bts rep_good nopl xtopology nonstop_tsc aperfmperf eagerfpu pni pclmulqdq dtes64 monitor ds_cpl vmx est tm2 ssse3 cx16 xtpr pdcm pcid sse4_1 sse4_2 x2apic popcnt tsc_deadline_timer aes xsave avx f16c rdrand lahf_lm ida arat epb xsaveopt pln pts dtherm tpr_shadow vnmi flexpriority ept vpid fsgsbase smep erms
bogomips	: 4788.90
clflush size	: 64
cache_alignment	: 64
address sizes	: 36 bits physical, 48 bits virtual
power management:



Memory: 4k page, physical 6004492k(3188984k free), swap 1973244k(1973244k free)

vm_info: Java HotSpot(TM) 64-Bit Server VM (24.80-b11) for linux-amd64 JRE (1.7.0_80-b15), built on Apr 10 2015 19:53:14 by "java_re" with gcc 4.3.0 20080428 (Red Hat 4.3.0-8)

time: Tue May  5 20:21:00 2015
elapsed time: 0 seconds

