#
# There is insufficient memory for the Java Runtime Environment to continue.
# pthread_getattr_np
# Possible reasons:
#   The system is out of physical RAM or swap space
#   In 32 bit mode, the process size limit was hit
# Possible solutions:
#   Reduce memory load on the system
#   Increase physical memory or swap space
#   Check if swap backing store is full
#   Use 64 bit Java on a 64 bit OS
#   Decrease Java heap size (-Xmx/-Xms)
#   Decrease number of Java threads
#   Decrease Java thread stack sizes (-Xss)
#   Set larger code cache with -XX:ReservedCodeCacheSize=
# This output file may be truncated or incomplete.
#
#  Out of Memory Error (os_linux_x86.cpp:718), pid=8221, tid=139719975335680
#
# JRE version:  (7.0_80-b15) (build )
# Java VM: Java HotSpot(TM) 64-Bit Server VM (24.80-b11 mixed mode linux-amd64 compressed oops)
# Failed to write core dump. Core dumps have been disabled. To enable core dumping, try "ulimit -c unlimited" before starting Java again
#

---------------  T H R E A D  ---------------

Current thread (0x00007f1324154800):  JavaThread "Finalizer" daemon [_thread_new, id=8229, stack(0x0000000000000000,0x0000000000000000)]

Stack: [0x0000000000000000,0x0000000000000000],  sp=0x00007f13177f68e0,  free space=136445288410k
Native frames: (J=compiled Java code, j=interpreted, Vv=VM code, C=native code)
V  [libjvm.so+0x9a320a]
V  [libjvm.so+0x498d3b]
V  [libjvm.so+0x82770a]
V  [libjvm.so+0x827755]
V  [libjvm.so+0x955874]
V  [libjvm.so+0x95c034]
V  [libjvm.so+0x8238c8]


---------------  P R O C E S S  ---------------

Java Threads: ( => current thread )
=>0x00007f1324154800 JavaThread "Finalizer" daemon [_thread_new, id=8229, stack(0x0000000000000000,0x0000000000000000)]
  0x00007f1324152800 JavaThread "Reference Handler" daemon [_thread_blocked, id=8228, stack(0x00007f13177f8000,0x00007f13178f9000)]
  0x00007f1324027000 JavaThread "main" [_thread_in_vm, id=8222, stack(0x00007f132a6a5000,0x00007f132a7a6000)]

Other Threads:
  0x00007f132414e000 VMThread [stack: 0x00007f13178f9000,0x00007f13179fa000] [id=8227]

VM state:not at safepoint (normal execution)

VM Mutex/Monitor currently owned by a thread: None

Heap
 PSYoungGen      total 27648K, used 481K [0x00000000e1700000, 0x00000000e3580000, 0x0000000100000000)
  eden space 24064K, 2% used [0x00000000e1700000,0x00000000e1778570,0x00000000e2e80000)
  from space 3584K, 0% used [0x00000000e3200000,0x00000000e3200000,0x00000000e3580000)
  to   space 3584K, 0% used [0x00000000e2e80000,0x00000000e2e80000,0x00000000e3200000)
 ParOldGen       total 62464K, used 0K [0x00000000a4600000, 0x00000000a8300000, 0x00000000e1700000)
  object space 62464K, 0% used [0x00000000a4600000,0x00000000a4600000,0x00000000a8300000)
 PSPermGen       total 21504K, used 862K [0x000000009f400000, 0x00000000a0900000, 0x00000000a4600000)
  object space 21504K, 4% used [0x000000009f400000,0x000000009f4d7810,0x00000000a0900000)

Card table byte_map: [0x00007f13204af000,0x00007f13207b6000] byte_map_base: 0x00007f131ffb5000

Polling page: 0x00007f132a7c8000

Code Cache  [0x00007f13207b6000, 0x00007f1320a26000, 0x00007f13237b6000)
 total_blobs=74 nmethods=0 adapters=51 free_code_cache=48819Kb largest_free_block=49990272

Compilation events (0 events):
No events

GC Heap History (0 events):
No events

Deoptimization events (0 events):
No events

Internal exceptions (0 events):
No events

Events (10 events):
Event: 0.027 Thread 0x00007f1324152800 Thread added: 0x00007f1324152800
Event: 0.027 loading class 0x00007f1328051e00
Event: 0.027 loading class 0x00007f1328051e00 done
Event: 0.027 loading class 0x00007f1328068ff0
Event: 0.027 loading class 0x00007f1328068ff0 done
Event: 0.027 loading class 0x00007f1328068fc0
Event: 0.027 loading class 0x00007f1328068fc0 done
Event: 0.027 loading class 0x00007f13280525e0
Event: 0.027 loading class 0x00007f13280525e0 done
Event: 0.028 Thread 0x00007f1324154800 Thread added: 0x00007f1324154800


Dynamic libraries:
00400000-00401000 r-xp 00000000 08:08 33603                              /usr/lib/jvm/java-7-oracle/jre/bin/java
00600000-00601000 rw-p 00000000 08:08 33603                              /usr/lib/jvm/java-7-oracle/jre/bin/java
01cfd000-01d1e000 rw-p 00000000 00:00 0                                  [heap]
9f400000-a0900000 rw-p 00000000 00:00 0 
a0900000-a4600000 rw-p 00000000 00:00 0 
a4600000-a8300000 rw-p 00000000 00:00 0 
a8300000-e1700000 rw-p 00000000 00:00 0 
e1700000-e3580000 rw-p 00000000 00:00 0 
e3580000-100000000 rw-p 00000000 00:00 0 
7f1300000000-7f1300021000 rw-p 00000000 00:00 0 
7f1300021000-7f1304000000 ---p 00000000 00:00 0 
7f1304000000-7f1304021000 rw-p 00000000 00:00 0 
7f1304021000-7f1308000000 ---p 00000000 00:00 0 
7f1308000000-7f1308021000 rw-p 00000000 00:00 0 
7f1308021000-7f130c000000 ---p 00000000 00:00 0 
7f130c000000-7f130c021000 rw-p 00000000 00:00 0 
7f130c021000-7f1310000000 ---p 00000000 00:00 0 
7f1310000000-7f1310021000 rw-p 00000000 00:00 0 
7f1310021000-7f1314000000 ---p 00000000 00:00 0 
7f13171b5000-7f13176f7000 r--p 00000000 08:08 1056158                    /usr/lib/locale/locale-archive
7f13176f7000-7f13177f8000 rw-p 00000000 00:00 0                          [stack:8229]
7f13177f8000-7f13177fb000 ---p 00000000 00:00 0 
7f13177fb000-7f13178f9000 rw-p 00000000 00:00 0                          [stack:8228]
7f13178f9000-7f13178fa000 ---p 00000000 00:00 0 
7f13178fa000-7f1318000000 rw-p 00000000 00:00 0                          [stack:8227]
7f1318000000-7f1318021000 rw-p 00000000 00:00 0 
7f1318021000-7f131c000000 ---p 00000000 00:00 0 
7f131c0d3000-7f131ca27000 rw-p 00000000 00:00 0 
7f131ca27000-7f131cbe7000 r--s 039fb000 08:08 33736                      /usr/lib/jvm/java-7-oracle/jre/lib/rt.jar
7f131cbe7000-7f131ffc3000 rw-p 00000000 00:00 0 
7f131ffc3000-7f131ffc4000 ---p 00000000 00:00 0 
7f131ffc4000-7f13200c4000 rw-p 00000000 00:00 0                          [stack:8226]
7f13200c4000-7f13200c5000 ---p 00000000 00:00 0 
7f13200c5000-7f13201c5000 rw-p 00000000 00:00 0                          [stack:8225]
7f13201c5000-7f13201c6000 ---p 00000000 00:00 0 
7f13201c6000-7f13202e5000 rw-p 00000000 00:00 0                          [stack:8224]
7f13202e5000-7f13204af000 rw-p 00000000 00:00 0 
7f13204af000-7f13204ba000 rw-p 00000000 00:00 0 
7f13204ba000-7f13204d8000 rw-p 00000000 00:00 0 
7f13204d8000-7f13204f7000 rw-p 00000000 00:00 0 
7f13204f7000-7f13206c0000 rw-p 00000000 00:00 0 
7f13206c0000-7f13206d0000 rw-p 00000000 00:00 0 
7f13206d0000-7f13207b5000 rw-p 00000000 00:00 0 
7f13207b5000-7f13207b6000 rw-p 00000000 00:00 0 
7f13207b6000-7f1320a26000 rwxp 00000000 00:00 0 
7f1320a26000-7f13237b6000 rw-p 00000000 00:00 0 
7f13237b6000-7f13237cd000 r-xp 00000000 08:08 33652                      /usr/lib/jvm/java-7-oracle/jre/lib/amd64/libzip.so
7f13237cd000-7f13239cd000 ---p 00017000 08:08 33652                      /usr/lib/jvm/java-7-oracle/jre/lib/amd64/libzip.so
7f13239cd000-7f13239ce000 rw-p 00017000 08:08 33652                      /usr/lib/jvm/java-7-oracle/jre/lib/amd64/libzip.so
7f13239ce000-7f13239d9000 r-xp 00000000 08:08 919518                     /lib/x86_64-linux-gnu/libnss_files-2.19.so
7f13239d9000-7f1323bd8000 ---p 0000b000 08:08 919518                     /lib/x86_64-linux-gnu/libnss_files-2.19.so
7f1323bd8000-7f1323bd9000 r--p 0000a000 08:08 919518                     /lib/x86_64-linux-gnu/libnss_files-2.19.so
7f1323bd9000-7f1323bda000 rw-p 0000b000 08:08 919518                     /lib/x86_64-linux-gnu/libnss_files-2.19.so
7f1323bda000-7f1323be5000 r-xp 00000000 08:08 919538                     /lib/x86_64-linux-gnu/libnss_nis-2.19.so
7f1323be5000-7f1323de4000 ---p 0000b000 08:08 919538                     /lib/x86_64-linux-gnu/libnss_nis-2.19.so
7f1323de4000-7f1323de5000 r--p 0000a000 08:08 919538                     /lib/x86_64-linux-gnu/libnss_nis-2.19.so
7f1323de5000-7f1323de6000 rw-p 0000b000 08:08 919538                     /lib/x86_64-linux-gnu/libnss_nis-2.19.so
7f1323de6000-7f1323dfd000 r-xp 00000000 08:08 919527                     /lib/x86_64-linux-gnu/libnsl-2.19.so
7f1323dfd000-7f1323ffc000 ---p 00017000 08:08 919527                     /lib/x86_64-linux-gnu/libnsl-2.19.so
7f1323ffc000-7f1323ffd000 r--p 00016000 08:08 919527                     /lib/x86_64-linux-gnu/libnsl-2.19.so
7f1323ffd000-7f1323ffe000 rw-p 00017000 08:08 919527                     /lib/x86_64-linux-gnu/libnsl-2.19.so
7f1323ffe000-7f1324000000 rw-p 00000000 00:00 0 
7f1324000000-7f1324159000 rw-p 00000000 00:00 0 
7f1324159000-7f1328000000 ---p 00000000 00:00 0 
7f1328040000-7f13280ba000 rw-p 00000000 00:00 0 
7f13280ba000-7f13280bb000 ---p 00000000 00:00 0 
7f13280bb000-7f13281c6000 rw-p 00000000 00:00 0                          [stack:8223]
7f13281c6000-7f13281e4000 rw-p 00000000 00:00 0 
7f13281e4000-7f13281ed000 r-xp 00000000 08:08 919526                     /lib/x86_64-linux-gnu/libnss_compat-2.19.so
7f13281ed000-7f13283ec000 ---p 00009000 08:08 919526                     /lib/x86_64-linux-gnu/libnss_compat-2.19.so
7f13283ec000-7f13283ed000 r--p 00008000 08:08 919526                     /lib/x86_64-linux-gnu/libnss_compat-2.19.so
7f13283ed000-7f13283ee000 rw-p 00009000 08:08 919526                     /lib/x86_64-linux-gnu/libnss_compat-2.19.so
7f13283ee000-7f1328417000 r-xp 00000000 08:08 33649                      /usr/lib/jvm/java-7-oracle/jre/lib/amd64/libjava.so
7f1328417000-7f1328617000 ---p 00029000 08:08 33649                      /usr/lib/jvm/java-7-oracle/jre/lib/amd64/libjava.so
7f1328617000-7f1328619000 rw-p 00029000 08:08 33649                      /usr/lib/jvm/java-7-oracle/jre/lib/amd64/libjava.so
7f1328619000-7f1328626000 r-xp 00000000 08:08 33675                      /usr/lib/jvm/java-7-oracle/jre/lib/amd64/libverify.so
7f1328626000-7f1328825000 ---p 0000d000 08:08 33675                      /usr/lib/jvm/java-7-oracle/jre/lib/amd64/libverify.so
7f1328825000-7f1328827000 rw-p 0000c000 08:08 33675                      /usr/lib/jvm/java-7-oracle/jre/lib/amd64/libverify.so
7f1328827000-7f132882e000 r-xp 00000000 08:08 919535                     /lib/x86_64-linux-gnu/librt-2.19.so
7f132882e000-7f1328a2d000 ---p 00007000 08:08 919535                     /lib/x86_64-linux-gnu/librt-2.19.so
7f1328a2d000-7f1328a2e000 r--p 00006000 08:08 919535                     /lib/x86_64-linux-gnu/librt-2.19.so
7f1328a2e000-7f1328a2f000 rw-p 00007000 08:08 919535                     /lib/x86_64-linux-gnu/librt-2.19.so
7f1328a2f000-7f1328b34000 r-xp 00000000 08:08 919517                     /lib/x86_64-linux-gnu/libm-2.19.so
7f1328b34000-7f1328d33000 ---p 00105000 08:08 919517                     /lib/x86_64-linux-gnu/libm-2.19.so
7f1328d33000-7f1328d34000 r--p 00104000 08:08 919517                     /lib/x86_64-linux-gnu/libm-2.19.so
7f1328d34000-7f1328d35000 rw-p 00105000 08:08 919517                     /lib/x86_64-linux-gnu/libm-2.19.so
7f1328d35000-7f13298ab000 r-xp 00000000 08:08 33640                      /usr/lib/jvm/java-7-oracle/jre/lib/amd64/server/libjvm.so
7f13298ab000-7f1329aaa000 ---p 00b76000 08:08 33640                      /usr/lib/jvm/java-7-oracle/jre/lib/amd64/server/libjvm.so
7f1329aaa000-7f1329b6e000 rw-p 00b75000 08:08 33640                      /usr/lib/jvm/java-7-oracle/jre/lib/amd64/server/libjvm.so
7f1329b6e000-7f1329baf000 rw-p 00000000 00:00 0 
7f1329baf000-7f1329d6a000 r-xp 00000000 08:08 919532                     /lib/x86_64-linux-gnu/libc-2.19.so
7f1329d6a000-7f1329f69000 ---p 001bb000 08:08 919532                     /lib/x86_64-linux-gnu/libc-2.19.so
7f1329f69000-7f1329f6d000 r--p 001ba000 08:08 919532                     /lib/x86_64-linux-gnu/libc-2.19.so
7f1329f6d000-7f1329f6f000 rw-p 001be000 08:08 919532                     /lib/x86_64-linux-gnu/libc-2.19.so
7f1329f6f000-7f1329f74000 rw-p 00000000 00:00 0 
7f1329f74000-7f1329f77000 r-xp 00000000 08:08 919521                     /lib/x86_64-linux-gnu/libdl-2.19.so
7f1329f77000-7f132a176000 ---p 00003000 08:08 919521                     /lib/x86_64-linux-gnu/libdl-2.19.so
7f132a176000-7f132a177000 r--p 00002000 08:08 919521                     /lib/x86_64-linux-gnu/libdl-2.19.so
7f132a177000-7f132a178000 rw-p 00003000 08:08 919521                     /lib/x86_64-linux-gnu/libdl-2.19.so
7f132a178000-7f132a18d000 r-xp 00000000 08:08 33680                      /usr/lib/jvm/java-7-oracle/jre/lib/amd64/jli/libjli.so
7f132a18d000-7f132a38c000 ---p 00015000 08:08 33680                      /usr/lib/jvm/java-7-oracle/jre/lib/amd64/jli/libjli.so
7f132a38c000-7f132a38d000 rw-p 00014000 08:08 33680                      /usr/lib/jvm/java-7-oracle/jre/lib/amd64/jli/libjli.so
7f132a38d000-7f132a3a6000 r-xp 00000000 08:08 919533                     /lib/x86_64-linux-gnu/libpthread-2.19.so
7f132a3a6000-7f132a5a5000 ---p 00019000 08:08 919533                     /lib/x86_64-linux-gnu/libpthread-2.19.so
7f132a5a5000-7f132a5a6000 r--p 00018000 08:08 919533                     /lib/x86_64-linux-gnu/libpthread-2.19.so
7f132a5a6000-7f132a5a7000 rw-p 00019000 08:08 919533                     /lib/x86_64-linux-gnu/libpthread-2.19.so
7f132a5a7000-7f132a5ab000 rw-p 00000000 00:00 0 
7f132a5ab000-7f132a5ce000 r-xp 00000000 08:08 919529                     /lib/x86_64-linux-gnu/ld-2.19.so
7f132a5e5000-7f132a5ef000 rw-p 00000000 00:00 0 
7f132a5ef000-7f132a6a5000 rw-p 00000000 00:00 0 
7f132a6a5000-7f132a6a8000 ---p 00000000 00:00 0 
7f132a6a8000-7f132a7aa000 rw-p 00000000 00:00 0                          [stack:8222]
7f132a7bf000-7f132a7c7000 rw-s 00000000 08:08 134526                     /tmp/hsperfdata_diego/8221
7f132a7c7000-7f132a7c8000 rw-p 00000000 00:00 0 
7f132a7c8000-7f132a7c9000 r--p 00000000 00:00 0 
7f132a7c9000-7f132a7cb000 rw-p 00000000 00:00 0 
7f132a7cb000-7f132a7cd000 r-xp 00000000 00:00 0                          [vdso]
7f132a7cd000-7f132a7ce000 r--p 00022000 08:08 919529                     /lib/x86_64-linux-gnu/ld-2.19.so
7f132a7ce000-7f132a7cf000 rw-p 00023000 08:08 919529                     /lib/x86_64-linux-gnu/ld-2.19.so
7f132a7cf000-7f132a7d0000 rw-p 00000000 00:00 0 
7ffe70163000-7ffe70193000 rw-p 00000000 00:00 0                          [stack]
ffffffffff600000-ffffffffff601000 r-xp 00000000 00:00 0                  [vsyscall]

VM Arguments:
java_command: /home/diego/didfail/dare-1.1.0-linux/soot/jasminclasses-2.5.0.jar -d /home/diego/didfail/toyapps/out/dare/WriteFile/retargeted/WriteFile /home/diego/didfail/toyapps/out/dare/WriteFile/retargeted/WriteFile/android.support.v4.accessibilityservice.AccessibilityServiceInfoCompat$AccessibilityServiceInfoVersionImpl.jasmin /home/diego/didfail/toyapps/out/dare/WriteFile/retargeted/WriteFile/android.support.v4.app.ActionBarDrawerToggleHoneycomb.jasmin /home/diego/didfail/toyapps/out/dare/WriteFile/retargeted/WriteFile/android.support.v4.view.accessibility.AccessibilityRecordCompat$AccessibilityRecordImpl.jasmin /home/diego/didfail/toyapps/out/dare/WriteFile/retargeted/WriteFile/android.support.v4.view.accessibility.AccessibilityRecordCompat$AccessibilityRecordStubImpl.jasmin /home/diego/didfail/toyapps/out/dare/WriteFile/retargeted/WriteFile/android.support.v4.view.accessibility.AccessibilityRecordCompat$AccessibilityRecordIcsImpl.jasmin /home/diego/didfail/toyapps/out/dare/WriteFile/retargeted/WriteFile/android.support.v4.view.accessibility.AccessibilityRecordCompat$AccessibilityRecordIcsMr1Impl.jasmin /home/diego/didfail/toyapps/out/dare/WriteFile/retargeted/WriteFile/android.support.v4.view.accessibility.AccessibilityRecordCompat$AccessibilityRecordJellyBeanImpl.jasmin /home/diego/didfail/toyapps/out/dare/WriteFile/retargeted/WriteFile/android.support.v4.app.FragmentTabHost$SavedState$1.jasmin /home/diego/didfail/toyapps/out/dare/WriteFile/retargeted/WriteFile/android.support.v4.app.BackStackRecord$Op.jasmin /home/diego/didfail/toyapps/out/dare/WriteFile/retargeted/WriteFile/android.support.v4.view.MenuItemCompat$OnActionExpandListener.jasmin /home/diego/didfail/toyapps/out/dare/WriteFile/retargeted/WriteFile/android.support.v4.app.FragmentTabHost$SavedState.jasmin /home/diego/didfail/toyapps/out/dare/WriteFile/retargeted/WriteFile/org.cert.WriteFile.MainActivity.jasmin /home/diego/didfail/toyapps/out/dare/WriteFile/retargeted/WriteFile/android.support.v4
Launcher Type: SUN_STANDARD

Environment Variables:
PATH=/usr/local/sbin:/usr/local/bin:/usr/sbin:/usr/bin:/sbin:/bin:/usr/games:/usr/local/games
SHELL=/bin/bash
DISPLAY=:0

Signal Handlers:
SIGSEGV: [libjvm.so+0x9a3b20], sa_mask[0]=0x7ffbfeff, sa_flags=0x10000004
SIGBUS: [libjvm.so+0x9a3b20], sa_mask[0]=0x7ffbfeff, sa_flags=0x10000004
SIGFPE: [libjvm.so+0x81e740], sa_mask[0]=0x7ffbfeff, sa_flags=0x10000004
SIGPIPE: [libjvm.so+0x81e740], sa_mask[0]=0x7ffbfeff, sa_flags=0x10000004
SIGXFSZ: [libjvm.so+0x81e740], sa_mask[0]=0x7ffbfeff, sa_flags=0x10000004
SIGILL: [libjvm.so+0x81e740], sa_mask[0]=0x7ffbfeff, sa_flags=0x10000004
SIGUSR1: SIG_DFL, sa_mask[0]=0x00000000, sa_flags=0x00000000
SIGUSR2: [libjvm.so+0x81ffb0], sa_mask[0]=0x00000000, sa_flags=0x10000004
SIGHUP: SIG_DFL, sa_mask[0]=0x00000000, sa_flags=0x00000000
SIGINT: SIG_DFL, sa_mask[0]=0x00000000, sa_flags=0x00000000
SIGTERM: SIG_DFL, sa_mask[0]=0x00000000, sa_flags=0x00000000
SIGQUIT: SIG_DFL, sa_mask[0]=0x00000000, sa_flags=0x00000000


---------------  S Y S T E M  ---------------

OS:jessie/sid

uname:Linux 3.13.0-51-generic #84-Ubuntu SMP Wed Apr 15 12:08:34 UTC 2015 x86_64
libc:glibc 2.19 NPTL 2.19 
rlimit: STACK 8192k, CORE 0k, NPROC 46406, NOFILE 4096, AS 2250000k
load average:2,24 0,99 0,55

/proc/meminfo:
MemTotal:        6004492 kB
MemFree:         3306232 kB
Buffers:          127844 kB
Cached:          1557856 kB
SwapCached:            0 kB
Active:          1525460 kB
Inactive:         893908 kB
Active(anon):     742740 kB
Inactive(anon):   111124 kB
Active(file):     782720 kB
Inactive(file):   782784 kB
Unevictable:          64 kB
Mlocked:              64 kB
SwapTotal:       1973244 kB
SwapFree:        1973244 kB
Dirty:              5236 kB
Writeback:             0 kB
AnonPages:        733800 kB
Mapped:           328576 kB
Shmem:            120132 kB
Slab:             162312 kB
SReclaimable:     127424 kB
SUnreclaim:        34888 kB
KernelStack:        3936 kB
PageTables:        39816 kB
NFS_Unstable:          0 kB
Bounce:                0 kB
WritebackTmp:          0 kB
CommitLimit:     4975488 kB
Committed_AS:    3523976 kB
VmallocTotal:   34359738367 kB
VmallocUsed:      354360 kB
VmallocChunk:   34359376860 kB
HardwareCorrupted:     0 kB
AnonHugePages:    192512 kB
HugePages_Total:       0
HugePages_Free:        0
HugePages_Rsvd:        0
HugePages_Surp:        0
Hugepagesize:       2048 kB
DirectMap4k:       78416 kB
DirectMap2M:     6105088 kB


CPU:total 4 (2 cores per cpu, 2 threads per core) family 6 model 58 stepping 9, cmov, cx8, fxsr, mmx, sse, sse2, sse3, ssse3, sse4.1, sse4.2, popcnt, avx, aes, erms, ht, tsc, tscinvbit, tscinv

/proc/cpuinfo:
processor	: 0
vendor_id	: GenuineIntel
cpu family	: 6
model		: 58
model name	: Intel(R) Core(TM) i7-3517U CPU @ 1.90GHz
stepping	: 9
microcode	: 0x13
cpu MHz		: 768.000
cache size	: 4096 KB
physical id	: 0
siblings	: 4
core id		: 0
cpu cores	: 2
apicid		: 0
initial apicid	: 0
fpu		: yes
fpu_exception	: yes
cpuid level	: 13
wp		: yes
flags		: fpu vme de pse tsc msr pae mce cx8 apic sep mtrr pge mca cmov pat pse36 clflush dts acpi mmx fxsr sse sse2 ss ht tm pbe syscall nx rdtscp lm constant_tsc arch_perfmon pebs bts rep_good nopl xtopology nonstop_tsc aperfmperf eagerfpu pni pclmulqdq dtes64 monitor ds_cpl vmx est tm2 ssse3 cx16 xtpr pdcm pcid sse4_1 sse4_2 x2apic popcnt tsc_deadline_timer aes xsave avx f16c rdrand lahf_lm ida arat epb xsaveopt pln pts dtherm tpr_shadow vnmi flexpriority ept vpid fsgsbase smep erms
bogomips	: 4788.90
clflush size	: 64
cache_alignment	: 64
address sizes	: 36 bits physical, 48 bits virtual
power management:

processor	: 1
vendor_id	: GenuineIntel
cpu family	: 6
model		: 58
model name	: Intel(R) Core(TM) i7-3517U CPU @ 1.90GHz
stepping	: 9
microcode	: 0x13
cpu MHz		: 768.000
cache size	: 4096 KB
physical id	: 0
siblings	: 4
core id		: 1
cpu cores	: 2
apicid		: 2
initial apicid	: 2
fpu		: yes
fpu_exception	: yes
cpuid level	: 13
wp		: yes
flags		: fpu vme de pse tsc msr pae mce cx8 apic sep mtrr pge mca cmov pat pse36 clflush dts acpi mmx fxsr sse sse2 ss ht tm pbe syscall nx rdtscp lm constant_tsc arch_perfmon pebs bts rep_good nopl xtopology nonstop_tsc aperfmperf eagerfpu pni pclmulqdq dtes64 monitor ds_cpl vmx est tm2 ssse3 cx16 xtpr pdcm pcid sse4_1 sse4_2 x2apic popcnt tsc_deadline_timer aes xsave avx f16c rdrand lahf_lm ida arat epb xsaveopt pln pts dtherm tpr_shadow vnmi flexpriority ept vpid fsgsbase smep erms
bogomips	: 4788.90
clflush size	: 64
cache_alignment	: 64
address sizes	: 36 bits physical, 48 bits virtual
power management:

processor	: 2
vendor_id	: GenuineIntel
cpu family	: 6
model		: 58
model name	: Intel(R) Core(TM) i7-3517U CPU @ 1.90GHz
stepping	: 9
microcode	: 0x13
cpu MHz		: 1900.000
cache size	: 4096 KB
physical id	: 0
siblings	: 4
core id		: 0
cpu cores	: 2
apicid		: 1
initial apicid	: 1
fpu		: yes
fpu_exception	: yes
cpuid level	: 13
wp		: yes
flags		: fpu vme de pse tsc msr pae mce cx8 apic sep mtrr pge mca cmov pat pse36 clflush dts acpi mmx fxsr sse sse2 ss ht tm pbe syscall nx rdtscp lm constant_tsc arch_perfmon pebs bts rep_good nopl xtopology nonstop_tsc aperfmperf eagerfpu pni pclmulqdq dtes64 monitor ds_cpl vmx est tm2 ssse3 cx16 xtpr pdcm pcid sse4_1 sse4_2 x2apic popcnt tsc_deadline_timer aes xsave avx f16c rdrand lahf_lm ida arat epb xsaveopt pln pts dtherm tpr_shadow vnmi flexpriority ept vpid fsgsbase smep erms
bogomips	: 4788.90
clflush size	: 64
cache_alignment	: 64
address sizes	: 36 bits physical, 48 bits virtual
power management:

processor	: 3
vendor_id	: GenuineIntel
cpu family	: 6
model		: 58
model name	: Intel(R) Core(TM) i7-3517U CPU @ 1.90GHz
stepping	: 9
microcode	: 0x13
cpu MHz		: 768.000
cache size	: 4096 KB
physical id	: 0
siblings	: 4
core id		: 1
cpu cores	: 2
apicid		: 3
initial apicid	: 3
fpu		: yes
fpu_exception	: yes
cpuid level	: 13
wp		: yes
flags		: fpu vme de pse tsc msr pae mce cx8 apic sep mtrr pge mca cmov pat pse36 clflush dts acpi mmx fxsr sse sse2 ss ht tm pbe syscall nx rdtscp lm constant_tsc arch_perfmon pebs bts rep_good nopl xtopology nonstop_tsc aperfmperf eagerfpu pni pclmulqdq dtes64 monitor ds_cpl vmx est tm2 ssse3 cx16 xtpr pdcm pcid sse4_1 sse4_2 x2apic popcnt tsc_deadline_timer aes xsave avx f16c rdrand lahf_lm ida arat epb xsaveopt pln pts dtherm tpr_shadow vnmi flexpriority ept vpid fsgsbase smep erms
bogomips	: 4788.90
clflush size	: 64
cache_alignment	: 64
address sizes	: 36 bits physical, 48 bits virtual
power management:



Memory: 4k page, physical 6004492k(3306232k free), swap 1973244k(1973244k free)

vm_info: Java HotSpot(TM) 64-Bit Server VM (24.80-b11) for linux-amd64 JRE (1.7.0_80-b15), built on Apr 10 2015 19:53:14 by "java_re" with gcc 4.3.0 20080428 (Red Hat 4.3.0-8)

time: Tue May  5 20:18:35 2015
elapsed time: 0 seconds

