#
# There is insufficient memory for the Java Runtime Environment to continue.
# pthread_getattr_np
# Possible reasons:
#   The system is out of physical RAM or swap space
#   In 32 bit mode, the process size limit was hit
# Possible solutions:
#   Reduce memory load on the system
#   Increase physical memory or swap space
#   Check if swap backing store is full
#   Use 64 bit Java on a 64 bit OS
#   Decrease Java heap size (-Xmx/-Xms)
#   Decrease number of Java threads
#   Decrease Java thread stack sizes (-Xss)
#   Set larger code cache with -XX:ReservedCodeCacheSize=
# This output file may be truncated or incomplete.
#
#  Out of Memory Error (os_linux_x86.cpp:718), pid=5655, tid=140032294725376
#
# JRE version:  (7.0_80-b15) (build )
# Java VM: Java HotSpot(TM) 64-Bit Server VM (24.80-b11 mixed mode linux-amd64 compressed oops)
# Failed to write core dump. Core dumps have been disabled. To enable core dumping, try "ulimit -c unlimited" before starting Java again
#

---------------  T H R E A D  ---------------

Current thread (0x00007f5bdc137000):  JavaThread "Finalizer" daemon [_thread_new, id=5663, stack(0x0000000000000000,0x0000000000000000)]

Stack: [0x0000000000000000,0x0000000000000000],  sp=0x00007f5bcf2f19e0,  free space=136750287814k
Native frames: (J=compiled Java code, j=interpreted, Vv=VM code, C=native code)
V  [libjvm.so+0x9a320a]
V  [libjvm.so+0x498d3b]
V  [libjvm.so+0x82770a]
V  [libjvm.so+0x827755]
V  [libjvm.so+0x955874]
V  [libjvm.so+0x95c034]
V  [libjvm.so+0x8238c8]


---------------  P R O C E S S  ---------------

Java Threads: ( => current thread )
=>0x00007f5bdc137000 JavaThread "Finalizer" daemon [_thread_new, id=5663, stack(0x0000000000000000,0x0000000000000000)]
  0x00007f5bdc135000 JavaThread "Reference Handler" daemon [_thread_blocked, id=5662, stack(0x00007f5bcf2f3000,0x00007f5bcf3f4000)]
  0x00007f5bdc009800 JavaThread "main" [_thread_in_vm, id=5656, stack(0x00007f5be222e000,0x00007f5be232f000)]

Other Threads:
  0x00007f5bdc130800 VMThread [stack: 0x00007f5bcf3f4000,0x00007f5bcf4f5000] [id=5661]

VM state:not at safepoint (normal execution)

VM Mutex/Monitor currently owned by a thread: None

Heap
 PSYoungGen      total 27648K, used 481K [0x00000000e1700000, 0x00000000e3580000, 0x0000000100000000)
  eden space 24064K, 2% used [0x00000000e1700000,0x00000000e1778570,0x00000000e2e80000)
  from space 3584K, 0% used [0x00000000e3200000,0x00000000e3200000,0x00000000e3580000)
  to   space 3584K, 0% used [0x00000000e2e80000,0x00000000e2e80000,0x00000000e3200000)
 ParOldGen       total 62464K, used 0K [0x00000000a4600000, 0x00000000a8300000, 0x00000000e1700000)
  object space 62464K, 0% used [0x00000000a4600000,0x00000000a4600000,0x00000000a8300000)
 PSPermGen       total 21504K, used 842K [0x000000009f400000, 0x00000000a0900000, 0x00000000a4600000)
  object space 21504K, 3% used [0x000000009f400000,0x000000009f4d2b10,0x00000000a0900000)

Card table byte_map: [0x00007f5bd807a000,0x00007f5bd8381000] byte_map_base: 0x00007f5bd7b80000

Polling page: 0x00007f5be23a7000

Code Cache  [0x00007f5bd8381000, 0x00007f5bd85f1000, 0x00007f5bdb381000)
 total_blobs=68 nmethods=0 adapters=45 free_code_cache=48821Kb largest_free_block=49993088

Compilation events (0 events):
No events

GC Heap History (0 events):
No events

Deoptimization events (0 events):
No events

Internal exceptions (0 events):
No events

Events (10 events):
Event: 0.020 Thread 0x00007f5bdc135000 Thread added: 0x00007f5bdc135000
Event: 0.020 loading class 0x00007f5be0079e00
Event: 0.021 loading class 0x00007f5be0079e00 done
Event: 0.021 loading class 0x00007f5be0090ff0
Event: 0.021 loading class 0x00007f5be0090ff0 done
Event: 0.021 loading class 0x00007f5be0090fc0
Event: 0.021 loading class 0x00007f5be0090fc0 done
Event: 0.021 loading class 0x00007f5be007a5e0
Event: 0.021 loading class 0x00007f5be007a5e0 done
Event: 0.021 Thread 0x00007f5bdc137000 Thread added: 0x00007f5bdc137000


Dynamic libraries:
00400000-00401000 r-xp 00000000 08:08 33603                              /usr/lib/jvm/java-7-oracle/jre/bin/java
00600000-00601000 rw-p 00000000 08:08 33603                              /usr/lib/jvm/java-7-oracle/jre/bin/java
02000000-02026000 rw-p 00000000 00:00 0                                  [heap]
9f400000-a0900000 rw-p 00000000 00:00 0 
a0900000-a4600000 rw-p 00000000 00:00 0 
a4600000-a8300000 rw-p 00000000 00:00 0 
a8300000-e1700000 rw-p 00000000 00:00 0 
e1700000-e3580000 rw-p 00000000 00:00 0 
e3580000-100000000 rw-p 00000000 00:00 0 
7f5bb8000000-7f5bb8021000 rw-p 00000000 00:00 0 
7f5bb8021000-7f5bbc000000 ---p 00000000 00:00 0 
7f5bbc000000-7f5bbc021000 rw-p 00000000 00:00 0 
7f5bbc021000-7f5bc0000000 ---p 00000000 00:00 0 
7f5bc0000000-7f5bc0021000 rw-p 00000000 00:00 0 
7f5bc0021000-7f5bc4000000 ---p 00000000 00:00 0 
7f5bc4000000-7f5bc4021000 rw-p 00000000 00:00 0 
7f5bc4021000-7f5bc8000000 ---p 00000000 00:00 0 
7f5bc8000000-7f5bc8021000 rw-p 00000000 00:00 0 
7f5bc8021000-7f5bcc000000 ---p 00000000 00:00 0 
7f5bcf1f2000-7f5bcf2f3000 rw-p 00000000 00:00 0                          [stack:5663]
7f5bcf2f3000-7f5bcf2f6000 ---p 00000000 00:00 0 
7f5bcf2f6000-7f5bcf3f4000 rw-p 00000000 00:00 0                          [stack:5662]
7f5bcf3f4000-7f5bcf3f5000 ---p 00000000 00:00 0 
7f5bcf3f5000-7f5bd0000000 rw-p 00000000 00:00 0                          [stack:5661]
7f5bd0000000-7f5bd0021000 rw-p 00000000 00:00 0 
7f5bd0021000-7f5bd4000000 ---p 00000000 00:00 0 
7f5bd40ed000-7f5bd44f1000 rw-p 00000000 00:00 0 
7f5bd44f1000-7f5bd46b1000 r--s 039fb000 08:08 33736                      /usr/lib/jvm/java-7-oracle/jre/lib/rt.jar
7f5bd46b1000-7f5bd7a8d000 rw-p 00000000 00:00 0 
7f5bd7a8d000-7f5bd7a8e000 ---p 00000000 00:00 0 
7f5bd7a8e000-7f5bd7b8e000 rw-p 00000000 00:00 0                          [stack:5660]
7f5bd7b8e000-7f5bd7b8f000 ---p 00000000 00:00 0 
7f5bd7b8f000-7f5bd7c8f000 rw-p 00000000 00:00 0                          [stack:5659]
7f5bd7c8f000-7f5bd7c90000 ---p 00000000 00:00 0 
7f5bd7c90000-7f5bd7d90000 rw-p 00000000 00:00 0                          [stack:5658]
7f5bd7d90000-7f5bd7d91000 ---p 00000000 00:00 0 
7f5bd7d91000-7f5bd7eb0000 rw-p 00000000 00:00 0                          [stack:5657]
7f5bd7eb0000-7f5bd807a000 rw-p 00000000 00:00 0 
7f5bd807a000-7f5bd8085000 rw-p 00000000 00:00 0 
7f5bd8085000-7f5bd80a3000 rw-p 00000000 00:00 0 
7f5bd80a3000-7f5bd80c2000 rw-p 00000000 00:00 0 
7f5bd80c2000-7f5bd828b000 rw-p 00000000 00:00 0 
7f5bd828b000-7f5bd829b000 rw-p 00000000 00:00 0 
7f5bd829b000-7f5bd8380000 rw-p 00000000 00:00 0 
7f5bd8380000-7f5bd8381000 rw-p 00000000 00:00 0 
7f5bd8381000-7f5bd85f1000 rwxp 00000000 00:00 0 
7f5bd85f1000-7f5bdb381000 rw-p 00000000 00:00 0 
7f5bdb381000-7f5bdb398000 r-xp 00000000 08:08 33652                      /usr/lib/jvm/java-7-oracle/jre/lib/amd64/libzip.so
7f5bdb398000-7f5bdb598000 ---p 00017000 08:08 33652                      /usr/lib/jvm/java-7-oracle/jre/lib/amd64/libzip.so
7f5bdb598000-7f5bdb599000 rw-p 00017000 08:08 33652                      /usr/lib/jvm/java-7-oracle/jre/lib/amd64/libzip.so
7f5bdb599000-7f5bdb5a4000 r-xp 00000000 08:08 919518                     /lib/x86_64-linux-gnu/libnss_files-2.19.so
7f5bdb5a4000-7f5bdb7a3000 ---p 0000b000 08:08 919518                     /lib/x86_64-linux-gnu/libnss_files-2.19.so
7f5bdb7a3000-7f5bdb7a4000 r--p 0000a000 08:08 919518                     /lib/x86_64-linux-gnu/libnss_files-2.19.so
7f5bdb7a4000-7f5bdb7a5000 rw-p 0000b000 08:08 919518                     /lib/x86_64-linux-gnu/libnss_files-2.19.so
7f5bdb7a5000-7f5bdb7b0000 r-xp 00000000 08:08 919538                     /lib/x86_64-linux-gnu/libnss_nis-2.19.so
7f5bdb7b0000-7f5bdb9af000 ---p 0000b000 08:08 919538                     /lib/x86_64-linux-gnu/libnss_nis-2.19.so
7f5bdb9af000-7f5bdb9b0000 r--p 0000a000 08:08 919538                     /lib/x86_64-linux-gnu/libnss_nis-2.19.so
7f5bdb9b0000-7f5bdb9b1000 rw-p 0000b000 08:08 919538                     /lib/x86_64-linux-gnu/libnss_nis-2.19.so
7f5bdb9b1000-7f5bdb9c8000 r-xp 00000000 08:08 919527                     /lib/x86_64-linux-gnu/libnsl-2.19.so
7f5bdb9c8000-7f5bdbbc7000 ---p 00017000 08:08 919527                     /lib/x86_64-linux-gnu/libnsl-2.19.so
7f5bdbbc7000-7f5bdbbc8000 r--p 00016000 08:08 919527                     /lib/x86_64-linux-gnu/libnsl-2.19.so
7f5bdbbc8000-7f5bdbbc9000 rw-p 00017000 08:08 919527                     /lib/x86_64-linux-gnu/libnsl-2.19.so
7f5bdbbc9000-7f5bdbbcb000 rw-p 00000000 00:00 0 
7f5bdbbcb000-7f5bdbbd4000 r-xp 00000000 08:08 919526                     /lib/x86_64-linux-gnu/libnss_compat-2.19.so
7f5bdbbd4000-7f5bdbdd3000 ---p 00009000 08:08 919526                     /lib/x86_64-linux-gnu/libnss_compat-2.19.so
7f5bdbdd3000-7f5bdbdd4000 r--p 00008000 08:08 919526                     /lib/x86_64-linux-gnu/libnss_compat-2.19.so
7f5bdbdd4000-7f5bdbdd5000 rw-p 00009000 08:08 919526                     /lib/x86_64-linux-gnu/libnss_compat-2.19.so
7f5bdbdd5000-7f5bdbdfe000 r-xp 00000000 08:08 33649                      /usr/lib/jvm/java-7-oracle/jre/lib/amd64/libjava.so
7f5bdbdfe000-7f5bdbffe000 ---p 00029000 08:08 33649                      /usr/lib/jvm/java-7-oracle/jre/lib/amd64/libjava.so
7f5bdbffe000-7f5bdc000000 rw-p 00029000 08:08 33649                      /usr/lib/jvm/java-7-oracle/jre/lib/amd64/libjava.so
7f5bdc000000-7f5bdc139000 rw-p 00000000 00:00 0 
7f5bdc139000-7f5be0000000 ---p 00000000 00:00 0 
7f5be001d000-7f5be00ec000 rw-p 00000000 00:00 0 
7f5be00ec000-7f5be01a2000 rw-p 00000000 00:00 0 
7f5be01a2000-7f5be01f8000 rw-p 00000000 00:00 0 
7f5be01f8000-7f5be0205000 r-xp 00000000 08:08 33675                      /usr/lib/jvm/java-7-oracle/jre/lib/amd64/libverify.so
7f5be0205000-7f5be0404000 ---p 0000d000 08:08 33675                      /usr/lib/jvm/java-7-oracle/jre/lib/amd64/libverify.so
7f5be0404000-7f5be0406000 rw-p 0000c000 08:08 33675                      /usr/lib/jvm/java-7-oracle/jre/lib/amd64/libverify.so
7f5be0406000-7f5be040d000 r-xp 00000000 08:08 919535                     /lib/x86_64-linux-gnu/librt-2.19.so
7f5be040d000-7f5be060c000 ---p 00007000 08:08 919535                     /lib/x86_64-linux-gnu/librt-2.19.so
7f5be060c000-7f5be060d000 r--p 00006000 08:08 919535                     /lib/x86_64-linux-gnu/librt-2.19.so
7f5be060d000-7f5be060e000 rw-p 00007000 08:08 919535                     /lib/x86_64-linux-gnu/librt-2.19.so
7f5be060e000-7f5be0713000 r-xp 00000000 08:08 919517                     /lib/x86_64-linux-gnu/libm-2.19.so
7f5be0713000-7f5be0912000 ---p 00105000 08:08 919517                     /lib/x86_64-linux-gnu/libm-2.19.so
7f5be0912000-7f5be0913000 r--p 00104000 08:08 919517                     /lib/x86_64-linux-gnu/libm-2.19.so
7f5be0913000-7f5be0914000 rw-p 00105000 08:08 919517                     /lib/x86_64-linux-gnu/libm-2.19.so
7f5be0914000-7f5be148a000 r-xp 00000000 08:08 33640                      /usr/lib/jvm/java-7-oracle/jre/lib/amd64/server/libjvm.so
7f5be148a000-7f5be1689000 ---p 00b76000 08:08 33640                      /usr/lib/jvm/java-7-oracle/jre/lib/amd64/server/libjvm.so
7f5be1689000-7f5be174d000 rw-p 00b75000 08:08 33640                      /usr/lib/jvm/java-7-oracle/jre/lib/amd64/server/libjvm.so
7f5be174d000-7f5be178e000 rw-p 00000000 00:00 0 
7f5be178e000-7f5be1949000 r-xp 00000000 08:08 919532                     /lib/x86_64-linux-gnu/libc-2.19.so
7f5be1949000-7f5be1b48000 ---p 001bb000 08:08 919532                     /lib/x86_64-linux-gnu/libc-2.19.so
7f5be1b48000-7f5be1b4c000 r--p 001ba000 08:08 919532                     /lib/x86_64-linux-gnu/libc-2.19.so
7f5be1b4c000-7f5be1b4e000 rw-p 001be000 08:08 919532                     /lib/x86_64-linux-gnu/libc-2.19.so
7f5be1b4e000-7f5be1b53000 rw-p 00000000 00:00 0 
7f5be1b53000-7f5be1b56000 r-xp 00000000 08:08 919521                     /lib/x86_64-linux-gnu/libdl-2.19.so
7f5be1b56000-7f5be1d55000 ---p 00003000 08:08 919521                     /lib/x86_64-linux-gnu/libdl-2.19.so
7f5be1d55000-7f5be1d56000 r--p 00002000 08:08 919521                     /lib/x86_64-linux-gnu/libdl-2.19.so
7f5be1d56000-7f5be1d57000 rw-p 00003000 08:08 919521                     /lib/x86_64-linux-gnu/libdl-2.19.so
7f5be1d57000-7f5be1d6c000 r-xp 00000000 08:08 33680                      /usr/lib/jvm/java-7-oracle/jre/lib/amd64/jli/libjli.so
7f5be1d6c000-7f5be1f6b000 ---p 00015000 08:08 33680                      /usr/lib/jvm/java-7-oracle/jre/lib/amd64/jli/libjli.so
7f5be1f6b000-7f5be1f6c000 rw-p 00014000 08:08 33680                      /usr/lib/jvm/java-7-oracle/jre/lib/amd64/jli/libjli.so
7f5be1f6c000-7f5be1f85000 r-xp 00000000 08:08 919533                     /lib/x86_64-linux-gnu/libpthread-2.19.so
7f5be1f85000-7f5be2184000 ---p 00019000 08:08 919533                     /lib/x86_64-linux-gnu/libpthread-2.19.so
7f5be2184000-7f5be2185000 r--p 00018000 08:08 919533                     /lib/x86_64-linux-gnu/libpthread-2.19.so
7f5be2185000-7f5be2186000 rw-p 00019000 08:08 919533                     /lib/x86_64-linux-gnu/libpthread-2.19.so
7f5be2186000-7f5be218a000 rw-p 00000000 00:00 0 
7f5be218a000-7f5be21ad000 r-xp 00000000 08:08 919529                     /lib/x86_64-linux-gnu/ld-2.19.so
7f5be21af000-7f5be21ba000 rw-p 00000000 00:00 0 
7f5be21ba000-7f5be21d8000 rw-p 00000000 00:00 0 
7f5be21d8000-7f5be222e000 rw-p 00000000 00:00 0 
7f5be222e000-7f5be2231000 ---p 00000000 00:00 0 
7f5be2231000-7f5be2389000 rw-p 00000000 00:00 0                          [stack:5656]
7f5be239d000-7f5be239e000 rw-p 00000000 00:00 0 
7f5be23a6000-7f5be23a7000 rw-p 00000000 00:00 0 
7f5be23a7000-7f5be23a8000 r--p 00000000 00:00 0 
7f5be23a8000-7f5be23aa000 rw-p 00000000 00:00 0 
7f5be23aa000-7f5be23ac000 r-xp 00000000 00:00 0                          [vdso]
7f5be23ac000-7f5be23ad000 r--p 00022000 08:08 919529                     /lib/x86_64-linux-gnu/ld-2.19.so
7f5be23ad000-7f5be23ae000 rw-p 00023000 08:08 919529                     /lib/x86_64-linux-gnu/ld-2.19.so
7f5be23ae000-7f5be23af000 rw-p 00000000 00:00 0 
7ffc9d922000-7ffc9d999000 rw-p 00000000 00:00 0                          [stack]
ffffffffff600000-ffffffffff601000 r-xp 00000000 00:00 0                  [vsyscall]
ffffffffff600000-ffffffffff601000 r-xp 00000000 00:00 0                  [vsyscall]

VM Arguments:
java_command: /home/diego/didfail/dare-1.1.0-linux/soot/jasminclasses-2.5.0.jar -d /home/diego/didfail/toyapps/out/dare/SendSMS/retargeted/SendSMS /home/diego/didfail/toyapps/out/dare/SendSMS/retargeted/SendSMS/android.support.v4.accessibilityservice.AccessibilityServiceInfoCompat$AccessibilityServiceInfoVersionImpl.jasmin /home/diego/didfail/toyapps/out/dare/SendSMS/retargeted/SendSMS/android.support.v4.app.ActionBarDrawerToggleHoneycomb.jasmin /home/diego/didfail/toyapps/out/dare/SendSMS/retargeted/SendSMS/android.support.v4.view.accessibility.AccessibilityRecordCompat$AccessibilityRecordImpl.jasmin /home/diego/didfail/toyapps/out/dare/SendSMS/retargeted/SendSMS/android.support.v4.view.accessibility.AccessibilityRecordCompat$AccessibilityRecordStubImpl.jasmin /home/diego/didfail/toyapps/out/dare/SendSMS/retargeted/SendSMS/android.support.v4.view.accessibility.AccessibilityRecordCompat$AccessibilityRecordIcsImpl.jasmin /home/diego/didfail/toyapps/out/dare/SendSMS/retargeted/SendSMS/android.support.v4.view.accessibility.AccessibilityRecordCompat$AccessibilityRecordIcsMr1Impl.jasmin /home/diego/didfail/toyapps/out/dare/SendSMS/retargeted/SendSMS/android.support.v4.view.accessibility.AccessibilityRecordCompat$AccessibilityRecordJellyBeanImpl.jasmin /home/diego/didfail/toyapps/out/dare/SendSMS/retargeted/SendSMS/android.support.v4.app.FragmentTabHost$SavedState$1.jasmin /home/diego/didfail/toyapps/out/dare/SendSMS/retargeted/SendSMS/android.support.v4.app.BackStackRecord$Op.jasmin /home/diego/didfail/toyapps/out/dare/SendSMS/retargeted/SendSMS/android.support.v4.view.MenuItemCompat$OnActionExpandListener.jasmin /home/diego/didfail/toyapps/out/dare/SendSMS/retargeted/SendSMS/android.support.v4.app.FragmentTabHost$SavedState.jasmin /home/diego/didfail/toyapps/out/dare/SendSMS/retargeted/SendSMS/android.support.v4.content.LocalBroadcastManager$ReceiverRecord.jasmin /home/diego/didfail/toyapps/out/dare/SendSMS/retargeted/SendSMS/android.support.v4.view.KeyEventCompat.jas
Launcher Type: SUN_STANDARD

Environment Variables:
PATH=/usr/local/sbin:/usr/local/bin:/usr/sbin:/usr/bin:/sbin:/bin:/usr/games:/usr/local/games
SHELL=/bin/bash
DISPLAY=:0

Signal Handlers:
SIGSEGV: [libjvm.so+0x9a3b20], sa_mask[0]=0x7ffbfeff, sa_flags=0x10000004
SIGBUS: [libjvm.so+0x9a3b20], sa_mask[0]=0x7ffbfeff, sa_flags=0x10000004
SIGFPE: [libjvm.so+0x81e740], sa_mask[0]=0x7ffbfeff, sa_flags=0x10000004
SIGPIPE: [libjvm.so+0x81e740], sa_mask[0]=0x7ffbfeff, sa_flags=0x10000004
SIGXFSZ: [libjvm.so+0x81e740], sa_mask[0]=0x7ffbfeff, sa_flags=0x10000004
SIGILL: [libjvm.so+0x81e740], sa_mask[0]=0x7ffbfeff, sa_flags=0x10000004
SIGUSR1: SIG_DFL, sa_mask[0]=0x00000000, sa_flags=0x00000000
SIGUSR2: [libjvm.so+0x81ffb0], sa_mask[0]=0x00000000, sa_flags=0x10000004
SIGHUP: SIG_DFL, sa_mask[0]=0x00000000, sa_flags=0x00000000
SIGINT: SIG_DFL, sa_mask[0]=0x00000000, sa_flags=0x00000000
SIGTERM: SIG_DFL, sa_mask[0]=0x00000000, sa_flags=0x00000000
SIGQUIT: SIG_DFL, sa_mask[0]=0x00000000, sa_flags=0x00000000


---------------  S Y S T E M  ---------------

OS:jessie/sid

uname:Linux 3.13.0-51-generic #84-Ubuntu SMP Wed Apr 15 12:08:34 UTC 2015 x86_64
libc:glibc 2.19 NPTL 2.19 
rlimit: STACK 8192k, CORE 0k, NPROC 46406, NOFILE 4096, AS 2250000k
load average:2,33 1,09 0,62

/proc/meminfo:
MemTotal:        6004492 kB
MemFree:         3592612 kB
Buffers:          116504 kB
Cached:          1050804 kB
SwapCached:            0 kB
Active:          1394940 kB
Inactive:         788564 kB
Active(anon):    1017608 kB
Inactive(anon):   152784 kB
Active(file):     377332 kB
Inactive(file):   635780 kB
Unevictable:          64 kB
Mlocked:              64 kB
SwapTotal:       1973244 kB
SwapFree:        1973244 kB
Dirty:              4280 kB
Writeback:             0 kB
AnonPages:       1016348 kB
Mapped:           370632 kB
Shmem:            154200 kB
Slab:             104368 kB
SReclaimable:      69040 kB
SUnreclaim:        35328 kB
KernelStack:        4336 kB
PageTables:        45020 kB
NFS_Unstable:          0 kB
Bounce:                0 kB
WritebackTmp:          0 kB
CommitLimit:     4975488 kB
Committed_AS:    4339596 kB
VmallocTotal:   34359738367 kB
VmallocUsed:      354368 kB
VmallocChunk:   34359376860 kB
HardwareCorrupted:     0 kB
AnonHugePages:    253952 kB
HugePages_Total:       0
HugePages_Free:        0
HugePages_Rsvd:        0
HugePages_Surp:        0
Hugepagesize:       2048 kB
DirectMap4k:       72272 kB
DirectMap2M:     6111232 kB


CPU:total 4 (2 cores per cpu, 2 threads per core) family 6 model 58 stepping 9, cmov, cx8, fxsr, mmx, sse, sse2, sse3, ssse3, sse4.1, sse4.2, popcnt, avx, aes, erms, ht, tsc, tscinvbit, tscinv

/proc/cpuinfo:
processor	: 0
vendor_id	: GenuineIntel
cpu family	: 6
model		: 58
model name	: Intel(R) Core(TM) i7-3517U CPU @ 1.90GHz
stepping	: 9
microcode	: 0x13
cpu MHz		: 768.000
cache size	: 4096 KB
physical id	: 0
siblings	: 4
core id		: 0
cpu cores	: 2
apicid		: 0
initial apicid	: 0
fpu		: yes
fpu_exception	: yes
cpuid level	: 13
wp		: yes
flags		: fpu vme de pse tsc msr pae mce cx8 apic sep mtrr pge mca cmov pat pse36 clflush dts acpi mmx fxsr sse sse2 ss ht tm pbe syscall nx rdtscp lm constant_tsc arch_perfmon pebs bts rep_good nopl xtopology nonstop_tsc aperfmperf eagerfpu pni pclmulqdq dtes64 monitor ds_cpl vmx est tm2 ssse3 cx16 xtpr pdcm pcid sse4_1 sse4_2 x2apic popcnt tsc_deadline_timer aes xsave avx f16c rdrand lahf_lm ida arat epb xsaveopt pln pts dtherm tpr_shadow vnmi flexpriority ept vpid fsgsbase smep erms
bogomips	: 4789.11
clflush size	: 64
cache_alignment	: 64
address sizes	: 36 bits physical, 48 bits virtual
power management:

processor	: 1
vendor_id	: GenuineIntel
cpu family	: 6
model		: 58
model name	: Intel(R) Core(TM) i7-3517U CPU @ 1.90GHz
stepping	: 9
microcode	: 0x13
cpu MHz		: 1900.000
cache size	: 4096 KB
physical id	: 0
siblings	: 4
core id		: 1
cpu cores	: 2
apicid		: 2
initial apicid	: 2
fpu		: yes
fpu_exception	: yes
cpuid level	: 13
wp		: yes
flags		: fpu vme de pse tsc msr pae mce cx8 apic sep mtrr pge mca cmov pat pse36 clflush dts acpi mmx fxsr sse sse2 ss ht tm pbe syscall nx rdtscp lm constant_tsc arch_perfmon pebs bts rep_good nopl xtopology nonstop_tsc aperfmperf eagerfpu pni pclmulqdq dtes64 monitor ds_cpl vmx est tm2 ssse3 cx16 xtpr pdcm pcid sse4_1 sse4_2 x2apic popcnt tsc_deadline_timer aes xsave avx f16c rdrand lahf_lm ida arat epb xsaveopt pln pts dtherm tpr_shadow vnmi flexpriority ept vpid fsgsbase smep erms
bogomips	: 4789.11
clflush size	: 64
cache_alignment	: 64
address sizes	: 36 bits physical, 48 bits virtual
power management:

processor	: 2
vendor_id	: GenuineIntel
cpu family	: 6
model		: 58
model name	: Intel(R) Core(TM) i7-3517U CPU @ 1.90GHz
stepping	: 9
microcode	: 0x13
cpu MHz		: 768.000
cache size	: 4096 KB
physical id	: 0
siblings	: 4
core id		: 0
cpu cores	: 2
apicid		: 1
initial apicid	: 1
fpu		: yes
fpu_exception	: yes
cpuid level	: 13
wp		: yes
flags		: fpu vme de pse tsc msr pae mce cx8 apic sep mtrr pge mca cmov pat pse36 clflush dts acpi mmx fxsr sse sse2 ss ht tm pbe syscall nx rdtscp lm constant_tsc arch_perfmon pebs bts rep_good nopl xtopology nonstop_tsc aperfmperf eagerfpu pni pclmulqdq dtes64 monitor ds_cpl vmx est tm2 ssse3 cx16 xtpr pdcm pcid sse4_1 sse4_2 x2apic popcnt tsc_deadline_timer aes xsave avx f16c rdrand lahf_lm ida arat epb xsaveopt pln pts dtherm tpr_shadow vnmi flexpriority ept vpid fsgsbase smep erms
bogomips	: 4789.11
clflush size	: 64
cache_alignment	: 64
address sizes	: 36 bits physical, 48 bits virtual
power management:

processor	: 3
vendor_id	: GenuineIntel
cpu family	: 6
model		: 58
model name	: Intel(R) Core(TM) i7-3517U CPU @ 1.90GHz
stepping	: 9
microcode	: 0x13
cpu MHz		: 1900.000
cache size	: 4096 KB
physical id	: 0
siblings	: 4
core id		: 1
cpu cores	: 2
apicid		: 3
initial apicid	: 3
fpu		: yes
fpu_exception	: yes
cpuid level	: 13
wp		: yes
flags		: fpu vme de pse tsc msr pae mce cx8 apic sep mtrr pge mca cmov pat pse36 clflush dts acpi mmx fxsr sse sse2 ss ht tm pbe syscall nx rdtscp lm constant_tsc arch_perfmon pebs bts rep_good nopl xtopology nonstop_tsc aperfmperf eagerfpu pni pclmulqdq dtes64 monitor ds_cpl vmx est tm2 ssse3 cx16 xtpr pdcm pcid sse4_1 sse4_2 x2apic popcnt tsc_deadline_timer aes xsave avx f16c rdrand lahf_lm ida arat epb xsaveopt pln pts dtherm tpr_shadow vnmi flexpriority ept vpid fsgsbase smep erms
bogomips	: 4789.11
clflush size	: 64
cache_alignment	: 64
address sizes	: 36 bits physical, 48 bits virtual
power management:



Memory: 4k page, physical 6004492k(3592612k free), swap 1973244k(1973244k free)

vm_info: Java HotSpot(TM) 64-Bit Server VM (24.80-b11) for linux-amd64 JRE (1.7.0_80-b15), built on Apr 10 2015 19:53:14 by "java_re" with gcc 4.3.0 20080428 (Red Hat 4.3.0-8)

time: Thu May  7 18:50:06 2015
elapsed time: 0 seconds

