#
# There is insufficient memory for the Java Runtime Environment to continue.
# pthread_getattr_np
# Possible reasons:
#   The system is out of physical RAM or swap space
#   In 32 bit mode, the process size limit was hit
# Possible solutions:
#   Reduce memory load on the system
#   Increase physical memory or swap space
#   Check if swap backing store is full
#   Use 64 bit Java on a 64 bit OS
#   Decrease Java heap size (-Xmx/-Xms)
#   Decrease number of Java threads
#   Decrease Java thread stack sizes (-Xss)
#   Set larger code cache with -XX:ReservedCodeCacheSize=
# This output file may be truncated or incomplete.
#
#  Out of Memory Error (os_linux_x86.cpp:718), pid=7985, tid=140110694459136
#
# JRE version:  (7.0_80-b15) (build )
# Java VM: Java HotSpot(TM) 64-Bit Server VM (24.80-b11 mixed mode linux-amd64 compressed oops)
# Failed to write core dump. Core dumps have been disabled. To enable core dumping, try "ulimit -c unlimited" before starting Java again
#

---------------  T H R E A D  ---------------

Current thread (0x00007f6e0c153000):  JavaThread "Finalizer" daemon [_thread_new, id=7993, stack(0x0000000000000000,0x0000000000000000)]

Stack: [0x0000000000000000,0x0000000000000000],  sp=0x00007f6e102c16e0,  free space=136826850053k
Native frames: (J=compiled Java code, j=interpreted, Vv=VM code, C=native code)
V  [libjvm.so+0x9a320a]
V  [libjvm.so+0x498d3b]
V  [libjvm.so+0x82770a]
V  [libjvm.so+0x827755]
V  [libjvm.so+0x955874]
V  [libjvm.so+0x95c034]
V  [libjvm.so+0x8238c8]


---------------  P R O C E S S  ---------------

Java Threads: ( => current thread )
=>0x00007f6e0c153000 JavaThread "Finalizer" daemon [_thread_new, id=7993, stack(0x0000000000000000,0x0000000000000000)]
  0x00007f6e0c151000 JavaThread "Reference Handler" daemon [_thread_blocked, id=7992, stack(0x00007f6e102c3000,0x00007f6e103c4000)]
  0x00007f6e0c026000 JavaThread "main" [_thread_in_vm, id=7986, stack(0x00007f6e14fff000,0x00007f6e15100000)]

Other Threads:
  0x00007f6e0c14c800 VMThread [stack: 0x00007f6e103c4000,0x00007f6e104c5000] [id=7991]

VM state:not at safepoint (normal execution)

VM Mutex/Monitor currently owned by a thread: None

Heap
 PSYoungGen      total 27648K, used 481K [0x00000000e1700000, 0x00000000e3580000, 0x0000000100000000)
  eden space 24064K, 2% used [0x00000000e1700000,0x00000000e1778570,0x00000000e2e80000)
  from space 3584K, 0% used [0x00000000e3200000,0x00000000e3200000,0x00000000e3580000)
  to   space 3584K, 0% used [0x00000000e2e80000,0x00000000e2e80000,0x00000000e3200000)
 ParOldGen       total 62464K, used 0K [0x00000000a4600000, 0x00000000a8300000, 0x00000000e1700000)
  object space 62464K, 0% used [0x00000000a4600000,0x00000000a4600000,0x00000000a8300000)
 PSPermGen       total 21504K, used 870K [0x000000009f400000, 0x00000000a0900000, 0x00000000a4600000)
  object space 21504K, 4% used [0x000000009f400000,0x000000009f4d9a38,0x00000000a0900000)

Card table byte_map: [0x00007f6e11feb000,0x00007f6e122f2000] byte_map_base: 0x00007f6e11af1000

Polling page: 0x00007f6e15122000

Code Cache  [0x00007f6e09000000, 0x00007f6e09270000, 0x00007f6e0c000000)
 total_blobs=74 nmethods=0 adapters=51 free_code_cache=48819Kb largest_free_block=49990272

Compilation events (0 events):
No events

GC Heap History (0 events):
No events

Deoptimization events (0 events):
No events

Internal exceptions (0 events):
No events

Events (10 events):
Event: 0,020 Thread 0x00007f6e0c151000 Thread added: 0x00007f6e0c151000
Event: 0,020 loading class 0x00007f6e11666e00
Event: 0,020 loading class 0x00007f6e11666e00 done
Event: 0,020 loading class 0x00007f6e1167dff0
Event: 0,020 loading class 0x00007f6e1167dff0 done
Event: 0,020 loading class 0x00007f6e1167dfc0
Event: 0,020 loading class 0x00007f6e1167dfc0 done
Event: 0,020 loading class 0x00007f6e116675e0
Event: 0,020 loading class 0x00007f6e116675e0 done
Event: 0,020 Thread 0x00007f6e0c153000 Thread added: 0x00007f6e0c153000


Dynamic libraries:
00400000-00401000 r-xp 00000000 08:08 33603                              /usr/lib/jvm/java-7-oracle/jre/bin/java
00600000-00601000 rw-p 00000000 08:08 33603                              /usr/lib/jvm/java-7-oracle/jre/bin/java
00c23000-00c44000 rw-p 00000000 00:00 0                                  [heap]
9f400000-a0900000 rw-p 00000000 00:00 0 
a0900000-a4600000 rw-p 00000000 00:00 0 
a4600000-a8300000 rw-p 00000000 00:00 0 
a8300000-e1700000 rw-p 00000000 00:00 0 
e1700000-e3580000 rw-p 00000000 00:00 0 
e3580000-100000000 rw-p 00000000 00:00 0 
7f6dec000000-7f6dec021000 rw-p 00000000 00:00 0 
7f6dec021000-7f6df0000000 ---p 00000000 00:00 0 
7f6df0000000-7f6df0021000 rw-p 00000000 00:00 0 
7f6df0021000-7f6df4000000 ---p 00000000 00:00 0 
7f6df4000000-7f6df4021000 rw-p 00000000 00:00 0 
7f6df4021000-7f6df8000000 ---p 00000000 00:00 0 
7f6df8000000-7f6df8021000 rw-p 00000000 00:00 0 
7f6df8021000-7f6dfc000000 ---p 00000000 00:00 0 
7f6dfc000000-7f6dfc021000 rw-p 00000000 00:00 0 
7f6dfc021000-7f6e00000000 ---p 00000000 00:00 0 
7f6e00fa0000-7f6e04000000 rw-p 00000000 00:00 0 
7f6e04000000-7f6e04021000 rw-p 00000000 00:00 0 
7f6e04021000-7f6e08000000 ---p 00000000 00:00 0 
7f6e08abe000-7f6e09000000 r--p 00000000 08:08 1056158                    /usr/lib/locale/locale-archive
7f6e09000000-7f6e09270000 rwxp 00000000 00:00 0 
7f6e09270000-7f6e0c15a000 rw-p 00000000 00:00 0 
7f6e0c15a000-7f6e10000000 ---p 00000000 00:00 0 
7f6e101c2000-7f6e102c3000 rw-p 00000000 00:00 0                          [stack:7993]
7f6e102c3000-7f6e102c6000 ---p 00000000 00:00 0 
7f6e102c6000-7f6e103c4000 rw-p 00000000 00:00 0                          [stack:7992]
7f6e103c4000-7f6e103c5000 ---p 00000000 00:00 0 
7f6e103c5000-7f6e1141f000 rw-p 00000000 00:00 0                          [stack:7991]
7f6e1141f000-7f6e115df000 r--s 039fb000 08:08 33736                      /usr/lib/jvm/java-7-oracle/jre/lib/rt.jar
7f6e115df000-7f6e119d5000 rw-p 00000000 00:00 0 
7f6e119d5000-7f6e119d6000 ---p 00000000 00:00 0 
7f6e119d6000-7f6e11ad6000 rw-p 00000000 00:00 0                          [stack:7990]
7f6e11ad6000-7f6e11ad7000 ---p 00000000 00:00 0 
7f6e11ad7000-7f6e11bd7000 rw-p 00000000 00:00 0                          [stack:7989]
7f6e11bd7000-7f6e11bd8000 ---p 00000000 00:00 0 
7f6e11bd8000-7f6e11cd8000 rw-p 00000000 00:00 0                          [stack:7988]
7f6e11cd8000-7f6e11cd9000 ---p 00000000 00:00 0 
7f6e11cd9000-7f6e11de4000 rw-p 00000000 00:00 0                          [stack:7987]
7f6e11de4000-7f6e11e02000 rw-p 00000000 00:00 0 
7f6e11e02000-7f6e11e21000 rw-p 00000000 00:00 0 
7f6e11e21000-7f6e11feb000 rw-p 00000000 00:00 0 
7f6e11feb000-7f6e11ff6000 rw-p 00000000 00:00 0 
7f6e11ff6000-7f6e12014000 rw-p 00000000 00:00 0 
7f6e12014000-7f6e12033000 rw-p 00000000 00:00 0 
7f6e12033000-7f6e121fc000 rw-p 00000000 00:00 0 
7f6e121fc000-7f6e1220c000 rw-p 00000000 00:00 0 
7f6e1220c000-7f6e122f1000 rw-p 00000000 00:00 0 
7f6e122f1000-7f6e122f2000 rw-p 00000000 00:00 0 
7f6e122f2000-7f6e12309000 r-xp 00000000 08:08 33652                      /usr/lib/jvm/java-7-oracle/jre/lib/amd64/libzip.so
7f6e12309000-7f6e12509000 ---p 00017000 08:08 33652                      /usr/lib/jvm/java-7-oracle/jre/lib/amd64/libzip.so
7f6e12509000-7f6e1250a000 rw-p 00017000 08:08 33652                      /usr/lib/jvm/java-7-oracle/jre/lib/amd64/libzip.so
7f6e1250a000-7f6e12515000 r-xp 00000000 08:08 919518                     /lib/x86_64-linux-gnu/libnss_files-2.19.so
7f6e12515000-7f6e12714000 ---p 0000b000 08:08 919518                     /lib/x86_64-linux-gnu/libnss_files-2.19.so
7f6e12714000-7f6e12715000 r--p 0000a000 08:08 919518                     /lib/x86_64-linux-gnu/libnss_files-2.19.so
7f6e12715000-7f6e12716000 rw-p 0000b000 08:08 919518                     /lib/x86_64-linux-gnu/libnss_files-2.19.so
7f6e12716000-7f6e12721000 r-xp 00000000 08:08 919538                     /lib/x86_64-linux-gnu/libnss_nis-2.19.so
7f6e12721000-7f6e12920000 ---p 0000b000 08:08 919538                     /lib/x86_64-linux-gnu/libnss_nis-2.19.so
7f6e12920000-7f6e12921000 r--p 0000a000 08:08 919538                     /lib/x86_64-linux-gnu/libnss_nis-2.19.so
7f6e12921000-7f6e12922000 rw-p 0000b000 08:08 919538                     /lib/x86_64-linux-gnu/libnss_nis-2.19.so
7f6e12922000-7f6e12939000 r-xp 00000000 08:08 919527                     /lib/x86_64-linux-gnu/libnsl-2.19.so
7f6e12939000-7f6e12b38000 ---p 00017000 08:08 919527                     /lib/x86_64-linux-gnu/libnsl-2.19.so
7f6e12b38000-7f6e12b39000 r--p 00016000 08:08 919527                     /lib/x86_64-linux-gnu/libnsl-2.19.so
7f6e12b39000-7f6e12b3a000 rw-p 00017000 08:08 919527                     /lib/x86_64-linux-gnu/libnsl-2.19.so
7f6e12b3a000-7f6e12b3c000 rw-p 00000000 00:00 0 
7f6e12b3c000-7f6e12b45000 r-xp 00000000 08:08 919526                     /lib/x86_64-linux-gnu/libnss_compat-2.19.so
7f6e12b45000-7f6e12d44000 ---p 00009000 08:08 919526                     /lib/x86_64-linux-gnu/libnss_compat-2.19.so
7f6e12d44000-7f6e12d45000 r--p 00008000 08:08 919526                     /lib/x86_64-linux-gnu/libnss_compat-2.19.so
7f6e12d45000-7f6e12d46000 rw-p 00009000 08:08 919526                     /lib/x86_64-linux-gnu/libnss_compat-2.19.so
7f6e12d46000-7f6e12d6f000 r-xp 00000000 08:08 33649                      /usr/lib/jvm/java-7-oracle/jre/lib/amd64/libjava.so
7f6e12d6f000-7f6e12f6f000 ---p 00029000 08:08 33649                      /usr/lib/jvm/java-7-oracle/jre/lib/amd64/libjava.so
7f6e12f6f000-7f6e12f71000 rw-p 00029000 08:08 33649                      /usr/lib/jvm/java-7-oracle/jre/lib/amd64/libjava.so
7f6e12f71000-7f6e12f7e000 r-xp 00000000 08:08 33675                      /usr/lib/jvm/java-7-oracle/jre/lib/amd64/libverify.so
7f6e12f7e000-7f6e1317d000 ---p 0000d000 08:08 33675                      /usr/lib/jvm/java-7-oracle/jre/lib/amd64/libverify.so
7f6e1317d000-7f6e1317f000 rw-p 0000c000 08:08 33675                      /usr/lib/jvm/java-7-oracle/jre/lib/amd64/libverify.so
7f6e1317f000-7f6e13186000 r-xp 00000000 08:08 919535                     /lib/x86_64-linux-gnu/librt-2.19.so
7f6e13186000-7f6e13385000 ---p 00007000 08:08 919535                     /lib/x86_64-linux-gnu/librt-2.19.so
7f6e13385000-7f6e13386000 r--p 00006000 08:08 919535                     /lib/x86_64-linux-gnu/librt-2.19.so
7f6e13386000-7f6e13387000 rw-p 00007000 08:08 919535                     /lib/x86_64-linux-gnu/librt-2.19.so
7f6e13387000-7f6e1348c000 r-xp 00000000 08:08 919517                     /lib/x86_64-linux-gnu/libm-2.19.so
7f6e1348c000-7f6e1368b000 ---p 00105000 08:08 919517                     /lib/x86_64-linux-gnu/libm-2.19.so
7f6e1368b000-7f6e1368c000 r--p 00104000 08:08 919517                     /lib/x86_64-linux-gnu/libm-2.19.so
7f6e1368c000-7f6e1368d000 rw-p 00105000 08:08 919517                     /lib/x86_64-linux-gnu/libm-2.19.so
7f6e1368d000-7f6e14203000 r-xp 00000000 08:08 33640                      /usr/lib/jvm/java-7-oracle/jre/lib/amd64/server/libjvm.so
7f6e14203000-7f6e14402000 ---p 00b76000 08:08 33640                      /usr/lib/jvm/java-7-oracle/jre/lib/amd64/server/libjvm.so
7f6e14402000-7f6e144c6000 rw-p 00b75000 08:08 33640                      /usr/lib/jvm/java-7-oracle/jre/lib/amd64/server/libjvm.so
7f6e144c6000-7f6e14507000 rw-p 00000000 00:00 0 
7f6e14507000-7f6e146c2000 r-xp 00000000 08:08 919532                     /lib/x86_64-linux-gnu/libc-2.19.so
7f6e146c2000-7f6e148c1000 ---p 001bb000 08:08 919532                     /lib/x86_64-linux-gnu/libc-2.19.so
7f6e148c1000-7f6e148c5000 r--p 001ba000 08:08 919532                     /lib/x86_64-linux-gnu/libc-2.19.so
7f6e148c5000-7f6e148c7000 rw-p 001be000 08:08 919532                     /lib/x86_64-linux-gnu/libc-2.19.so
7f6e148c7000-7f6e148cc000 rw-p 00000000 00:00 0 
7f6e148cc000-7f6e148cf000 r-xp 00000000 08:08 919521                     /lib/x86_64-linux-gnu/libdl-2.19.so
7f6e148cf000-7f6e14ace000 ---p 00003000 08:08 919521                     /lib/x86_64-linux-gnu/libdl-2.19.so
7f6e14ace000-7f6e14acf000 r--p 00002000 08:08 919521                     /lib/x86_64-linux-gnu/libdl-2.19.so
7f6e14acf000-7f6e14ad0000 rw-p 00003000 08:08 919521                     /lib/x86_64-linux-gnu/libdl-2.19.so
7f6e14ad0000-7f6e14ae5000 r-xp 00000000 08:08 33680                      /usr/lib/jvm/java-7-oracle/jre/lib/amd64/jli/libjli.so
7f6e14ae5000-7f6e14ce4000 ---p 00015000 08:08 33680                      /usr/lib/jvm/java-7-oracle/jre/lib/amd64/jli/libjli.so
7f6e14ce4000-7f6e14ce5000 rw-p 00014000 08:08 33680                      /usr/lib/jvm/java-7-oracle/jre/lib/amd64/jli/libjli.so
7f6e14ce5000-7f6e14cfe000 r-xp 00000000 08:08 919533                     /lib/x86_64-linux-gnu/libpthread-2.19.so
7f6e14cfe000-7f6e14efd000 ---p 00019000 08:08 919533                     /lib/x86_64-linux-gnu/libpthread-2.19.so
7f6e14efd000-7f6e14efe000 r--p 00018000 08:08 919533                     /lib/x86_64-linux-gnu/libpthread-2.19.so
7f6e14efe000-7f6e14eff000 rw-p 00019000 08:08 919533                     /lib/x86_64-linux-gnu/libpthread-2.19.so
7f6e14eff000-7f6e14f03000 rw-p 00000000 00:00 0 
7f6e14f03000-7f6e14f26000 r-xp 00000000 08:08 919529                     /lib/x86_64-linux-gnu/ld-2.19.so
7f6e14f3f000-7f6e14f49000 rw-p 00000000 00:00 0 
7f6e14f49000-7f6e14fff000 rw-p 00000000 00:00 0 
7f6e14fff000-7f6e15002000 ---p 00000000 00:00 0 
7f6e15002000-7f6e15104000 rw-p 00000000 00:00 0                          [stack:7986]
7f6e15119000-7f6e15121000 rw-s 00000000 08:08 134526                     /tmp/hsperfdata_diego/7985
7f6e15121000-7f6e15122000 rw-p 00000000 00:00 0 
7f6e15122000-7f6e15123000 r--p 00000000 00:00 0 
7f6e15123000-7f6e15125000 rw-p 00000000 00:00 0 
7f6e15125000-7f6e15126000 r--p 00022000 08:08 919529                     /lib/x86_64-linux-gnu/ld-2.19.so
7f6e15126000-7f6e15127000 rw-p 00023000 08:08 919529                     /lib/x86_64-linux-gnu/ld-2.19.so
7f6e15127000-7f6e15128000 rw-p 00000000 00:00 0 
7ffdd3d66000-7ffdd3d96000 rw-p 00000000 00:00 0                          [stack]
7ffdd3dee000-7ffdd3df0000 r-xp 00000000 00:00 0                          [vdso]
ffffffffff600000-ffffffffff601000 r-xp 00000000 00:00 0                  [vsyscall]

VM Arguments:
java_command: /home/diego/didfail/dare-1.1.0-linux/soot/jasminclasses-2.5.0.jar -d /home/diego/didfail/toyapps/out/dare/Echoer/retargeted/Echoer /home/diego/didfail/toyapps/out/dare/Echoer/retargeted/Echoer/android.support.v4.accessibilityservice.AccessibilityServiceInfoCompat$AccessibilityServiceInfoVersionImpl.jasmin /home/diego/didfail/toyapps/out/dare/Echoer/retargeted/Echoer/android.support.v4.app.ActionBarDrawerToggleHoneycomb.jasmin /home/diego/didfail/toyapps/out/dare/Echoer/retargeted/Echoer/android.support.v4.view.accessibility.AccessibilityRecordCompat$AccessibilityRecordImpl.jasmin /home/diego/didfail/toyapps/out/dare/Echoer/retargeted/Echoer/android.support.v4.view.accessibility.AccessibilityRecordCompat$AccessibilityRecordStubImpl.jasmin /home/diego/didfail/toyapps/out/dare/Echoer/retargeted/Echoer/android.support.v4.view.accessibility.AccessibilityRecordCompat$AccessibilityRecordIcsImpl.jasmin /home/diego/didfail/toyapps/out/dare/Echoer/retargeted/Echoer/android.support.v4.view.accessibility.AccessibilityRecordCompat$AccessibilityRecordIcsMr1Impl.jasmin /home/diego/didfail/toyapps/out/dare/Echoer/retargeted/Echoer/android.support.v4.view.accessibility.AccessibilityRecordCompat$AccessibilityRecordJellyBeanImpl.jasmin /home/diego/didfail/toyapps/out/dare/Echoer/retargeted/Echoer/android.support.v4.app.FragmentTabHost$SavedState$1.jasmin /home/diego/didfail/toyapps/out/dare/Echoer/retargeted/Echoer/android.support.v4.app.BackStackRecord$Op.jasmin /home/diego/didfail/toyapps/out/dare/Echoer/retargeted/Echoer/android.support.v4.view.MenuItemCompat$OnActionExpandListener.jasmin /home/diego/didfail/toyapps/out/dare/Echoer/retargeted/Echoer/android.support.v4.app.FragmentTabHost$SavedState.jasmin /home/diego/didfail/toyapps/out/dare/Echoer/retargeted/Echoer/android.support.v4.content.LocalBroadcastManager$ReceiverRecord.jasmin /home/diego/didfail/toyapps/out/dare/Echoer/retargeted/Echoer/android.support.v4.view.KeyEventCompat.jasmin /home/diego/didfail/toya
Launcher Type: SUN_STANDARD

Environment Variables:
PATH=/usr/local/sbin:/usr/local/bin:/usr/sbin:/usr/bin:/sbin:/bin:/usr/games:/usr/local/games
SHELL=/bin/bash
DISPLAY=:0

Signal Handlers:
SIGSEGV: [libjvm.so+0x9a3b20], sa_mask[0]=0x7ffbfeff, sa_flags=0x10000004
SIGBUS: [libjvm.so+0x9a3b20], sa_mask[0]=0x7ffbfeff, sa_flags=0x10000004
SIGFPE: [libjvm.so+0x81e740], sa_mask[0]=0x7ffbfeff, sa_flags=0x10000004
SIGPIPE: [libjvm.so+0x81e740], sa_mask[0]=0x7ffbfeff, sa_flags=0x10000004
SIGXFSZ: [libjvm.so+0x81e740], sa_mask[0]=0x7ffbfeff, sa_flags=0x10000004
SIGILL: [libjvm.so+0x81e740], sa_mask[0]=0x7ffbfeff, sa_flags=0x10000004
SIGUSR1: SIG_DFL, sa_mask[0]=0x00000000, sa_flags=0x00000000
SIGUSR2: [libjvm.so+0x81ffb0], sa_mask[0]=0x00000000, sa_flags=0x10000004
SIGHUP: SIG_DFL, sa_mask[0]=0x00000000, sa_flags=0x00000000
SIGINT: SIG_DFL, sa_mask[0]=0x00000000, sa_flags=0x00000000
SIGTERM: SIG_DFL, sa_mask[0]=0x00000000, sa_flags=0x00000000
SIGQUIT: SIG_DFL, sa_mask[0]=0x00000000, sa_flags=0x00000000


---------------  S Y S T E M  ---------------

OS:jessie/sid

uname:Linux 3.13.0-51-generic #84-Ubuntu SMP Wed Apr 15 12:08:34 UTC 2015 x86_64
libc:glibc 2.19 NPTL 2.19 
rlimit: STACK 8192k, CORE 0k, NPROC 46406, NOFILE 4096, AS 2250000k
load average:0,90 0,53 0,38

/proc/meminfo:
MemTotal:        6004492 kB
MemFree:         3312132 kB
Buffers:          127408 kB
Cached:          1552872 kB
SwapCached:            0 kB
Active:          1508768 kB
Inactive:         903924 kB
Active(anon):     741232 kB
Inactive(anon):   111380 kB
Active(file):     767536 kB
Inactive(file):   792544 kB
Unevictable:          64 kB
Mlocked:              64 kB
SwapTotal:       1973244 kB
SwapFree:        1973244 kB
Dirty:              4704 kB
Writeback:             4 kB
AnonPages:        732324 kB
Mapped:           328560 kB
Shmem:            120388 kB
Slab:             161476 kB
SReclaimable:     126656 kB
SUnreclaim:        34820 kB
KernelStack:        4008 kB
PageTables:        39880 kB
NFS_Unstable:          0 kB
Bounce:                0 kB
WritebackTmp:          0 kB
CommitLimit:     4975488 kB
Committed_AS:    3526592 kB
VmallocTotal:   34359738367 kB
VmallocUsed:      354360 kB
VmallocChunk:   34359376860 kB
HardwareCorrupted:     0 kB
AnonHugePages:    198656 kB
HugePages_Total:       0
HugePages_Free:        0
HugePages_Rsvd:        0
HugePages_Surp:        0
Hugepagesize:       2048 kB
DirectMap4k:       78416 kB
DirectMap2M:     6105088 kB


CPU:total 4 (2 cores per cpu, 2 threads per core) family 6 model 58 stepping 9, cmov, cx8, fxsr, mmx, sse, sse2, sse3, ssse3, sse4.1, sse4.2, popcnt, avx, aes, erms, ht, tsc, tscinvbit, tscinv

/proc/cpuinfo:
processor	: 0
vendor_id	: GenuineIntel
cpu family	: 6
model		: 58
model name	: Intel(R) Core(TM) i7-3517U CPU @ 1.90GHz
stepping	: 9
microcode	: 0x13
cpu MHz		: 1900.000
cache size	: 4096 KB
physical id	: 0
siblings	: 4
core id		: 0
cpu cores	: 2
apicid		: 0
initial apicid	: 0
fpu		: yes
fpu_exception	: yes
cpuid level	: 13
wp		: yes
flags		: fpu vme de pse tsc msr pae mce cx8 apic sep mtrr pge mca cmov pat pse36 clflush dts acpi mmx fxsr sse sse2 ss ht tm pbe syscall nx rdtscp lm constant_tsc arch_perfmon pebs bts rep_good nopl xtopology nonstop_tsc aperfmperf eagerfpu pni pclmulqdq dtes64 monitor ds_cpl vmx est tm2 ssse3 cx16 xtpr pdcm pcid sse4_1 sse4_2 x2apic popcnt tsc_deadline_timer aes xsave avx f16c rdrand lahf_lm ida arat epb xsaveopt pln pts dtherm tpr_shadow vnmi flexpriority ept vpid fsgsbase smep erms
bogomips	: 4788.90
clflush size	: 64
cache_alignment	: 64
address sizes	: 36 bits physical, 48 bits virtual
power management:

processor	: 1
vendor_id	: GenuineIntel
cpu family	: 6
model		: 58
model name	: Intel(R) Core(TM) i7-3517U CPU @ 1.90GHz
stepping	: 9
microcode	: 0x13
cpu MHz		: 1200.000
cache size	: 4096 KB
physical id	: 0
siblings	: 4
core id		: 1
cpu cores	: 2
apicid		: 2
initial apicid	: 2
fpu		: yes
fpu_exception	: yes
cpuid level	: 13
wp		: yes
flags		: fpu vme de pse tsc msr pae mce cx8 apic sep mtrr pge mca cmov pat pse36 clflush dts acpi mmx fxsr sse sse2 ss ht tm pbe syscall nx rdtscp lm constant_tsc arch_perfmon pebs bts rep_good nopl xtopology nonstop_tsc aperfmperf eagerfpu pni pclmulqdq dtes64 monitor ds_cpl vmx est tm2 ssse3 cx16 xtpr pdcm pcid sse4_1 sse4_2 x2apic popcnt tsc_deadline_timer aes xsave avx f16c rdrand lahf_lm ida arat epb xsaveopt pln pts dtherm tpr_shadow vnmi flexpriority ept vpid fsgsbase smep erms
bogomips	: 4788.90
clflush size	: 64
cache_alignment	: 64
address sizes	: 36 bits physical, 48 bits virtual
power management:

processor	: 2
vendor_id	: GenuineIntel
cpu family	: 6
model		: 58
model name	: Intel(R) Core(TM) i7-3517U CPU @ 1.90GHz
stepping	: 9
microcode	: 0x13
cpu MHz		: 1900.000
cache size	: 4096 KB
physical id	: 0
siblings	: 4
core id		: 0
cpu cores	: 2
apicid		: 1
initial apicid	: 1
fpu		: yes
fpu_exception	: yes
cpuid level	: 13
wp		: yes
flags		: fpu vme de pse tsc msr pae mce cx8 apic sep mtrr pge mca cmov pat pse36 clflush dts acpi mmx fxsr sse sse2 ss ht tm pbe syscall nx rdtscp lm constant_tsc arch_perfmon pebs bts rep_good nopl xtopology nonstop_tsc aperfmperf eagerfpu pni pclmulqdq dtes64 monitor ds_cpl vmx est tm2 ssse3 cx16 xtpr pdcm pcid sse4_1 sse4_2 x2apic popcnt tsc_deadline_timer aes xsave avx f16c rdrand lahf_lm ida arat epb xsaveopt pln pts dtherm tpr_shadow vnmi flexpriority ept vpid fsgsbase smep erms
bogomips	: 4788.90
clflush size	: 64
cache_alignment	: 64
address sizes	: 36 bits physical, 48 bits virtual
power management:

processor	: 3
vendor_id	: GenuineIntel
cpu family	: 6
model		: 58
model name	: Intel(R) Core(TM) i7-3517U CPU @ 1.90GHz
stepping	: 9
microcode	: 0x13
cpu MHz		: 768.000
cache size	: 4096 KB
physical id	: 0
siblings	: 4
core id		: 1
cpu cores	: 2
apicid		: 3
initial apicid	: 3
fpu		: yes
fpu_exception	: yes
cpuid level	: 13
wp		: yes
flags		: fpu vme de pse tsc msr pae mce cx8 apic sep mtrr pge mca cmov pat pse36 clflush dts acpi mmx fxsr sse sse2 ss ht tm pbe syscall nx rdtscp lm constant_tsc arch_perfmon pebs bts rep_good nopl xtopology nonstop_tsc aperfmperf eagerfpu pni pclmulqdq dtes64 monitor ds_cpl vmx est tm2 ssse3 cx16 xtpr pdcm pcid sse4_1 sse4_2 x2apic popcnt tsc_deadline_timer aes xsave avx f16c rdrand lahf_lm ida arat epb xsaveopt pln pts dtherm tpr_shadow vnmi flexpriority ept vpid fsgsbase smep erms
bogomips	: 4788.90
clflush size	: 64
cache_alignment	: 64
address sizes	: 36 bits physical, 48 bits virtual
power management:



Memory: 4k page, physical 6004492k(3312132k free), swap 1973244k(1973244k free)

vm_info: Java HotSpot(TM) 64-Bit Server VM (24.80-b11) for linux-amd64 JRE (1.7.0_80-b15), built on Apr 10 2015 19:53:14 by "java_re" with gcc 4.3.0 20080428 (Red Hat 4.3.0-8)

time: Tue May  5 20:17:36 2015
elapsed time: 0 seconds

