#
# There is insufficient memory for the Java Runtime Environment to continue.
# pthread_getattr_np
# Possible reasons:
#   The system is out of physical RAM or swap space
#   In 32 bit mode, the process size limit was hit
# Possible solutions:
#   Reduce memory load on the system
#   Increase physical memory or swap space
#   Check if swap backing store is full
#   Use 64 bit Java on a 64 bit OS
#   Decrease Java heap size (-Xmx/-Xms)
#   Decrease number of Java threads
#   Decrease Java thread stack sizes (-Xss)
#   Set larger code cache with -XX:ReservedCodeCacheSize=
# This output file may be truncated or incomplete.
#
#  Out of Memory Error (os_linux_x86.cpp:718), pid=5479, tid=139887559395072
#
# JRE version:  (7.0_80-b15) (build )
# Java VM: Java HotSpot(TM) 64-Bit Server VM (24.80-b11 mixed mode linux-amd64 compressed oops)
# Failed to write core dump. Core dumps have been disabled. To enable core dumping, try "ulimit -c unlimited" before starting Java again
#

---------------  T H R E A D  ---------------

Current thread (0x00007f3a30137000):  JavaThread "Finalizer" daemon [_thread_new, id=5487, stack(0x0000000000000000,0x0000000000000000)]

Stack: [0x0000000000000000,0x0000000000000000],  sp=0x00007f3a1c4939e0,  free space=136608944718k
Native frames: (J=compiled Java code, j=interpreted, Vv=VM code, C=native code)
V  [libjvm.so+0x9a320a]
V  [libjvm.so+0x498d3b]
V  [libjvm.so+0x82770a]
V  [libjvm.so+0x827755]
V  [libjvm.so+0x955874]
V  [libjvm.so+0x95c034]
V  [libjvm.so+0x8238c8]


---------------  P R O C E S S  ---------------

Java Threads: ( => current thread )
=>0x00007f3a30137000 JavaThread "Finalizer" daemon [_thread_new, id=5487, stack(0x0000000000000000,0x0000000000000000)]
  0x00007f3a30135000 JavaThread "Reference Handler" daemon [_thread_blocked, id=5486, stack(0x00007f3a1c495000,0x00007f3a1c596000)]
  0x00007f3a30009800 JavaThread "main" [_thread_in_vm, id=5480, stack(0x00007f3a372e0000,0x00007f3a373e1000)]

Other Threads:
  0x00007f3a30130800 VMThread [stack: 0x00007f3a1c596000,0x00007f3a1c697000] [id=5485]

VM state:not at safepoint (normal execution)

VM Mutex/Monitor currently owned by a thread: None

Heap
 PSYoungGen      total 27648K, used 481K [0x00000000e1700000, 0x00000000e3580000, 0x0000000100000000)
  eden space 24064K, 2% used [0x00000000e1700000,0x00000000e1778570,0x00000000e2e80000)
  from space 3584K, 0% used [0x00000000e3200000,0x00000000e3200000,0x00000000e3580000)
  to   space 3584K, 0% used [0x00000000e2e80000,0x00000000e2e80000,0x00000000e3200000)
 ParOldGen       total 62464K, used 0K [0x00000000a4600000, 0x00000000a8300000, 0x00000000e1700000)
  object space 62464K, 0% used [0x00000000a4600000,0x00000000a4600000,0x00000000a8300000)
 PSPermGen       total 21504K, used 862K [0x000000009f400000, 0x00000000a0900000, 0x00000000a4600000)
  object space 21504K, 4% used [0x000000009f400000,0x000000009f4d8630,0x00000000a0900000)

Card table byte_map: [0x00007f3a3420c000,0x00007f3a34513000] byte_map_base: 0x00007f3a33d12000

Polling page: 0x00007f3a3744d000

Code Cache  [0x00007f3a2d000000, 0x00007f3a2d270000, 0x00007f3a30000000)
 total_blobs=74 nmethods=0 adapters=51 free_code_cache=48819Kb largest_free_block=49990272

Compilation events (0 events):
No events

GC Heap History (0 events):
No events

Deoptimization events (0 events):
No events

Internal exceptions (0 events):
No events

Events (10 events):
Event: 0.015 Thread 0x00007f3a30135000 Thread added: 0x00007f3a30135000
Event: 0.015 loading class 0x00007f3a2c8ace00
Event: 0.015 loading class 0x00007f3a2c8ace00 done
Event: 0.015 loading class 0x00007f3a2c8c3ff0
Event: 0.015 loading class 0x00007f3a2c8c3ff0 done
Event: 0.015 loading class 0x00007f3a2c8c3fc0
Event: 0.015 loading class 0x00007f3a2c8c3fc0 done
Event: 0,015 loading class 0x00007f3a2c8ad5e0
Event: 0,015 loading class 0x00007f3a2c8ad5e0 done
Event: 0,015 Thread 0x00007f3a30137000 Thread added: 0x00007f3a30137000


Dynamic libraries:
00400000-00401000 r-xp 00000000 08:08 33603                              /usr/lib/jvm/java-7-oracle/jre/bin/java
00600000-00601000 rw-p 00000000 08:08 33603                              /usr/lib/jvm/java-7-oracle/jre/bin/java
010f9000-0111e000 rw-p 00000000 00:00 0                                  [heap]
9f400000-a0900000 rw-p 00000000 00:00 0 
a0900000-a4600000 rw-p 00000000 00:00 0 
a4600000-a8300000 rw-p 00000000 00:00 0 
a8300000-e1700000 rw-p 00000000 00:00 0 
e1700000-e3580000 rw-p 00000000 00:00 0 
e3580000-100000000 rw-p 00000000 00:00 0 
7f3a0fabe000-7f3a10000000 r--p 00000000 08:08 1056158                    /usr/lib/locale/locale-archive
7f3a10000000-7f3a10021000 rw-p 00000000 00:00 0 
7f3a10021000-7f3a14000000 ---p 00000000 00:00 0 
7f3a14000000-7f3a14021000 rw-p 00000000 00:00 0 
7f3a14021000-7f3a18000000 ---p 00000000 00:00 0 
7f3a18000000-7f3a18021000 rw-p 00000000 00:00 0 
7f3a18021000-7f3a1c000000 ---p 00000000 00:00 0 
7f3a1c394000-7f3a1c495000 rw-p 00000000 00:00 0                          [stack:5487]
7f3a1c495000-7f3a1c498000 ---p 00000000 00:00 0 
7f3a1c498000-7f3a1c596000 rw-p 00000000 00:00 0                          [stack:5486]
7f3a1c596000-7f3a1c597000 ---p 00000000 00:00 0 
7f3a1c597000-7f3a20000000 rw-p 00000000 00:00 0                          [stack:5485]
7f3a20000000-7f3a20021000 rw-p 00000000 00:00 0 
7f3a20021000-7f3a24000000 ---p 00000000 00:00 0 
7f3a24000000-7f3a24021000 rw-p 00000000 00:00 0 
7f3a24021000-7f3a28000000 ---p 00000000 00:00 0 
7f3a28000000-7f3a28021000 rw-p 00000000 00:00 0 
7f3a28021000-7f3a2c000000 ---p 00000000 00:00 0 
7f3a2c014000-7f3a2c665000 rw-p 00000000 00:00 0 
7f3a2c665000-7f3a2c825000 r--s 039fb000 08:08 33736                      /usr/lib/jvm/java-7-oracle/jre/lib/rt.jar
7f3a2c825000-7f3a2cbfc000 rw-p 00000000 00:00 0 
7f3a2cbfc000-7f3a2cbfd000 ---p 00000000 00:00 0 
7f3a2cbfd000-7f3a2ccfd000 rw-p 00000000 00:00 0                          [stack:5484]
7f3a2ccfd000-7f3a2ccfe000 ---p 00000000 00:00 0 
7f3a2ccfe000-7f3a2cdfe000 rw-p 00000000 00:00 0                          [stack:5483]
7f3a2cdfe000-7f3a2cdff000 ---p 00000000 00:00 0 
7f3a2cdff000-7f3a2ceff000 rw-p 00000000 00:00 0                          [stack:5482]
7f3a2ceff000-7f3a2cf00000 ---p 00000000 00:00 0 
7f3a2cf00000-7f3a2d000000 rw-p 00000000 00:00 0                          [stack:5481]
7f3a2d000000-7f3a2d270000 rwxp 00000000 00:00 0 
7f3a2d270000-7f3a3013b000 rw-p 00000000 00:00 0 
7f3a3013b000-7f3a34000000 ---p 00000000 00:00 0 
7f3a34004000-7f3a34042000 rw-p 00000000 00:00 0 
7f3a34042000-7f3a3420c000 rw-p 00000000 00:00 0 
7f3a3420c000-7f3a34217000 rw-p 00000000 00:00 0 
7f3a34217000-7f3a34235000 rw-p 00000000 00:00 0 
7f3a34235000-7f3a34254000 rw-p 00000000 00:00 0 
7f3a34254000-7f3a3441d000 rw-p 00000000 00:00 0 
7f3a3441d000-7f3a3442d000 rw-p 00000000 00:00 0 
7f3a3442d000-7f3a34512000 rw-p 00000000 00:00 0 
7f3a34512000-7f3a3451d000 rw-p 00000000 00:00 0 
7f3a3451d000-7f3a345d3000 rw-p 00000000 00:00 0 
7f3a345d3000-7f3a345ea000 r-xp 00000000 08:08 33652                      /usr/lib/jvm/java-7-oracle/jre/lib/amd64/libzip.so
7f3a345ea000-7f3a347ea000 ---p 00017000 08:08 33652                      /usr/lib/jvm/java-7-oracle/jre/lib/amd64/libzip.so
7f3a347ea000-7f3a347eb000 rw-p 00017000 08:08 33652                      /usr/lib/jvm/java-7-oracle/jre/lib/amd64/libzip.so
7f3a347eb000-7f3a347f6000 r-xp 00000000 08:08 919518                     /lib/x86_64-linux-gnu/libnss_files-2.19.so
7f3a347f6000-7f3a349f5000 ---p 0000b000 08:08 919518                     /lib/x86_64-linux-gnu/libnss_files-2.19.so
7f3a349f5000-7f3a349f6000 r--p 0000a000 08:08 919518                     /lib/x86_64-linux-gnu/libnss_files-2.19.so
7f3a349f6000-7f3a349f7000 rw-p 0000b000 08:08 919518                     /lib/x86_64-linux-gnu/libnss_files-2.19.so
7f3a349f7000-7f3a34a02000 r-xp 00000000 08:08 919538                     /lib/x86_64-linux-gnu/libnss_nis-2.19.so
7f3a34a02000-7f3a34c01000 ---p 0000b000 08:08 919538                     /lib/x86_64-linux-gnu/libnss_nis-2.19.so
7f3a34c01000-7f3a34c02000 r--p 0000a000 08:08 919538                     /lib/x86_64-linux-gnu/libnss_nis-2.19.so
7f3a34c02000-7f3a34c03000 rw-p 0000b000 08:08 919538                     /lib/x86_64-linux-gnu/libnss_nis-2.19.so
7f3a34c03000-7f3a34c1a000 r-xp 00000000 08:08 919527                     /lib/x86_64-linux-gnu/libnsl-2.19.so
7f3a34c1a000-7f3a34e19000 ---p 00017000 08:08 919527                     /lib/x86_64-linux-gnu/libnsl-2.19.so
7f3a34e19000-7f3a34e1a000 r--p 00016000 08:08 919527                     /lib/x86_64-linux-gnu/libnsl-2.19.so
7f3a34e1a000-7f3a34e1b000 rw-p 00017000 08:08 919527                     /lib/x86_64-linux-gnu/libnsl-2.19.so
7f3a34e1b000-7f3a34e1d000 rw-p 00000000 00:00 0 
7f3a34e1d000-7f3a34e26000 r-xp 00000000 08:08 919526                     /lib/x86_64-linux-gnu/libnss_compat-2.19.so
7f3a34e26000-7f3a35025000 ---p 00009000 08:08 919526                     /lib/x86_64-linux-gnu/libnss_compat-2.19.so
7f3a35025000-7f3a35026000 r--p 00008000 08:08 919526                     /lib/x86_64-linux-gnu/libnss_compat-2.19.so
7f3a35026000-7f3a35027000 rw-p 00009000 08:08 919526                     /lib/x86_64-linux-gnu/libnss_compat-2.19.so
7f3a35027000-7f3a35071000 rw-p 00000000 00:00 0 
7f3a35071000-7f3a3509a000 r-xp 00000000 08:08 33649                      /usr/lib/jvm/java-7-oracle/jre/lib/amd64/libjava.so
7f3a3509a000-7f3a3529a000 ---p 00029000 08:08 33649                      /usr/lib/jvm/java-7-oracle/jre/lib/amd64/libjava.so
7f3a3529a000-7f3a3529c000 rw-p 00029000 08:08 33649                      /usr/lib/jvm/java-7-oracle/jre/lib/amd64/libjava.so
7f3a3529c000-7f3a352a9000 r-xp 00000000 08:08 33675                      /usr/lib/jvm/java-7-oracle/jre/lib/amd64/libverify.so
7f3a352a9000-7f3a354a8000 ---p 0000d000 08:08 33675                      /usr/lib/jvm/java-7-oracle/jre/lib/amd64/libverify.so
7f3a354a8000-7f3a354aa000 rw-p 0000c000 08:08 33675                      /usr/lib/jvm/java-7-oracle/jre/lib/amd64/libverify.so
7f3a354aa000-7f3a354b1000 r-xp 00000000 08:08 919535                     /lib/x86_64-linux-gnu/librt-2.19.so
7f3a354b1000-7f3a356b0000 ---p 00007000 08:08 919535                     /lib/x86_64-linux-gnu/librt-2.19.so
7f3a356b0000-7f3a356b1000 r--p 00006000 08:08 919535                     /lib/x86_64-linux-gnu/librt-2.19.so
7f3a356b1000-7f3a356b2000 rw-p 00007000 08:08 919535                     /lib/x86_64-linux-gnu/librt-2.19.so
7f3a356b2000-7f3a357b7000 r-xp 00000000 08:08 919517                     /lib/x86_64-linux-gnu/libm-2.19.so
7f3a357b7000-7f3a359b6000 ---p 00105000 08:08 919517                     /lib/x86_64-linux-gnu/libm-2.19.so
7f3a359b6000-7f3a359b7000 r--p 00104000 08:08 919517                     /lib/x86_64-linux-gnu/libm-2.19.so
7f3a359b7000-7f3a359b8000 rw-p 00105000 08:08 919517                     /lib/x86_64-linux-gnu/libm-2.19.so
7f3a359b8000-7f3a3652e000 r-xp 00000000 08:08 33640                      /usr/lib/jvm/java-7-oracle/jre/lib/amd64/server/libjvm.so
7f3a3652e000-7f3a3672d000 ---p 00b76000 08:08 33640                      /usr/lib/jvm/java-7-oracle/jre/lib/amd64/server/libjvm.so
7f3a3672d000-7f3a367f1000 rw-p 00b75000 08:08 33640                      /usr/lib/jvm/java-7-oracle/jre/lib/amd64/server/libjvm.so
7f3a367f1000-7f3a36832000 rw-p 00000000 00:00 0 
7f3a36832000-7f3a369ed000 r-xp 00000000 08:08 919532                     /lib/x86_64-linux-gnu/libc-2.19.so
7f3a369ed000-7f3a36bec000 ---p 001bb000 08:08 919532                     /lib/x86_64-linux-gnu/libc-2.19.so
7f3a36bec000-7f3a36bf0000 r--p 001ba000 08:08 919532                     /lib/x86_64-linux-gnu/libc-2.19.so
7f3a36bf0000-7f3a36bf2000 rw-p 001be000 08:08 919532                     /lib/x86_64-linux-gnu/libc-2.19.so
7f3a36bf2000-7f3a36bf7000 rw-p 00000000 00:00 0 
7f3a36bf7000-7f3a36bfa000 r-xp 00000000 08:08 919521                     /lib/x86_64-linux-gnu/libdl-2.19.so
7f3a36bfa000-7f3a36df9000 ---p 00003000 08:08 919521                     /lib/x86_64-linux-gnu/libdl-2.19.so
7f3a36df9000-7f3a36dfa000 r--p 00002000 08:08 919521                     /lib/x86_64-linux-gnu/libdl-2.19.so
7f3a36dfa000-7f3a36dfb000 rw-p 00003000 08:08 919521                     /lib/x86_64-linux-gnu/libdl-2.19.so
7f3a36dfb000-7f3a36e10000 r-xp 00000000 08:08 33680                      /usr/lib/jvm/java-7-oracle/jre/lib/amd64/jli/libjli.so
7f3a36e10000-7f3a3700f000 ---p 00015000 08:08 33680                      /usr/lib/jvm/java-7-oracle/jre/lib/amd64/jli/libjli.so
7f3a3700f000-7f3a37010000 rw-p 00014000 08:08 33680                      /usr/lib/jvm/java-7-oracle/jre/lib/amd64/jli/libjli.so
7f3a37010000-7f3a37029000 r-xp 00000000 08:08 919533                     /lib/x86_64-linux-gnu/libpthread-2.19.so
7f3a37029000-7f3a37228000 ---p 00019000 08:08 919533                     /lib/x86_64-linux-gnu/libpthread-2.19.so
7f3a37228000-7f3a37229000 r--p 00018000 08:08 919533                     /lib/x86_64-linux-gnu/libpthread-2.19.so
7f3a37229000-7f3a3722a000 rw-p 00019000 08:08 919533                     /lib/x86_64-linux-gnu/libpthread-2.19.so
7f3a3722a000-7f3a3722e000 rw-p 00000000 00:00 0 
7f3a3722e000-7f3a37251000 r-xp 00000000 08:08 919529                     /lib/x86_64-linux-gnu/ld-2.19.so
7f3a3726d000-7f3a37278000 rw-p 00000000 00:00 0 
7f3a37278000-7f3a37296000 rw-p 00000000 00:00 0 
7f3a37296000-7f3a372e0000 rw-p 00000000 00:00 0 
7f3a372e0000-7f3a372e3000 ---p 00000000 00:00 0 
7f3a372e3000-7f3a3742f000 rw-p 00000000 00:00 0                          [stack:5480]
7f3a37444000-7f3a3744c000 rw-s 00000000 08:08 176985                     /tmp/hsperfdata_diego/5479
7f3a3744c000-7f3a3744d000 rw-p 00000000 00:00 0 
7f3a3744d000-7f3a3744e000 r--p 00000000 00:00 0 
7f3a3744e000-7f3a37450000 rw-p 00000000 00:00 0 
7f3a37450000-7f3a37451000 r--p 00022000 08:08 919529                     /lib/x86_64-linux-gnu/ld-2.19.so
7f3a37451000-7f3a37452000 rw-p 00023000 08:08 919529                     /lib/x86_64-linux-gnu/ld-2.19.so
7f3a37452000-7f3a37453000 rw-p 00000000 00:00 0 
7ffee154c000-7ffee15b7000 rw-p 00000000 00:00 0                          [stack]
7ffee15d7000-7ffee15d9000 r-xp 00000000 00:00 0                          [vdso]
ffffffffff600000-ffffffffff601000 r-xp 00000000 00:00 0                  [vsyscall]

VM Arguments:
java_command: /home/diego/didfail/dare-1.1.0-linux/soot/jasminclasses-2.5.0.jar -d /home/diego/didfail/toyapps/out/dare/WriteFile/retargeted/WriteFile /home/diego/didfail/toyapps/out/dare/WriteFile/retargeted/WriteFile/android.support.v4.accessibilityservice.AccessibilityServiceInfoCompat$AccessibilityServiceInfoVersionImpl.jasmin /home/diego/didfail/toyapps/out/dare/WriteFile/retargeted/WriteFile/android.support.v4.app.ActionBarDrawerToggleHoneycomb.jasmin /home/diego/didfail/toyapps/out/dare/WriteFile/retargeted/WriteFile/android.support.v4.view.accessibility.AccessibilityRecordCompat$AccessibilityRecordImpl.jasmin /home/diego/didfail/toyapps/out/dare/WriteFile/retargeted/WriteFile/android.support.v4.view.accessibility.AccessibilityRecordCompat$AccessibilityRecordStubImpl.jasmin /home/diego/didfail/toyapps/out/dare/WriteFile/retargeted/WriteFile/android.support.v4.view.accessibility.AccessibilityRecordCompat$AccessibilityRecordIcsImpl.jasmin /home/diego/didfail/toyapps/out/dare/WriteFile/retargeted/WriteFile/android.support.v4.view.accessibility.AccessibilityRecordCompat$AccessibilityRecordIcsMr1Impl.jasmin /home/diego/didfail/toyapps/out/dare/WriteFile/retargeted/WriteFile/android.support.v4.view.accessibility.AccessibilityRecordCompat$AccessibilityRecordJellyBeanImpl.jasmin /home/diego/didfail/toyapps/out/dare/WriteFile/retargeted/WriteFile/android.support.v4.app.FragmentTabHost$SavedState$1.jasmin /home/diego/didfail/toyapps/out/dare/WriteFile/retargeted/WriteFile/android.support.v4.app.BackStackRecord$Op.jasmin /home/diego/didfail/toyapps/out/dare/WriteFile/retargeted/WriteFile/android.support.v4.view.MenuItemCompat$OnActionExpandListener.jasmin /home/diego/didfail/toyapps/out/dare/WriteFile/retargeted/WriteFile/android.support.v4.app.FragmentTabHost$SavedState.jasmin /home/diego/didfail/toyapps/out/dare/WriteFile/retargeted/WriteFile/org.cert.WriteFile.MainActivity.jasmin /home/diego/didfail/toyapps/out/dare/WriteFile/retargeted/WriteFile/android.support.v4
Launcher Type: SUN_STANDARD

Environment Variables:
PATH=/usr/local/sbin:/usr/local/bin:/usr/sbin:/usr/bin:/sbin:/bin:/usr/games:/usr/local/games
SHELL=/bin/bash
DISPLAY=:0

Signal Handlers:
SIGSEGV: [libjvm.so+0x9a3b20], sa_mask[0]=0x7ffbfeff, sa_flags=0x10000004
SIGBUS: [libjvm.so+0x9a3b20], sa_mask[0]=0x7ffbfeff, sa_flags=0x10000004
SIGFPE: [libjvm.so+0x81e740], sa_mask[0]=0x7ffbfeff, sa_flags=0x10000004
SIGPIPE: [libjvm.so+0x81e740], sa_mask[0]=0x7ffbfeff, sa_flags=0x10000004
SIGXFSZ: [libjvm.so+0x81e740], sa_mask[0]=0x7ffbfeff, sa_flags=0x10000004
SIGILL: [libjvm.so+0x81e740], sa_mask[0]=0x7ffbfeff, sa_flags=0x10000004
SIGUSR1: SIG_DFL, sa_mask[0]=0x00000000, sa_flags=0x00000000
SIGUSR2: [libjvm.so+0x81ffb0], sa_mask[0]=0x00000000, sa_flags=0x10000004
SIGHUP: SIG_DFL, sa_mask[0]=0x00000000, sa_flags=0x00000000
SIGINT: SIG_DFL, sa_mask[0]=0x00000000, sa_flags=0x00000000
SIGTERM: SIG_DFL, sa_mask[0]=0x00000000, sa_flags=0x00000000
SIGQUIT: SIG_DFL, sa_mask[0]=0x00000000, sa_flags=0x00000000


---------------  S Y S T E M  ---------------

OS:jessie/sid

uname:Linux 3.13.0-51-generic #84-Ubuntu SMP Wed Apr 15 12:08:34 UTC 2015 x86_64
libc:glibc 2.19 NPTL 2.19 
rlimit: STACK 8192k, CORE 0k, NPROC 46406, NOFILE 4096, AS 2250000k
load average:2,27 0,82 0,51

/proc/meminfo:
MemTotal:        6004492 kB
MemFree:         3614128 kB
Buffers:          116032 kB
Cached:          1045660 kB
SwapCached:            0 kB
Active:          1377132 kB
Inactive:         785660 kB
Active(anon):    1002496 kB
Inactive(anon):   147772 kB
Active(file):     374636 kB
Inactive(file):   637888 kB
Unevictable:          64 kB
Mlocked:              64 kB
SwapTotal:       1973244 kB
SwapFree:        1973244 kB
Dirty:              4056 kB
Writeback:             0 kB
AnonPages:       1001140 kB
Mapped:           366472 kB
Shmem:            149172 kB
Slab:             104196 kB
SReclaimable:      68972 kB
SUnreclaim:        35224 kB
KernelStack:        4368 kB
PageTables:        44992 kB
NFS_Unstable:          0 kB
Bounce:                0 kB
WritebackTmp:          0 kB
CommitLimit:     4975488 kB
Committed_AS:    4299796 kB
VmallocTotal:   34359738367 kB
VmallocUsed:      354368 kB
VmallocChunk:   34359376860 kB
HardwareCorrupted:     0 kB
AnonHugePages:    258048 kB
HugePages_Total:       0
HugePages_Free:        0
HugePages_Rsvd:        0
HugePages_Surp:        0
Hugepagesize:       2048 kB
DirectMap4k:       72272 kB
DirectMap2M:     6111232 kB


CPU:total 4 (2 cores per cpu, 2 threads per core) family 6 model 58 stepping 9, cmov, cx8, fxsr, mmx, sse, sse2, sse3, ssse3, sse4.1, sse4.2, popcnt, avx, aes, erms, ht, tsc, tscinvbit, tscinv

/proc/cpuinfo:
processor	: 0
vendor_id	: GenuineIntel
cpu family	: 6
model		: 58
model name	: Intel(R) Core(TM) i7-3517U CPU @ 1.90GHz
stepping	: 9
microcode	: 0x13
cpu MHz		: 1900.000
cache size	: 4096 KB
physical id	: 0
siblings	: 4
core id		: 0
cpu cores	: 2
apicid		: 0
initial apicid	: 0
fpu		: yes
fpu_exception	: yes
cpuid level	: 13
wp		: yes
flags		: fpu vme de pse tsc msr pae mce cx8 apic sep mtrr pge mca cmov pat pse36 clflush dts acpi mmx fxsr sse sse2 ss ht tm pbe syscall nx rdtscp lm constant_tsc arch_perfmon pebs bts rep_good nopl xtopology nonstop_tsc aperfmperf eagerfpu pni pclmulqdq dtes64 monitor ds_cpl vmx est tm2 ssse3 cx16 xtpr pdcm pcid sse4_1 sse4_2 x2apic popcnt tsc_deadline_timer aes xsave avx f16c rdrand lahf_lm ida arat epb xsaveopt pln pts dtherm tpr_shadow vnmi flexpriority ept vpid fsgsbase smep erms
bogomips	: 4789.11
clflush size	: 64
cache_alignment	: 64
address sizes	: 36 bits physical, 48 bits virtual
power management:

processor	: 1
vendor_id	: GenuineIntel
cpu family	: 6
model		: 58
model name	: Intel(R) Core(TM) i7-3517U CPU @ 1.90GHz
stepping	: 9
microcode	: 0x13
cpu MHz		: 1100.000
cache size	: 4096 KB
physical id	: 0
siblings	: 4
core id		: 1
cpu cores	: 2
apicid		: 2
initial apicid	: 2
fpu		: yes
fpu_exception	: yes
cpuid level	: 13
wp		: yes
flags		: fpu vme de pse tsc msr pae mce cx8 apic sep mtrr pge mca cmov pat pse36 clflush dts acpi mmx fxsr sse sse2 ss ht tm pbe syscall nx rdtscp lm constant_tsc arch_perfmon pebs bts rep_good nopl xtopology nonstop_tsc aperfmperf eagerfpu pni pclmulqdq dtes64 monitor ds_cpl vmx est tm2 ssse3 cx16 xtpr pdcm pcid sse4_1 sse4_2 x2apic popcnt tsc_deadline_timer aes xsave avx f16c rdrand lahf_lm ida arat epb xsaveopt pln pts dtherm tpr_shadow vnmi flexpriority ept vpid fsgsbase smep erms
bogomips	: 4789.11
clflush size	: 64
cache_alignment	: 64
address sizes	: 36 bits physical, 48 bits virtual
power management:

processor	: 2
vendor_id	: GenuineIntel
cpu family	: 6
model		: 58
model name	: Intel(R) Core(TM) i7-3517U CPU @ 1.90GHz
stepping	: 9
microcode	: 0x13
cpu MHz		: 900.000
cache size	: 4096 KB
physical id	: 0
siblings	: 4
core id		: 0
cpu cores	: 2
apicid		: 1
initial apicid	: 1
fpu		: yes
fpu_exception	: yes
cpuid level	: 13
wp		: yes
flags		: fpu vme de pse tsc msr pae mce cx8 apic sep mtrr pge mca cmov pat pse36 clflush dts acpi mmx fxsr sse sse2 ss ht tm pbe syscall nx rdtscp lm constant_tsc arch_perfmon pebs bts rep_good nopl xtopology nonstop_tsc aperfmperf eagerfpu pni pclmulqdq dtes64 monitor ds_cpl vmx est tm2 ssse3 cx16 xtpr pdcm pcid sse4_1 sse4_2 x2apic popcnt tsc_deadline_timer aes xsave avx f16c rdrand lahf_lm ida arat epb xsaveopt pln pts dtherm tpr_shadow vnmi flexpriority ept vpid fsgsbase smep erms
bogomips	: 4789.11
clflush size	: 64
cache_alignment	: 64
address sizes	: 36 bits physical, 48 bits virtual
power management:

processor	: 3
vendor_id	: GenuineIntel
cpu family	: 6
model		: 58
model name	: Intel(R) Core(TM) i7-3517U CPU @ 1.90GHz
stepping	: 9
microcode	: 0x13
cpu MHz		: 1900.000
cache size	: 4096 KB
physical id	: 0
siblings	: 4
core id		: 1
cpu cores	: 2
apicid		: 3
initial apicid	: 3
fpu		: yes
fpu_exception	: yes
cpuid level	: 13
wp		: yes
flags		: fpu vme de pse tsc msr pae mce cx8 apic sep mtrr pge mca cmov pat pse36 clflush dts acpi mmx fxsr sse sse2 ss ht tm pbe syscall nx rdtscp lm constant_tsc arch_perfmon pebs bts rep_good nopl xtopology nonstop_tsc aperfmperf eagerfpu pni pclmulqdq dtes64 monitor ds_cpl vmx est tm2 ssse3 cx16 xtpr pdcm pcid sse4_1 sse4_2 x2apic popcnt tsc_deadline_timer aes xsave avx f16c rdrand lahf_lm ida arat epb xsaveopt pln pts dtherm tpr_shadow vnmi flexpriority ept vpid fsgsbase smep erms
bogomips	: 4789.11
clflush size	: 64
cache_alignment	: 64
address sizes	: 36 bits physical, 48 bits virtual
power management:



Memory: 4k page, physical 6004492k(3613880k free), swap 1973244k(1973244k free)

vm_info: Java HotSpot(TM) 64-Bit Server VM (24.80-b11) for linux-amd64 JRE (1.7.0_80-b15), built on Apr 10 2015 19:53:14 by "java_re" with gcc 4.3.0 20080428 (Red Hat 4.3.0-8)

time: Thu May  7 18:48:59 2015
elapsed time: 0 seconds

