#
# There is insufficient memory for the Java Runtime Environment to continue.
# pthread_getattr_np
# Possible reasons:
#   The system is out of physical RAM or swap space
#   In 32 bit mode, the process size limit was hit
# Possible solutions:
#   Reduce memory load on the system
#   Increase physical memory or swap space
#   Check if swap backing store is full
#   Use 64 bit Java on a 64 bit OS
#   Decrease Java heap size (-Xmx/-Xms)
#   Decrease number of Java threads
#   Decrease Java thread stack sizes (-Xss)
#   Set larger code cache with -XX:ReservedCodeCacheSize=
# This output file may be truncated or incomplete.
#
#  Out of Memory Error (os_linux_x86.cpp:718), pid=5842, tid=139791668623104
#
# JRE version:  (7.0_80-b15) (build )
# Java VM: Java HotSpot(TM) 64-Bit Server VM (24.80-b11 mixed mode linux-amd64 compressed oops)
# Failed to write core dump. Core dumps have been disabled. To enable core dumping, try "ulimit -c unlimited" before starting Java again
#

---------------  T H R E A D  ---------------

Current thread (0x00007f23c4137000):  JavaThread "Finalizer" daemon [_thread_new, id=5850, stack(0x0000000000000000,0x0000000000000000)]

Stack: [0x0000000000000000,0x0000000000000000],  sp=0x00007f23c8c02860,  free space=136515301386k
Native frames: (J=compiled Java code, j=interpreted, Vv=VM code, C=native code)
V  [libjvm.so+0x9a320a]
V  [libjvm.so+0x498d3b]
V  [libjvm.so+0x82770a]
V  [libjvm.so+0x827755]
V  [libjvm.so+0x955874]
V  [libjvm.so+0x95c034]
V  [libjvm.so+0x8238c8]


---------------  P R O C E S S  ---------------

Java Threads: ( => current thread )
=>0x00007f23c4137000 JavaThread "Finalizer" daemon [_thread_new, id=5850, stack(0x0000000000000000,0x0000000000000000)]
  0x00007f23c4135000 JavaThread "Reference Handler" daemon [_thread_blocked, id=5849, stack(0x00007f23c8c04000,0x00007f23c8d05000)]
  0x00007f23c4009800 JavaThread "main" [_thread_in_vm, id=5843, stack(0x00007f23cda00000,0x00007f23cdb01000)]

Other Threads:
  0x00007f23c4130800 VMThread [stack: 0x00007f23c8d05000,0x00007f23c8e06000] [id=5848]

VM state:not at safepoint (normal execution)

VM Mutex/Monitor currently owned by a thread: None

Heap
 PSYoungGen      total 27648K, used 481K [0x00000000e1700000, 0x00000000e3580000, 0x0000000100000000)
  eden space 24064K, 2% used [0x00000000e1700000,0x00000000e1778570,0x00000000e2e80000)
  from space 3584K, 0% used [0x00000000e3200000,0x00000000e3200000,0x00000000e3580000)
  to   space 3584K, 0% used [0x00000000e2e80000,0x00000000e2e80000,0x00000000e3200000)
 ParOldGen       total 62464K, used 0K [0x00000000a4600000, 0x00000000a8300000, 0x00000000e1700000)
  object space 62464K, 0% used [0x00000000a4600000,0x00000000a4600000,0x00000000a8300000)
 PSPermGen       total 21504K, used 842K [0x000000009f400000, 0x00000000a0900000, 0x00000000a4600000)
  object space 21504K, 3% used [0x000000009f400000,0x000000009f4d2b10,0x00000000a0900000)

Card table byte_map: [0x00007f23ca90d000,0x00007f23cac14000] byte_map_base: 0x00007f23ca413000

Polling page: 0x00007f23cdb87000

Code Cache  [0x00007f23c1000000, 0x00007f23c1270000, 0x00007f23c4000000)
 total_blobs=68 nmethods=0 adapters=45 free_code_cache=48821Kb largest_free_block=49993088

Compilation events (0 events):
No events

GC Heap History (0 events):
No events

Deoptimization events (0 events):
No events

Internal exceptions (0 events):
No events

Events (10 events):
Event: 0.020 Thread 0x00007f23c4135000 Thread added: 0x00007f23c4135000
Event: 0.020 loading class 0x00007f23c9fa7e00
Event: 0.021 loading class 0x00007f23c9fa7e00 done
Event: 0.021 loading class 0x00007f23c9fbeff0
Event: 0.021 loading class 0x00007f23c9fbeff0 done
Event: 0.021 loading class 0x00007f23c9fbefc0
Event: 0.021 loading class 0x00007f23c9fbefc0 done
Event: 0.021 loading class 0x00007f23c9fa85e0
Event: 0.021 loading class 0x00007f23c9fa85e0 done
Event: 0.021 Thread 0x00007f23c4137000 Thread added: 0x00007f23c4137000


Dynamic libraries:
00400000-00401000 r-xp 00000000 08:08 33603                              /usr/lib/jvm/java-7-oracle/jre/bin/java
00600000-00601000 rw-p 00000000 08:08 33603                              /usr/lib/jvm/java-7-oracle/jre/bin/java
0144d000-01474000 rw-p 00000000 00:00 0                                  [heap]
9f400000-a0900000 rw-p 00000000 00:00 0 
a0900000-a4600000 rw-p 00000000 00:00 0 
a4600000-a8300000 rw-p 00000000 00:00 0 
a8300000-e1700000 rw-p 00000000 00:00 0 
e1700000-e3580000 rw-p 00000000 00:00 0 
e3580000-100000000 rw-p 00000000 00:00 0 
7f23a4000000-7f23a4021000 rw-p 00000000 00:00 0 
7f23a4021000-7f23a8000000 ---p 00000000 00:00 0 
7f23a8000000-7f23a8021000 rw-p 00000000 00:00 0 
7f23a8021000-7f23ac000000 ---p 00000000 00:00 0 
7f23ac000000-7f23ac021000 rw-p 00000000 00:00 0 
7f23ac021000-7f23b0000000 ---p 00000000 00:00 0 
7f23b0000000-7f23b0021000 rw-p 00000000 00:00 0 
7f23b0021000-7f23b4000000 ---p 00000000 00:00 0 
7f23b4000000-7f23b4021000 rw-p 00000000 00:00 0 
7f23b4021000-7f23b8000000 ---p 00000000 00:00 0 
7f23b8fa0000-7f23bc000000 rw-p 00000000 00:00 0 
7f23bc000000-7f23bc021000 rw-p 00000000 00:00 0 
7f23bc021000-7f23c0000000 ---p 00000000 00:00 0 
7f23c1000000-7f23c1270000 rwxp 00000000 00:00 0 
7f23c1270000-7f23c4139000 rw-p 00000000 00:00 0 
7f23c4139000-7f23c8000000 ---p 00000000 00:00 0 
7f23c8b03000-7f23c8c04000 rw-p 00000000 00:00 0                          [stack:5850]
7f23c8c04000-7f23c8c07000 ---p 00000000 00:00 0 
7f23c8c07000-7f23c8d05000 rw-p 00000000 00:00 0                          [stack:5849]
7f23c8d05000-7f23c8d06000 ---p 00000000 00:00 0 
7f23c8d06000-7f23c9d60000 rw-p 00000000 00:00 0                          [stack:5848]
7f23c9d60000-7f23c9f20000 r--s 039fb000 08:08 33736                      /usr/lib/jvm/java-7-oracle/jre/lib/rt.jar
7f23c9f20000-7f23ca2f7000 rw-p 00000000 00:00 0 
7f23ca2f7000-7f23ca2f8000 ---p 00000000 00:00 0 
7f23ca2f8000-7f23ca3f8000 rw-p 00000000 00:00 0                          [stack:5847]
7f23ca3f8000-7f23ca3f9000 ---p 00000000 00:00 0 
7f23ca3f9000-7f23ca4f9000 rw-p 00000000 00:00 0                          [stack:5846]
7f23ca4f9000-7f23ca4fa000 ---p 00000000 00:00 0 
7f23ca4fa000-7f23ca5fa000 rw-p 00000000 00:00 0                          [stack:5845]
7f23ca5fa000-7f23ca5fb000 ---p 00000000 00:00 0 
7f23ca5fb000-7f23ca706000 rw-p 00000000 00:00 0                          [stack:5844]
7f23ca706000-7f23ca724000 rw-p 00000000 00:00 0 
7f23ca724000-7f23ca743000 rw-p 00000000 00:00 0 
7f23ca743000-7f23ca90d000 rw-p 00000000 00:00 0 
7f23ca90d000-7f23ca918000 rw-p 00000000 00:00 0 
7f23ca918000-7f23ca936000 rw-p 00000000 00:00 0 
7f23ca936000-7f23ca955000 rw-p 00000000 00:00 0 
7f23ca955000-7f23cab1e000 rw-p 00000000 00:00 0 
7f23cab1e000-7f23cab2e000 rw-p 00000000 00:00 0 
7f23cab2e000-7f23cac13000 rw-p 00000000 00:00 0 
7f23cac13000-7f23cac1e000 rw-p 00000000 00:00 0 
7f23cac1e000-7f23cacd4000 rw-p 00000000 00:00 0 
7f23cacd4000-7f23caceb000 r-xp 00000000 08:08 33652                      /usr/lib/jvm/java-7-oracle/jre/lib/amd64/libzip.so
7f23caceb000-7f23caeeb000 ---p 00017000 08:08 33652                      /usr/lib/jvm/java-7-oracle/jre/lib/amd64/libzip.so
7f23caeeb000-7f23caeec000 rw-p 00017000 08:08 33652                      /usr/lib/jvm/java-7-oracle/jre/lib/amd64/libzip.so
7f23caeec000-7f23caef7000 r-xp 00000000 08:08 919518                     /lib/x86_64-linux-gnu/libnss_files-2.19.so
7f23caef7000-7f23cb0f6000 ---p 0000b000 08:08 919518                     /lib/x86_64-linux-gnu/libnss_files-2.19.so
7f23cb0f6000-7f23cb0f7000 r--p 0000a000 08:08 919518                     /lib/x86_64-linux-gnu/libnss_files-2.19.so
7f23cb0f7000-7f23cb0f8000 rw-p 0000b000 08:08 919518                     /lib/x86_64-linux-gnu/libnss_files-2.19.so
7f23cb0f8000-7f23cb103000 r-xp 00000000 08:08 919538                     /lib/x86_64-linux-gnu/libnss_nis-2.19.so
7f23cb103000-7f23cb302000 ---p 0000b000 08:08 919538                     /lib/x86_64-linux-gnu/libnss_nis-2.19.so
7f23cb302000-7f23cb303000 r--p 0000a000 08:08 919538                     /lib/x86_64-linux-gnu/libnss_nis-2.19.so
7f23cb303000-7f23cb304000 rw-p 0000b000 08:08 919538                     /lib/x86_64-linux-gnu/libnss_nis-2.19.so
7f23cb304000-7f23cb31b000 r-xp 00000000 08:08 919527                     /lib/x86_64-linux-gnu/libnsl-2.19.so
7f23cb31b000-7f23cb51a000 ---p 00017000 08:08 919527                     /lib/x86_64-linux-gnu/libnsl-2.19.so
7f23cb51a000-7f23cb51b000 r--p 00016000 08:08 919527                     /lib/x86_64-linux-gnu/libnsl-2.19.so
7f23cb51b000-7f23cb51c000 rw-p 00017000 08:08 919527                     /lib/x86_64-linux-gnu/libnsl-2.19.so
7f23cb51c000-7f23cb51e000 rw-p 00000000 00:00 0 
7f23cb51e000-7f23cb527000 r-xp 00000000 08:08 919526                     /lib/x86_64-linux-gnu/libnss_compat-2.19.so
7f23cb527000-7f23cb726000 ---p 00009000 08:08 919526                     /lib/x86_64-linux-gnu/libnss_compat-2.19.so
7f23cb726000-7f23cb727000 r--p 00008000 08:08 919526                     /lib/x86_64-linux-gnu/libnss_compat-2.19.so
7f23cb727000-7f23cb728000 rw-p 00009000 08:08 919526                     /lib/x86_64-linux-gnu/libnss_compat-2.19.so
7f23cb728000-7f23cb7ab000 rw-p 00000000 00:00 0 
7f23cb7ab000-7f23cb7d4000 r-xp 00000000 08:08 33649                      /usr/lib/jvm/java-7-oracle/jre/lib/amd64/libjava.so
7f23cb7d4000-7f23cb9d4000 ---p 00029000 08:08 33649                      /usr/lib/jvm/java-7-oracle/jre/lib/amd64/libjava.so
7f23cb9d4000-7f23cb9d6000 rw-p 00029000 08:08 33649                      /usr/lib/jvm/java-7-oracle/jre/lib/amd64/libjava.so
7f23cb9d6000-7f23cb9e3000 r-xp 00000000 08:08 33675                      /usr/lib/jvm/java-7-oracle/jre/lib/amd64/libverify.so
7f23cb9e3000-7f23cbbe2000 ---p 0000d000 08:08 33675                      /usr/lib/jvm/java-7-oracle/jre/lib/amd64/libverify.so
7f23cbbe2000-7f23cbbe4000 rw-p 0000c000 08:08 33675                      /usr/lib/jvm/java-7-oracle/jre/lib/amd64/libverify.so
7f23cbbe4000-7f23cbbeb000 r-xp 00000000 08:08 919535                     /lib/x86_64-linux-gnu/librt-2.19.so
7f23cbbeb000-7f23cbdea000 ---p 00007000 08:08 919535                     /lib/x86_64-linux-gnu/librt-2.19.so
7f23cbdea000-7f23cbdeb000 r--p 00006000 08:08 919535                     /lib/x86_64-linux-gnu/librt-2.19.so
7f23cbdeb000-7f23cbdec000 rw-p 00007000 08:08 919535                     /lib/x86_64-linux-gnu/librt-2.19.so
7f23cbdec000-7f23cbef1000 r-xp 00000000 08:08 919517                     /lib/x86_64-linux-gnu/libm-2.19.so
7f23cbef1000-7f23cc0f0000 ---p 00105000 08:08 919517                     /lib/x86_64-linux-gnu/libm-2.19.so
7f23cc0f0000-7f23cc0f1000 r--p 00104000 08:08 919517                     /lib/x86_64-linux-gnu/libm-2.19.so
7f23cc0f1000-7f23cc0f2000 rw-p 00105000 08:08 919517                     /lib/x86_64-linux-gnu/libm-2.19.so
7f23cc0f2000-7f23ccc68000 r-xp 00000000 08:08 33640                      /usr/lib/jvm/java-7-oracle/jre/lib/amd64/server/libjvm.so
7f23ccc68000-7f23cce67000 ---p 00b76000 08:08 33640                      /usr/lib/jvm/java-7-oracle/jre/lib/amd64/server/libjvm.so
7f23cce67000-7f23ccf2b000 rw-p 00b75000 08:08 33640                      /usr/lib/jvm/java-7-oracle/jre/lib/amd64/server/libjvm.so
7f23ccf2b000-7f23ccf6c000 rw-p 00000000 00:00 0 
7f23ccf6c000-7f23cd127000 r-xp 00000000 08:08 919532                     /lib/x86_64-linux-gnu/libc-2.19.so
7f23cd127000-7f23cd326000 ---p 001bb000 08:08 919532                     /lib/x86_64-linux-gnu/libc-2.19.so
7f23cd326000-7f23cd32a000 r--p 001ba000 08:08 919532                     /lib/x86_64-linux-gnu/libc-2.19.so
7f23cd32a000-7f23cd32c000 rw-p 001be000 08:08 919532                     /lib/x86_64-linux-gnu/libc-2.19.so
7f23cd32c000-7f23cd331000 rw-p 00000000 00:00 0 
7f23cd331000-7f23cd334000 r-xp 00000000 08:08 919521                     /lib/x86_64-linux-gnu/libdl-2.19.so
7f23cd334000-7f23cd533000 ---p 00003000 08:08 919521                     /lib/x86_64-linux-gnu/libdl-2.19.so
7f23cd533000-7f23cd534000 r--p 00002000 08:08 919521                     /lib/x86_64-linux-gnu/libdl-2.19.so
7f23cd534000-7f23cd535000 rw-p 00003000 08:08 919521                     /lib/x86_64-linux-gnu/libdl-2.19.so
7f23cd535000-7f23cd54a000 r-xp 00000000 08:08 33680                      /usr/lib/jvm/java-7-oracle/jre/lib/amd64/jli/libjli.so
7f23cd54a000-7f23cd749000 ---p 00015000 08:08 33680                      /usr/lib/jvm/java-7-oracle/jre/lib/amd64/jli/libjli.so
7f23cd749000-7f23cd74a000 rw-p 00014000 08:08 33680                      /usr/lib/jvm/java-7-oracle/jre/lib/amd64/jli/libjli.so
7f23cd74a000-7f23cd763000 r-xp 00000000 08:08 919533                     /lib/x86_64-linux-gnu/libpthread-2.19.so
7f23cd763000-7f23cd962000 ---p 00019000 08:08 919533                     /lib/x86_64-linux-gnu/libpthread-2.19.so
7f23cd962000-7f23cd963000 r--p 00018000 08:08 919533                     /lib/x86_64-linux-gnu/libpthread-2.19.so
7f23cd963000-7f23cd964000 rw-p 00019000 08:08 919533                     /lib/x86_64-linux-gnu/libpthread-2.19.so
7f23cd964000-7f23cd968000 rw-p 00000000 00:00 0 
7f23cd968000-7f23cd98b000 r-xp 00000000 08:08 919529                     /lib/x86_64-linux-gnu/ld-2.19.so
7f23cd99c000-7f23cda00000 rw-p 00000000 00:00 0 
7f23cda00000-7f23cda03000 ---p 00000000 00:00 0 
7f23cda03000-7f23cdb69000 rw-p 00000000 00:00 0                          [stack:5843]
7f23cdb7d000-7f23cdb7e000 rw-p 00000000 00:00 0 
7f23cdb86000-7f23cdb87000 rw-p 00000000 00:00 0 
7f23cdb87000-7f23cdb88000 r--p 00000000 00:00 0 
7f23cdb88000-7f23cdb8a000 rw-p 00000000 00:00 0 
7f23cdb8a000-7f23cdb8b000 r--p 00022000 08:08 919529                     /lib/x86_64-linux-gnu/ld-2.19.so
7f23cdb8b000-7f23cdb8c000 rw-p 00023000 08:08 919529                     /lib/x86_64-linux-gnu/ld-2.19.so
7f23cdb8c000-7f23cdb8d000 rw-p 00000000 00:00 0 
7ffc3d742000-7ffc3d7c8000 rw-p 00000000 00:00 0                          [stack]
7ffc3d7cf000-7ffc3d7d1000 r-xp 00000000 00:00 0                          [vdso]
ffffffffff600000-ffffffffff601000 r-xp 00000000 00:00 0                  [vsyscall]
ffffffffff600000-ffffffffff601000 r-xp 00000000 00:00 0                  [vsyscall]

VM Arguments:
java_command: /home/diego/didfail/dare-1.1.0-linux/soot/jasminclasses-2.5.0.jar -d /home/diego/didfail/toyapps/out/dare/SendSMS/retargeted/SendSMS /home/diego/didfail/toyapps/out/dare/SendSMS/retargeted/SendSMS/android.support.v4.accessibilityservice.AccessibilityServiceInfoCompat$AccessibilityServiceInfoVersionImpl.jasmin /home/diego/didfail/toyapps/out/dare/SendSMS/retargeted/SendSMS/android.support.v4.app.ActionBarDrawerToggleHoneycomb.jasmin /home/diego/didfail/toyapps/out/dare/SendSMS/retargeted/SendSMS/android.support.v4.view.accessibility.AccessibilityRecordCompat$AccessibilityRecordImpl.jasmin /home/diego/didfail/toyapps/out/dare/SendSMS/retargeted/SendSMS/android.support.v4.view.accessibility.AccessibilityRecordCompat$AccessibilityRecordStubImpl.jasmin /home/diego/didfail/toyapps/out/dare/SendSMS/retargeted/SendSMS/android.support.v4.view.accessibility.AccessibilityRecordCompat$AccessibilityRecordIcsImpl.jasmin /home/diego/didfail/toyapps/out/dare/SendSMS/retargeted/SendSMS/android.support.v4.view.accessibility.AccessibilityRecordCompat$AccessibilityRecordIcsMr1Impl.jasmin /home/diego/didfail/toyapps/out/dare/SendSMS/retargeted/SendSMS/android.support.v4.view.accessibility.AccessibilityRecordCompat$AccessibilityRecordJellyBeanImpl.jasmin /home/diego/didfail/toyapps/out/dare/SendSMS/retargeted/SendSMS/android.support.v4.app.FragmentTabHost$SavedState$1.jasmin /home/diego/didfail/toyapps/out/dare/SendSMS/retargeted/SendSMS/android.support.v4.app.BackStackRecord$Op.jasmin /home/diego/didfail/toyapps/out/dare/SendSMS/retargeted/SendSMS/android.support.v4.view.MenuItemCompat$OnActionExpandListener.jasmin /home/diego/didfail/toyapps/out/dare/SendSMS/retargeted/SendSMS/android.support.v4.app.FragmentTabHost$SavedState.jasmin /home/diego/didfail/toyapps/out/dare/SendSMS/retargeted/SendSMS/android.support.v4.content.LocalBroadcastManager$ReceiverRecord.jasmin /home/diego/didfail/toyapps/out/dare/SendSMS/retargeted/SendSMS/android.support.v4.view.KeyEventCompat.jas
Launcher Type: SUN_STANDARD

Environment Variables:
PATH=/usr/local/sbin:/usr/local/bin:/usr/sbin:/usr/bin:/sbin:/bin:/usr/games:/usr/local/games
SHELL=/bin/bash
DISPLAY=:0

Signal Handlers:
SIGSEGV: [libjvm.so+0x9a3b20], sa_mask[0]=0x7ffbfeff, sa_flags=0x10000004
SIGBUS: [libjvm.so+0x9a3b20], sa_mask[0]=0x7ffbfeff, sa_flags=0x10000004
SIGFPE: [libjvm.so+0x81e740], sa_mask[0]=0x7ffbfeff, sa_flags=0x10000004
SIGPIPE: [libjvm.so+0x81e740], sa_mask[0]=0x7ffbfeff, sa_flags=0x10000004
SIGXFSZ: [libjvm.so+0x81e740], sa_mask[0]=0x7ffbfeff, sa_flags=0x10000004
SIGILL: [libjvm.so+0x81e740], sa_mask[0]=0x7ffbfeff, sa_flags=0x10000004
SIGUSR1: SIG_DFL, sa_mask[0]=0x00000000, sa_flags=0x00000000
SIGUSR2: [libjvm.so+0x81ffb0], sa_mask[0]=0x00000000, sa_flags=0x10000004
SIGHUP: SIG_DFL, sa_mask[0]=0x00000000, sa_flags=0x00000000
SIGINT: SIG_DFL, sa_mask[0]=0x00000000, sa_flags=0x00000000
SIGTERM: SIG_DFL, sa_mask[0]=0x00000000, sa_flags=0x00000000
SIGQUIT: SIG_DFL, sa_mask[0]=0x00000000, sa_flags=0x00000000


---------------  S Y S T E M  ---------------

OS:jessie/sid

uname:Linux 3.13.0-51-generic #84-Ubuntu SMP Wed Apr 15 12:08:34 UTC 2015 x86_64
libc:glibc 2.19 NPTL 2.19 
rlimit: STACK 8192k, CORE 0k, NPROC 46406, NOFILE 4096, AS 2250000k
load average:2,08 1,26 0,73

/proc/meminfo:
MemTotal:        6004492 kB
MemFree:         3600264 kB
Buffers:          116916 kB
Cached:          1046432 kB
SwapCached:            0 kB
Active:          1392604 kB
Inactive:         784548 kB
Active(anon):    1015128 kB
Inactive(anon):   148492 kB
Active(file):     377476 kB
Inactive(file):   636056 kB
Unevictable:          64 kB
Mlocked:              64 kB
SwapTotal:       1973244 kB
SwapFree:        1973244 kB
Dirty:              3980 kB
Writeback:            12 kB
AnonPages:       1013872 kB
Mapped:           367044 kB
Shmem:            149908 kB
Slab:             104004 kB
SReclaimable:      68804 kB
SUnreclaim:        35200 kB
KernelStack:        4400 kB
PageTables:        45204 kB
NFS_Unstable:          0 kB
Bounce:                0 kB
WritebackTmp:          0 kB
CommitLimit:     4975488 kB
Committed_AS:    4341516 kB
VmallocTotal:   34359738367 kB
VmallocUsed:      354368 kB
VmallocChunk:   34359376860 kB
HardwareCorrupted:     0 kB
AnonHugePages:    210944 kB
HugePages_Total:       0
HugePages_Free:        0
HugePages_Rsvd:        0
HugePages_Surp:        0
Hugepagesize:       2048 kB
DirectMap4k:       72272 kB
DirectMap2M:     6111232 kB


CPU:total 4 (2 cores per cpu, 2 threads per core) family 6 model 58 stepping 9, cmov, cx8, fxsr, mmx, sse, sse2, sse3, ssse3, sse4.1, sse4.2, popcnt, avx, aes, erms, ht, tsc, tscinvbit, tscinv

/proc/cpuinfo:
processor	: 0
vendor_id	: GenuineIntel
cpu family	: 6
model		: 58
model name	: Intel(R) Core(TM) i7-3517U CPU @ 1.90GHz
stepping	: 9
microcode	: 0x13
cpu MHz		: 768.000
cache size	: 4096 KB
physical id	: 0
siblings	: 4
core id		: 0
cpu cores	: 2
apicid		: 0
initial apicid	: 0
fpu		: yes
fpu_exception	: yes
cpuid level	: 13
wp		: yes
flags		: fpu vme de pse tsc msr pae mce cx8 apic sep mtrr pge mca cmov pat pse36 clflush dts acpi mmx fxsr sse sse2 ss ht tm pbe syscall nx rdtscp lm constant_tsc arch_perfmon pebs bts rep_good nopl xtopology nonstop_tsc aperfmperf eagerfpu pni pclmulqdq dtes64 monitor ds_cpl vmx est tm2 ssse3 cx16 xtpr pdcm pcid sse4_1 sse4_2 x2apic popcnt tsc_deadline_timer aes xsave avx f16c rdrand lahf_lm ida arat epb xsaveopt pln pts dtherm tpr_shadow vnmi flexpriority ept vpid fsgsbase smep erms
bogomips	: 4789.11
clflush size	: 64
cache_alignment	: 64
address sizes	: 36 bits physical, 48 bits virtual
power management:

processor	: 1
vendor_id	: GenuineIntel
cpu family	: 6
model		: 58
model name	: Intel(R) Core(TM) i7-3517U CPU @ 1.90GHz
stepping	: 9
microcode	: 0x13
cpu MHz		: 1900.000
cache size	: 4096 KB
physical id	: 0
siblings	: 4
core id		: 1
cpu cores	: 2
apicid		: 2
initial apicid	: 2
fpu		: yes
fpu_exception	: yes
cpuid level	: 13
wp		: yes
flags		: fpu vme de pse tsc msr pae mce cx8 apic sep mtrr pge mca cmov pat pse36 clflush dts acpi mmx fxsr sse sse2 ss ht tm pbe syscall nx rdtscp lm constant_tsc arch_perfmon pebs bts rep_good nopl xtopology nonstop_tsc aperfmperf eagerfpu pni pclmulqdq dtes64 monitor ds_cpl vmx est tm2 ssse3 cx16 xtpr pdcm pcid sse4_1 sse4_2 x2apic popcnt tsc_deadline_timer aes xsave avx f16c rdrand lahf_lm ida arat epb xsaveopt pln pts dtherm tpr_shadow vnmi flexpriority ept vpid fsgsbase smep erms
bogomips	: 4789.11
clflush size	: 64
cache_alignment	: 64
address sizes	: 36 bits physical, 48 bits virtual
power management:

processor	: 2
vendor_id	: GenuineIntel
cpu family	: 6
model		: 58
model name	: Intel(R) Core(TM) i7-3517U CPU @ 1.90GHz
stepping	: 9
microcode	: 0x13
cpu MHz		: 768.000
cache size	: 4096 KB
physical id	: 0
siblings	: 4
core id		: 0
cpu cores	: 2
apicid		: 1
initial apicid	: 1
fpu		: yes
fpu_exception	: yes
cpuid level	: 13
wp		: yes
flags		: fpu vme de pse tsc msr pae mce cx8 apic sep mtrr pge mca cmov pat pse36 clflush dts acpi mmx fxsr sse sse2 ss ht tm pbe syscall nx rdtscp lm constant_tsc arch_perfmon pebs bts rep_good nopl xtopology nonstop_tsc aperfmperf eagerfpu pni pclmulqdq dtes64 monitor ds_cpl vmx est tm2 ssse3 cx16 xtpr pdcm pcid sse4_1 sse4_2 x2apic popcnt tsc_deadline_timer aes xsave avx f16c rdrand lahf_lm ida arat epb xsaveopt pln pts dtherm tpr_shadow vnmi flexpriority ept vpid fsgsbase smep erms
bogomips	: 4789.11
clflush size	: 64
cache_alignment	: 64
address sizes	: 36 bits physical, 48 bits virtual
power management:

processor	: 3
vendor_id	: GenuineIntel
cpu family	: 6
model		: 58
model name	: Intel(R) Core(TM) i7-3517U CPU @ 1.90GHz
stepping	: 9
microcode	: 0x13
cpu MHz		: 1900.000
cache size	: 4096 KB
physical id	: 0
siblings	: 4
core id		: 1
cpu cores	: 2
apicid		: 3
initial apicid	: 3
fpu		: yes
fpu_exception	: yes
cpuid level	: 13
wp		: yes
flags		: fpu vme de pse tsc msr pae mce cx8 apic sep mtrr pge mca cmov pat pse36 clflush dts acpi mmx fxsr sse sse2 ss ht tm pbe syscall nx rdtscp lm constant_tsc arch_perfmon pebs bts rep_good nopl xtopology nonstop_tsc aperfmperf eagerfpu pni pclmulqdq dtes64 monitor ds_cpl vmx est tm2 ssse3 cx16 xtpr pdcm pcid sse4_1 sse4_2 x2apic popcnt tsc_deadline_timer aes xsave avx f16c rdrand lahf_lm ida arat epb xsaveopt pln pts dtherm tpr_shadow vnmi flexpriority ept vpid fsgsbase smep erms
bogomips	: 4789.11
clflush size	: 64
cache_alignment	: 64
address sizes	: 36 bits physical, 48 bits virtual
power management:



Memory: 4k page, physical 6004492k(3600264k free), swap 1973244k(1973244k free)

vm_info: Java HotSpot(TM) 64-Bit Server VM (24.80-b11) for linux-amd64 JRE (1.7.0_80-b15), built on Apr 10 2015 19:53:14 by "java_re" with gcc 4.3.0 20080428 (Red Hat 4.3.0-8)

time: Thu May  7 18:52:01 2015
elapsed time: 0 seconds

