SLF4J: Class path contains multiple SLF4J bindings.
SLF4J: Found binding in [jar:file:/home/diego/security_android/workspace/heros/slf4j-simple-1.7.5.jar!/org/slf4j/impl/StaticLoggerBinder.class]
SLF4J: Found binding in [jar:file:/home/diego/security_android/workspace/soot-infoflow/lib/slf4j-simple-1.7.5.jar!/org/slf4j/impl/StaticLoggerBinder.class]
SLF4J: See http://www.slf4j.org/codes.html#multiple_bindings for an explanation.
SLF4J: Actual binding is of type [org.slf4j.impl.SimpleLoggerFactory]
[main] INFO soot.jimple.infoflow.taintWrappers.EasyTaintWrapper - Loaded wrapper entries for 49 classes and 4 exclusions.
[main] INFO soot.jimple.infoflow.android.SetupApplication - ARSC file parsing took 0.013995473 seconds
Using '/home/diego/security_android/platforms/android-16/android.jar' as android.jar
Warning: java.lang.ref.Finalizer is a phantom class!
Warning: android.hardware.display.DisplayManager is a phantom class!
Warning: android.media.RemoteControlClient$OnGetPlaybackPositionListener is a phantom class!
Warning: android.media.RemoteControlClient$OnPlaybackPositionUpdateListener is a phantom class!
Warning: android.view.ViewTreeObserver$OnWindowAttachListener is a phantom class!
Warning: android.view.ViewTreeObserver$OnWindowFocusChangeListener is a phantom class!
[main] INFO soot.jimple.infoflow.entryPointCreators.AndroidEntryPointCreator - Generated main method:
    public static void dummyMainMethod()
    {
        int $i0;
        org.cert.echoer.MainActivity $r0;
        android.os.Bundle $r1;

        $i0 = 0;

     label0:
        if $i0 == 0 goto label4;

        $r0 = new org.cert.echoer.MainActivity;
        specialinvoke $r0.<org.cert.echoer.MainActivity: void <init>()>();
        if $i0 == 1 goto label4;

     label1:
        $r1 = new android.os.Bundle;
        specialinvoke $r1.<android.os.Bundle: void <init>()>();
        virtualinvoke $r0.<org.cert.echoer.MainActivity: void onCreate(android.os.Bundle)>($r1);
        $r1 = null;

     label2:
        virtualinvoke $r0.<org.cert.echoer.MainActivity: void onResume()>();
        if $i0 == 2 goto label2;

        if $i0 == 3 goto label1;

        if $i0 == 4 goto label3;

        if $i0 == 5 goto label1;

        if $i0 == 6 goto label2;

     label3:
        if $i0 == 7 goto label4;

     label4:
        if $i0 == 8 goto label0;

        return;
    }

[Call Graph] For information on where the call graph may be incomplete, use the verbose option to the cg phase.
[Spark] Pointer Assignment Graph in 0.4 seconds.
[Spark] Type masks in 0.0 seconds.
[Spark] Pointer Graph simplified in 0.0 seconds.
[Spark] Propagation in 0.5 seconds.
[Spark] Solution found in 0.5 seconds.
Callback analysis done.
Warning: TextView is a phantom class!
Warning: org.cert.echoer.TextView is a phantom class!
Warning: android.view.TextView is a phantom class!
Warning: Button is a phantom class!
Warning: org.cert.echoer.Button is a phantom class!
Warning: android.view.Button is a phantom class!
Found 1 layout controls in file res/layout/activity_main.xml
Found 1 layout controls
Using '/home/diego/security_android/platforms/android-16/android.jar' as android.jar
Warning: java.lang.ref.Finalizer is a phantom class!
Warning: android.hardware.display.DisplayManager is a phantom class!
Warning: android.media.RemoteControlClient$OnGetPlaybackPositionListener is a phantom class!
Warning: android.media.RemoteControlClient$OnPlaybackPositionUpdateListener is a phantom class!
Warning: android.view.ViewTreeObserver$OnWindowAttachListener is a phantom class!
Warning: android.view.ViewTreeObserver$OnWindowFocusChangeListener is a phantom class!
[main] WARN soot.jimple.infoflow.entryPointCreators.AndroidEntryPointCreator - Cannot create valid constructor for android.view.Menu, because it is an interface and cannot substitute with subclass
[main] INFO soot.jimple.infoflow.entryPointCreators.AndroidEntryPointCreator - Generated main method:
    public static void dummyMainMethod()
    {
        int $i0;
        org.cert.echoer.MainActivity $r0;
        android.os.Bundle $r1;
        boolean $z0;
        org.cert.echoer.Button1Listener $r2;
        android.view.View $r3;

        $i0 = 0;

     label0:
        if $i0 == 0 goto label7;

        $r0 = new org.cert.echoer.MainActivity;
        specialinvoke $r0.<org.cert.echoer.MainActivity: void <init>()>();
        if $i0 == 1 goto label7;

     label1:
        $r1 = new android.os.Bundle;
        specialinvoke $r1.<android.os.Bundle: void <init>()>();
        virtualinvoke $r0.<org.cert.echoer.MainActivity: void onCreate(android.os.Bundle)>($r1);
        $r1 = null;

     label2:
        virtualinvoke $r0.<org.cert.echoer.MainActivity: void onResume()>();

     label3:
        if $i0 == 2 goto label4;

        $z0 = virtualinvoke $r0.<org.cert.echoer.MainActivity: boolean onCreateOptionsMenu(android.view.Menu)>(null);

     label4:
        $r2 = new org.cert.echoer.Button1Listener;
        specialinvoke $r2.<org.cert.echoer.Button1Listener: void <init>(org.cert.echoer.MainActivity)>($r0);
        if $i0 == 3 goto label5;

        $r3 = new android.view.View;
        specialinvoke $r3.<android.view.View: void <init>(android.content.Context)>($r0);
        virtualinvoke $r2.<org.cert.echoer.Button1Listener: void onClick(android.view.View)>($r3);
        $r3 = null;

     label5:
        if $i0 == 4 goto label3;

        if $i0 == 5 goto label3;

        if $i0 == 6 goto label2;

        if $i0 == 7 goto label1;

        if $i0 == 8 goto label6;

        if $i0 == 9 goto label1;

        if $i0 == 10 goto label2;

     label6:
        if $i0 == 11 goto label7;

     label7:
        if $i0 == 12 goto label0;

        return;
    }

[Call Graph] For information on where the call graph may be incomplete, use the verbose option to the cg phase.
[Spark] Pointer Assignment Graph in 0.0 seconds.
[Spark] Type masks in 0.0 seconds.
[Spark] Pointer Graph simplified in 0.0 seconds.
[Spark] Propagation in 0.5 seconds.
[Spark] Solution found in 0.5 seconds.
Running incremental callback analysis for 1 components...
Incremental callback analysis done.
Found 1 layout controls
Found 4 callback methods for 1 components
Entry point calculation done.
Created a SourceSinkManager with 129 sources, 64 sinks, and 4 callback methods.
Running data flow analysis...
Running data flow analysis on /home/diego/security_android/toyapps/out/Echoer.apk with 129 sources and 64 sinks...
Starting infoflow computation...
[main] INFO soot.jimple.infoflow.Infoflow - Resetting Soot...
Using '/home/diego/security_android/platforms/android-16/android.jar' as android.jar
Warning: java.lang.ref.Finalizer is a phantom class!
[main] INFO soot.jimple.infoflow.Infoflow - Basic class loading done.
[main] ERROR soot.jimple.infoflow.Infoflow - Only phantom classes loaded, skipping analysis...
Warning: android.hardware.display.DisplayManager is a phantom class!
Warning: android.media.RemoteControlClient$OnGetPlaybackPositionListener is a phantom class!
Warning: android.media.RemoteControlClient$OnPlaybackPositionUpdateListener is a phantom class!
Warning: android.view.ViewTreeObserver$OnWindowAttachListener is a phantom class!
Warning: android.view.ViewTreeObserver$OnWindowFocusChangeListener is a phantom class!
[main] WARN soot.jimple.infoflow.entryPointCreators.AndroidEntryPointCreator - Cannot create valid constructor for android.view.Menu, because it is an interface and cannot substitute with subclass
[main] INFO soot.jimple.infoflow.entryPointCreators.AndroidEntryPointCreator - Generated main method:
    public static void dummyMainMethod()
    {
        int $i0;
        org.cert.echoer.MainActivity $r0;
        android.os.Bundle $r1;
        boolean $z0;
        org.cert.echoer.Button1Listener $r2;
        android.view.View $r3;

        $i0 = 0;

     label0:
        if $i0 == 0 goto label7;

        $r0 = new org.cert.echoer.MainActivity;
        specialinvoke $r0.<org.cert.echoer.MainActivity: void <init>()>();
        if $i0 == 1 goto label7;

     label1:
        $r1 = new android.os.Bundle;
        specialinvoke $r1.<android.os.Bundle: void <init>()>();
        virtualinvoke $r0.<org.cert.echoer.MainActivity: void onCreate(android.os.Bundle)>($r1);
        $r1 = null;

     label2:
        virtualinvoke $r0.<org.cert.echoer.MainActivity: void onResume()>();

     label3:
        if $i0 == 2 goto label4;

        $z0 = virtualinvoke $r0.<org.cert.echoer.MainActivity: boolean onCreateOptionsMenu(android.view.Menu)>(null);

     label4:
        $r2 = new org.cert.echoer.Button1Listener;
        specialinvoke $r2.<org.cert.echoer.Button1Listener: void <init>(org.cert.echoer.MainActivity)>($r0);
        if $i0 == 3 goto label5;

        $r3 = new android.view.View;
        specialinvoke $r3.<android.view.View: void <init>(android.content.Context)>($r0);
        virtualinvoke $r2.<org.cert.echoer.Button1Listener: void onClick(android.view.View)>($r3);
        $r3 = null;

     label5:
        if $i0 == 4 goto label3;

        if $i0 == 5 goto label3;

        if $i0 == 6 goto label2;

        if $i0 == 7 goto label1;

        if $i0 == 8 goto label6;

        if $i0 == 9 goto label1;

        if $i0 == 10 goto label2;

     label6:
        if $i0 == 11 goto label7;

     label7:
        if $i0 == 12 goto label0;

        return;
    }

[Call Graph] For information on where the call graph may be incomplete, use the verbose option to the cg phase.
[Spark] Pointer Assignment Graph in 0.0 seconds.
[Spark] Type masks in 0.0 seconds.
[Spark] Pointer Graph simplified in 0.0 seconds.
[Spark] Propagation in 0.4 seconds.
[Spark] Solution found in 0.4 seconds.
[main] INFO soot.jimple.infoflow.Infoflow - Callgraph has 102 edges
[main] INFO soot.jimple.infoflow.Infoflow - Looking for sources and sinks...
[main] INFO soot.jimple.infoflow.Infoflow - Source found: $r1 := @parameter0: android.view.View
[main] INFO soot.jimple.infoflow.Infoflow - Sink found: staticinvoke <android.util.Log: int i(java.lang.String,java.lang.String)>("In Echoer", "Echoing data back to caller using setResult()")
[main] INFO soot.jimple.infoflow.Infoflow - Sink found: virtualinvoke $r4.<org.cert.echoer.MainActivity: void setResult(int,android.content.Intent)>(0, $r6)
[main] INFO soot.jimple.infoflow.Infoflow - Source found: $r1 := @parameter0: android.os.Bundle
[main] INFO soot.jimple.infoflow.Infoflow - Source found: $r1 := @parameter0: android.view.Menu
[main] INFO soot.jimple.infoflow.Infoflow - Source found: $r1 = virtualinvoke $r0.<org.cert.echoer.MainActivity: android.content.Intent getIntent()>()
[main] INFO soot.jimple.infoflow.Infoflow - Source found: $r2 = virtualinvoke $r1.<android.content.Intent: java.lang.String getAction()>()
[main] INFO soot.jimple.infoflow.Infoflow - Source found: $r4 = virtualinvoke $r1.<android.content.Intent: android.os.Bundle getExtras()>()
[main] INFO soot.jimple.infoflow.Infoflow - Source found: $r3 = virtualinvoke $r4.<android.os.Bundle: java.lang.String getString(java.lang.String)>("secret")
[main] INFO soot.jimple.infoflow.Infoflow - Sink found: staticinvoke <android.util.Log: int i(java.lang.String,java.lang.String)>("Data recieved in Echoer: ", $r3)
[main] INFO soot.jimple.infoflow.Infoflow - Source found: $r5 = virtualinvoke $r1.<android.content.Intent: android.net.Uri getData()>()
[main] INFO soot.jimple.infoflow.Infoflow - Sink found: staticinvoke <android.util.Log: int i(java.lang.String,java.lang.String)>("URI recieved in Echoer: ", $r3)
[main] INFO soot.jimple.infoflow.Infoflow - Source lookup done, found 8 sources and 4 sinks.
[main] WARN soot.jimple.infoflow.Infoflow - Static field tracking is disabled, results may be incomplete
[main] WARN soot.jimple.infoflow.Infoflow - Using flow-insensitive alias tracking, results may be imprecise
[main] INFO soot.jimple.infoflow.Infoflow - Taint wrapper hits: 125
[main] INFO soot.jimple.infoflow.Infoflow - Taint wrapper misses: 72
[main] INFO soot.jimple.infoflow.Infoflow - IFDS problem solved, processing results...
[main] INFO soot.jimple.infoflow.Infoflow - Obtainted 5 connections between sources and sinks
[main] INFO soot.jimple.infoflow.Infoflow - Building path 1
[main] INFO soot.jimple.infoflow.Infoflow - Building path 2
[main] INFO soot.jimple.infoflow.Infoflow - Building path 3
[main] INFO soot.jimple.infoflow.Infoflow - Building path 4
[main] INFO soot.jimple.infoflow.Infoflow - Building path 5
[main] INFO soot.jimple.infoflow.Infoflow - The sink staticinvoke <android.util.Log: int i(java.lang.String,java.lang.String)>("URI recieved in Echoer: ", $r3) in method <org.cert.echoer.MainActivity: void getDataFromIntent()> was called with values from the following sources:
[main] INFO soot.jimple.infoflow.Infoflow - - $r1 = virtualinvoke $r0.<org.cert.echoer.MainActivity: android.content.Intent getIntent()>() on line 0 in method <org.cert.echoer.MainActivity: void getDataFromIntent()>
[main] INFO soot.jimple.infoflow.Infoflow - 	on Path: 
[main] INFO soot.jimple.infoflow.Infoflow - 		 -> $r1 = virtualinvoke $r0.<org.cert.echoer.MainActivity: android.content.Intent getIntent()>()
[main] INFO soot.jimple.infoflow.Infoflow - 		 -> $r0.<org.cert.echoer.MainActivity: android.content.Intent i> = $r1
[main] INFO soot.jimple.infoflow.Infoflow - 		 -> specialinvoke $r0.<org.cert.echoer.MainActivity: void getDataFromIntent()>()
[main] INFO soot.jimple.infoflow.Infoflow - 		 -> specialinvoke $r0.<org.cert.echoer.MainActivity: void getDataFromIntent()>()
[main] INFO soot.jimple.infoflow.Infoflow - 		 -> $r1 = virtualinvoke $r0.<org.cert.echoer.MainActivity: android.content.Intent getIntent()>()
[main] INFO soot.jimple.infoflow.Infoflow - 		 -> $r0.<org.cert.echoer.MainActivity: android.content.Intent i> = $r1
[main] INFO soot.jimple.infoflow.Infoflow - 		 -> $r1 = $r0.<org.cert.echoer.MainActivity: android.content.Intent i>
[main] INFO soot.jimple.infoflow.Infoflow - 		 -> $r5 = virtualinvoke $r1.<android.content.Intent: android.net.Uri getData()>()
[main] INFO soot.jimple.infoflow.Infoflow - 		 -> $r3 = virtualinvoke $r5.<android.net.Uri: java.lang.String toString()>()
[main] INFO soot.jimple.infoflow.Infoflow - 		 -> staticinvoke <android.util.Log: int i(java.lang.String,java.lang.String)>("URI recieved in Echoer: ", $r3)
[main] INFO soot.jimple.infoflow.Infoflow - - $r5 = virtualinvoke $r1.<android.content.Intent: android.net.Uri getData()>() in method <org.cert.echoer.MainActivity: void getDataFromIntent()>
[main] INFO soot.jimple.infoflow.Infoflow - 	on Path: 
[main] INFO soot.jimple.infoflow.Infoflow - 		 -> $r5 = virtualinvoke $r1.<android.content.Intent: android.net.Uri getData()>()
[main] INFO soot.jimple.infoflow.Infoflow - 		 -> $r3 = virtualinvoke $r5.<android.net.Uri: java.lang.String toString()>()
[main] INFO soot.jimple.infoflow.Infoflow - 		 -> staticinvoke <android.util.Log: int i(java.lang.String,java.lang.String)>("URI recieved in Echoer: ", $r3)
[main] INFO soot.jimple.infoflow.Infoflow - The sink virtualinvoke $r4.<org.cert.echoer.MainActivity: void setResult(int,android.content.Intent)>(0, $r6) on line 22 in method <org.cert.echoer.Button1Listener: void onClick(android.view.View)> was called with values from the following sources:
[main] INFO soot.jimple.infoflow.Infoflow - - $r1 = virtualinvoke $r0.<org.cert.echoer.MainActivity: android.content.Intent getIntent()>() on line 0 in method <org.cert.echoer.MainActivity: void getDataFromIntent()>
[main] INFO soot.jimple.infoflow.Infoflow - 	on Path: 
[main] INFO soot.jimple.infoflow.Infoflow - 		 -> $r1 = virtualinvoke $r0.<org.cert.echoer.MainActivity: android.content.Intent getIntent()>()
[main] INFO soot.jimple.infoflow.Infoflow - 		 -> $r0.<org.cert.echoer.MainActivity: android.content.Intent i> = $r1
[main] INFO soot.jimple.infoflow.Infoflow - 		 -> specialinvoke $r0.<org.cert.echoer.MainActivity: void getDataFromIntent()>()
[main] INFO soot.jimple.infoflow.Infoflow - 		 -> virtualinvoke $r0.<org.cert.echoer.MainActivity: void onResume()>()
[main] INFO soot.jimple.infoflow.Infoflow - 		 -> specialinvoke $r2.<org.cert.echoer.Button1Listener: void <init>(org.cert.echoer.MainActivity)>($r0)
[main] INFO soot.jimple.infoflow.Infoflow - 		 -> $r0.<org.cert.echoer.Button1Listener: org.cert.echoer.MainActivity act> = $r1
[main] INFO soot.jimple.infoflow.Infoflow - 		 -> specialinvoke $r2.<org.cert.echoer.Button1Listener: void <init>(org.cert.echoer.MainActivity)>($r0)
[main] INFO soot.jimple.infoflow.Infoflow - 		 -> virtualinvoke $r2.<org.cert.echoer.Button1Listener: void onClick(android.view.View)>($r3)
[main] INFO soot.jimple.infoflow.Infoflow - 		 -> $r5 = $r0.<org.cert.echoer.Button1Listener: org.cert.echoer.MainActivity act>
[main] INFO soot.jimple.infoflow.Infoflow - 		 -> $r6 = $r5.<org.cert.echoer.MainActivity: android.content.Intent i>
[main] INFO soot.jimple.infoflow.Infoflow - 		 -> virtualinvoke $r4.<org.cert.echoer.MainActivity: void setResult(int,android.content.Intent)>(0, $r6)
[main] INFO soot.jimple.infoflow.Infoflow - The sink staticinvoke <android.util.Log: int i(java.lang.String,java.lang.String)>("Data recieved in Echoer: ", $r3) in method <org.cert.echoer.MainActivity: void getDataFromIntent()> was called with values from the following sources:
[main] INFO soot.jimple.infoflow.Infoflow - - $r4 = virtualinvoke $r1.<android.content.Intent: android.os.Bundle getExtras()>() in method <org.cert.echoer.MainActivity: void getDataFromIntent()>
[main] INFO soot.jimple.infoflow.Infoflow - 	on Path: 
[main] INFO soot.jimple.infoflow.Infoflow - 		 -> $r4 = virtualinvoke $r1.<android.content.Intent: android.os.Bundle getExtras()>()
[main] INFO soot.jimple.infoflow.Infoflow - 		 -> $r3 = virtualinvoke $r4.<android.os.Bundle: java.lang.String getString(java.lang.String)>("secret")
[main] INFO soot.jimple.infoflow.Infoflow - 		 -> staticinvoke <android.util.Log: int i(java.lang.String,java.lang.String)>("Data recieved in Echoer: ", $r3)
[main] INFO soot.jimple.infoflow.Infoflow - - $r1 = virtualinvoke $r0.<org.cert.echoer.MainActivity: android.content.Intent getIntent()>() on line 0 in method <org.cert.echoer.MainActivity: void getDataFromIntent()>
[main] INFO soot.jimple.infoflow.Infoflow - 	on Path: 
[main] INFO soot.jimple.infoflow.Infoflow - 		 -> $r1 = virtualinvoke $r0.<org.cert.echoer.MainActivity: android.content.Intent getIntent()>()
[main] INFO soot.jimple.infoflow.Infoflow - 		 -> $r0.<org.cert.echoer.MainActivity: android.content.Intent i> = $r1
[main] INFO soot.jimple.infoflow.Infoflow - 		 -> $r1 = $r0.<org.cert.echoer.MainActivity: android.content.Intent i>
[main] INFO soot.jimple.infoflow.Infoflow - 		 -> $r4 = virtualinvoke $r1.<android.content.Intent: android.os.Bundle getExtras()>()
[main] INFO soot.jimple.infoflow.Infoflow - 		 -> $r3 = virtualinvoke $r4.<android.os.Bundle: java.lang.String getString(java.lang.String)>("secret")
[main] INFO soot.jimple.infoflow.Infoflow - 		 -> staticinvoke <android.util.Log: int i(java.lang.String,java.lang.String)>("Data recieved in Echoer: ", $r3)
[main] INFO soot.jimple.infoflow.Infoflow - - $r5 = virtualinvoke $r1.<android.content.Intent: android.net.Uri getData()>() in method <org.cert.echoer.MainActivity: void getDataFromIntent()>
[main] INFO soot.jimple.infoflow.Infoflow - 	on Path: 
[main] INFO soot.jimple.infoflow.Infoflow - 		 -> $r5 = virtualinvoke $r1.<android.content.Intent: android.net.Uri getData()>()
[main] INFO soot.jimple.infoflow.Infoflow - 		 -> $r3 = virtualinvoke $r5.<android.net.Uri: java.lang.String toString()>()
[main] INFO soot.jimple.infoflow.Infoflow - 		 -> staticinvoke <android.util.Log: int i(java.lang.String,java.lang.String)>("Data recieved in Echoer: ", $r3)
[main] INFO soot.jimple.infoflow.Infoflow - - $r3 = virtualinvoke $r4.<android.os.Bundle: java.lang.String getString(java.lang.String)>("secret") in method <org.cert.echoer.MainActivity: void getDataFromIntent()>
[main] INFO soot.jimple.infoflow.Infoflow - 	on Path: 
[main] INFO soot.jimple.infoflow.Infoflow - 		 -> $r3 = virtualinvoke $r4.<android.os.Bundle: java.lang.String getString(java.lang.String)>("secret")
[main] INFO soot.jimple.infoflow.Infoflow - 		 -> staticinvoke <android.util.Log: int i(java.lang.String,java.lang.String)>("Data recieved in Echoer: ", $r3)
<?xml version="1.0" encoding="UTF-8"?>
<results package="org.cert.echoer">
<flow>
<sink method="&lt;android.util.Log: int i(java.lang.String,java.lang.String)&gt;"></sink>
<source method="&lt;android.app.Activity: android.content.Intent getIntent()&gt;" component="org.cert.echoer.MainActivity">
<in>getDataFromIntent</in>
</source>
<source method="&lt;android.os.Bundle: java.lang.String getString(java.lang.String)&gt;" component="org.cert.echoer.MainActivity">
<in>getDataFromIntent</in>
</source>
<source method="&lt;android.content.Intent: android.os.Bundle getExtras()&gt;" component="org.cert.echoer.MainActivity">
<in>getDataFromIntent</in>
</source>
<source method="&lt;android.content.Intent: android.net.Uri getData()&gt;" component="org.cert.echoer.MainActivity">
<in>getDataFromIntent</in>
</source>
</flow>
<flow>
<sink method="&lt;android.util.Log: int i(java.lang.String,java.lang.String)&gt;"></sink>
<source method="&lt;android.app.Activity: android.content.Intent getIntent()&gt;" component="org.cert.echoer.MainActivity">
<in>getDataFromIntent</in>
</source>
<source method="&lt;android.content.Intent: android.net.Uri getData()&gt;" component="org.cert.echoer.MainActivity">
<in>getDataFromIntent</in>
</source>
</flow>
<flow>
<sink method="&lt;android.app.Activity: void setResult(int,android.content.Intent)&gt;" is-intent-result="1" component="org.cert.echoer.Button1Listener"></sink>
<source method="&lt;android.app.Activity: android.content.Intent getIntent()&gt;" component="org.cert.echoer.MainActivity">
<in>getDataFromIntent</in>
</source>
</flow>
</results>
Analysis has run for 14.35925222 seconds
