SLF4J: Class path contains multiple SLF4J bindings.
SLF4J: Found binding in [jar:file:/home/diego/didfail/workspace/heros/slf4j-simple-1.7.5.jar!/org/slf4j/impl/StaticLoggerBinder.class]
SLF4J: Found binding in [jar:file:/home/diego/didfail/workspace/soot-infoflow/lib/slf4j-simple-1.7.5.jar!/org/slf4j/impl/StaticLoggerBinder.class]
SLF4J: See http://www.slf4j.org/codes.html#multiple_bindings for an explanation.
SLF4J: Actual binding is of type [org.slf4j.impl.SimpleLoggerFactory]
[main] INFO soot.jimple.infoflow.taintWrappers.EasyTaintWrapper - Loaded wrapper entries for 49 classes and 4 exclusions.
[main] INFO soot.jimple.infoflow.android.SetupApplication - ARSC file parsing took 0.0449266 seconds
Using '/home/diego/didfail/platforms/android-16/android.jar' as android.jar
Warning: java.lang.ref.Finalizer is a phantom class!
Warning: android.hardware.display.DisplayManager is a phantom class!
Warning: android.media.RemoteControlClient$OnGetPlaybackPositionListener is a phantom class!
Warning: android.media.RemoteControlClient$OnPlaybackPositionUpdateListener is a phantom class!
Warning: android.view.ViewTreeObserver$OnWindowAttachListener is a phantom class!
Warning: android.view.ViewTreeObserver$OnWindowFocusChangeListener is a phantom class!
[main] INFO soot.jimple.infoflow.entryPointCreators.AndroidEntryPointCreator - Generated main method:
    public static void dummyMainMethod()
    {
        int $i0;
        org.cert.sendsms.MainActivity $r0;
        android.os.Bundle $r1;

        $i0 = 0;

     label0:
        if $i0 == 0 goto label4;

        $r0 = new org.cert.sendsms.MainActivity;
        specialinvoke $r0.<org.cert.sendsms.MainActivity: void <init>()>();
        if $i0 == 1 goto label4;

     label1:
        $r1 = new android.os.Bundle;
        specialinvoke $r1.<android.os.Bundle: void <init>()>();
        virtualinvoke $r0.<org.cert.sendsms.MainActivity: void onCreate(android.os.Bundle)>($r1);
        $r1 = null;

     label2:
        if $i0 == 3 goto label1;

        if $i0 == 4 goto label3;

        if $i0 == 5 goto label1;

        if $i0 == 6 goto label2;

     label3:
        if $i0 == 7 goto label4;

     label4:
        if $i0 == 8 goto label0;

        return;
    }

[Call Graph] For information on where the call graph may be incomplete, use the verbose option to the cg phase.
[Spark] Pointer Assignment Graph in 0.3 seconds.
[Spark] Type masks in 0.0 seconds.
[Spark] Pointer Graph simplified in 0.0 seconds.
[Spark] Propagation in 0.2 seconds.
[Spark] Solution found in 0.2 seconds.
Callback analysis done.
Warning: TextView is a phantom class!
Warning: org.cert.sendsms.TextView is a phantom class!
Warning: android.view.TextView is a phantom class!
Warning: Button is a phantom class!
Warning: org.cert.sendsms.Button is a phantom class!
Warning: android.view.Button is a phantom class!
Found 1 layout controls in file res/layout/activity_main.xml
Found 1 layout controls
Using '/home/diego/didfail/platforms/android-16/android.jar' as android.jar
Warning: java.lang.ref.Finalizer is a phantom class!
Warning: android.hardware.display.DisplayManager is a phantom class!
Warning: android.media.RemoteControlClient$OnGetPlaybackPositionListener is a phantom class!
Warning: android.media.RemoteControlClient$OnPlaybackPositionUpdateListener is a phantom class!
Warning: android.view.ViewTreeObserver$OnWindowAttachListener is a phantom class!
Warning: android.view.ViewTreeObserver$OnWindowFocusChangeListener is a phantom class!
[main] WARN soot.jimple.infoflow.entryPointCreators.AndroidEntryPointCreator - Cannot create valid constructor for android.view.Menu, because it is an interface and cannot substitute with subclass
[main] INFO soot.jimple.infoflow.entryPointCreators.AndroidEntryPointCreator - Generated main method:
    public static void dummyMainMethod()
    {
        int $i0;
        org.cert.sendsms.MainActivity $r0;
        android.os.Bundle $r1;
        boolean $z0;
        android.content.Intent $r2;
        org.cert.sendsms.Button1Listener $r3;
        android.view.View $r4;

        $i0 = 0;

     label0:
        if $i0 == 0 goto label7;

        $r0 = new org.cert.sendsms.MainActivity;
        specialinvoke $r0.<org.cert.sendsms.MainActivity: void <init>()>();
        if $i0 == 1 goto label7;

     label1:
        $r1 = new android.os.Bundle;
        specialinvoke $r1.<android.os.Bundle: void <init>()>();
        virtualinvoke $r0.<org.cert.sendsms.MainActivity: void onCreate(android.os.Bundle)>($r1);
        $r1 = null;

     label2:
        if $i0 == 2 goto label3;

        $z0 = virtualinvoke $r0.<org.cert.sendsms.MainActivity: boolean onCreateOptionsMenu(android.view.Menu)>(null);

     label3:
        if $i0 == 3 goto label4;

        $r2 = new android.content.Intent;
        specialinvoke $r2.<android.content.Intent: void <init>()>();
        virtualinvoke $r0.<org.cert.sendsms.MainActivity: void onActivityResult(int,int,android.content.Intent)>(0, 0, $r2);
        $r2 = null;

     label4:
        $r3 = new org.cert.sendsms.Button1Listener;
        specialinvoke $r3.<org.cert.sendsms.Button1Listener: void <init>(org.cert.sendsms.MainActivity)>($r0);
        if $i0 == 4 goto label5;

        $r4 = new android.view.View;
        specialinvoke $r4.<android.view.View: void <init>(android.content.Context)>($r0);
        virtualinvoke $r3.<org.cert.sendsms.Button1Listener: void onClick(android.view.View)>($r4);
        $r4 = null;

     label5:
        if $i0 == 5 goto label2;

        if $i0 == 6 goto label2;

        if $i0 == 7 goto label2;

        if $i0 == 8 goto label1;

        if $i0 == 9 goto label6;

        if $i0 == 10 goto label1;

        if $i0 == 11 goto label2;

     label6:
        if $i0 == 12 goto label7;

     label7:
        if $i0 == 13 goto label0;

        return;
    }

[Call Graph] For information on where the call graph may be incomplete, use the verbose option to the cg phase.
[Spark] Pointer Assignment Graph in 0.0 seconds.
[Spark] Type masks in 0.0 seconds.
[Spark] Pointer Graph simplified in 0.0 seconds.
[Spark] Propagation in 0.6 seconds.
[Spark] Solution found in 0.6 seconds.
Running incremental callback analysis for 1 components...
Incremental callback analysis done.
Found 1 layout controls
Found 4 callback methods for 1 components
Entry point calculation done.
Created a SourceSinkManager with 129 sources, 64 sinks, and 4 callback methods.
Running data flow analysis...
Running data flow analysis on /home/diego/security_android/toyapps/out/SendSMS.apk with 129 sources and 64 sinks...
Starting infoflow computation...
[main] INFO soot.jimple.infoflow.Infoflow - Resetting Soot...
Using '/home/diego/didfail/platforms/android-16/android.jar' as android.jar
Warning: java.lang.ref.Finalizer is a phantom class!
[main] INFO soot.jimple.infoflow.Infoflow - Basic class loading done.
[main] ERROR soot.jimple.infoflow.Infoflow - Only phantom classes loaded, skipping analysis...
Warning: android.hardware.display.DisplayManager is a phantom class!
Warning: android.media.RemoteControlClient$OnGetPlaybackPositionListener is a phantom class!
Warning: android.media.RemoteControlClient$OnPlaybackPositionUpdateListener is a phantom class!
Warning: android.view.ViewTreeObserver$OnWindowAttachListener is a phantom class!
Warning: android.view.ViewTreeObserver$OnWindowFocusChangeListener is a phantom class!
[main] WARN soot.jimple.infoflow.entryPointCreators.AndroidEntryPointCreator - Cannot create valid constructor for android.view.Menu, because it is an interface and cannot substitute with subclass
[main] INFO soot.jimple.infoflow.entryPointCreators.AndroidEntryPointCreator - Generated main method:
    public static void dummyMainMethod()
    {
        int $i0;
        org.cert.sendsms.MainActivity $r0;
        android.os.Bundle $r1;
        org.cert.sendsms.Button1Listener $r2;
        android.view.View $r3;
        android.content.Intent $r4;
        boolean $z0;

        $i0 = 0;

     label0:
        if $i0 == 0 goto label7;

        $r0 = new org.cert.sendsms.MainActivity;
        specialinvoke $r0.<org.cert.sendsms.MainActivity: void <init>()>();
        if $i0 == 1 goto label7;

     label1:
        $r1 = new android.os.Bundle;
        specialinvoke $r1.<android.os.Bundle: void <init>()>();
        virtualinvoke $r0.<org.cert.sendsms.MainActivity: void onCreate(android.os.Bundle)>($r1);
        $r1 = null;

     label2:
        $r2 = new org.cert.sendsms.Button1Listener;
        specialinvoke $r2.<org.cert.sendsms.Button1Listener: void <init>(org.cert.sendsms.MainActivity)>($r0);
        if $i0 == 2 goto label3;

        $r3 = new android.view.View;
        specialinvoke $r3.<android.view.View: void <init>(android.content.Context)>($r0);
        virtualinvoke $r2.<org.cert.sendsms.Button1Listener: void onClick(android.view.View)>($r3);
        $r3 = null;

     label3:
        if $i0 == 3 goto label4;

        $r4 = new android.content.Intent;
        specialinvoke $r4.<android.content.Intent: void <init>()>();
        virtualinvoke $r0.<org.cert.sendsms.MainActivity: void onActivityResult(int,int,android.content.Intent)>(0, 0, $r4);
        $r4 = null;

     label4:
        if $i0 == 4 goto label5;

        $z0 = virtualinvoke $r0.<org.cert.sendsms.MainActivity: boolean onCreateOptionsMenu(android.view.Menu)>(null);

     label5:
        if $i0 == 5 goto label2;

        if $i0 == 6 goto label2;

        if $i0 == 7 goto label2;

        if $i0 == 8 goto label1;

        if $i0 == 9 goto label6;

        if $i0 == 10 goto label1;

        if $i0 == 11 goto label2;

     label6:
        if $i0 == 12 goto label7;

     label7:
        if $i0 == 13 goto label0;

        return;
    }

[Call Graph] For information on where the call graph may be incomplete, use the verbose option to the cg phase.
[Spark] Pointer Assignment Graph in 0.0 seconds.
[Spark] Type masks in 0.0 seconds.
[Spark] Pointer Graph simplified in 0.0 seconds.
[Spark] Propagation in 0.2 seconds.
[Spark] Solution found in 0.2 seconds.
[main] INFO soot.jimple.infoflow.Infoflow - Callgraph has 126 edges
[main] INFO soot.jimple.infoflow.Infoflow - Looking for sources and sinks...
[main] INFO soot.jimple.infoflow.Infoflow - Source found: $r1 := @parameter0: android.view.View
[main] INFO soot.jimple.infoflow.Infoflow - Source found: $r3 = virtualinvoke $r6.<android.telephony.TelephonyManager: java.lang.String getDeviceId()>()
[main] INFO soot.jimple.infoflow.Infoflow - Sink found: staticinvoke <android.util.Log: int i(java.lang.String,java.lang.String)>("SendSMS: ", $r3)
[main] INFO soot.jimple.infoflow.Infoflow - Sink found: virtualinvoke $r4.<org.cert.sendsms.MainActivity: void startActivityForResult(android.content.Intent,int)>($r2, 0)
[main] INFO soot.jimple.infoflow.Infoflow - [31mINTENT SINK: [0mvirtualinvoke $r4.<org.cert.sendsms.MainActivity: void startActivityForResult(android.content.Intent,int)>($r2, 0)
[main] INFO soot.jimple.infoflow.Infoflow - [31mPREV: [0mvirtualinvoke $r2.<android.content.Intent: android.content.Intent putExtra(java.lang.String,java.lang.String)>("newField_6", "newField_6")
[main] INFO soot.jimple.infoflow.Infoflow - [31mIntentID: [0mnewField_6
[main] INFO soot.jimple.infoflow.Infoflow - [31mIntentID: [0mnewField_6
[main] INFO soot.jimple.infoflow.Infoflow - Source found: $r1 := @parameter0: android.os.Bundle
[main] INFO soot.jimple.infoflow.Infoflow - Source found: $i0 := @parameter0: int
[main] INFO soot.jimple.infoflow.Infoflow - Source found: $i1 := @parameter1: int
[main] INFO soot.jimple.infoflow.Infoflow - Source found: $r1 := @parameter2: android.content.Intent
[main] INFO soot.jimple.infoflow.Infoflow - Source found: $r3 = virtualinvoke $r1.<android.content.Intent: android.os.Bundle getExtras()>()
[main] INFO soot.jimple.infoflow.Infoflow - Source found: $r2 = virtualinvoke $r3.<android.os.Bundle: java.lang.String getString(java.lang.String)>("secret")
[main] INFO soot.jimple.infoflow.Infoflow - Sink found: staticinvoke <android.util.Log: int v(java.lang.String,java.lang.String)>("In SendSMS: ", "Data recieved")
[main] INFO soot.jimple.infoflow.Infoflow - Source found: $r3 = virtualinvoke $r1.<android.content.Intent: android.os.Bundle getExtras()>()
[main] INFO soot.jimple.infoflow.Infoflow - Source found: $r2 = virtualinvoke $r3.<android.os.Bundle: java.lang.String getString(java.lang.String)>("secret")
[main] INFO soot.jimple.infoflow.Infoflow - Sink found: staticinvoke <android.util.Log: int i(java.lang.String,java.lang.String)>("In SendSMS: ", "Data recieved")
[main] INFO soot.jimple.infoflow.Infoflow - Sink found: staticinvoke <android.util.Log: int i(java.lang.String,java.lang.String)>("In SendSMS: ", "No data recieved")
[main] INFO soot.jimple.infoflow.Infoflow - Source found: $r1 := @parameter0: android.view.Menu
[main] INFO soot.jimple.infoflow.Infoflow - Sink found: virtualinvoke $r2.<android.telephony.SmsManager: void sendTextMessage(java.lang.String,java.lang.String,java.lang.String,android.app.PendingIntent,android.app.PendingIntent)>("1234567890", null, $r1, null, null)
[main] INFO soot.jimple.infoflow.Infoflow - Source lookup done, found 11 sources and 6 sinks.
[main] WARN soot.jimple.infoflow.Infoflow - Static field tracking is disabled, results may be incomplete
[main] WARN soot.jimple.infoflow.Infoflow - Using flow-insensitive alias tracking, results may be imprecise
[main] INFO soot.jimple.infoflow.Infoflow - Taint wrapper hits: 26
[main] INFO soot.jimple.infoflow.Infoflow - Taint wrapper misses: 12
[main] INFO soot.jimple.infoflow.Infoflow - IFDS problem solved, processing results...
[main] INFO soot.jimple.infoflow.Infoflow - Obtainted 3 connections between sources and sinks
[main] INFO soot.jimple.infoflow.Infoflow - Building path 1
[main] INFO soot.jimple.infoflow.Infoflow - Building path 2
[main] INFO soot.jimple.infoflow.Infoflow - Building path 3
[main] INFO soot.jimple.infoflow.Infoflow - The sink virtualinvoke $r2.<android.telephony.SmsManager: void sendTextMessage(java.lang.String,java.lang.String,java.lang.String,android.app.PendingIntent,android.app.PendingIntent)>("1234567890", null, $r1, null, null) in method <org.cert.sendsms.MainActivity: void sendSMSMessage(java.lang.String)> was called with values from the following sources:
[main] INFO soot.jimple.infoflow.Infoflow - - $r1 := @parameter2: android.content.Intent in method <org.cert.sendsms.MainActivity: void onActivityResult(int,int,android.content.Intent)>
[main] INFO soot.jimple.infoflow.Infoflow - 	on Path: 
[main] INFO soot.jimple.infoflow.Infoflow - 		 -> $r1 := @parameter2: android.content.Intent
[main] INFO soot.jimple.infoflow.Infoflow - 		 -> $r3 = virtualinvoke $r1.<android.content.Intent: android.os.Bundle getExtras()>()
[main] INFO soot.jimple.infoflow.Infoflow - 		 -> $r2 = virtualinvoke $r3.<android.os.Bundle: java.lang.String getString(java.lang.String)>("secret")
[main] INFO soot.jimple.infoflow.Infoflow - 		 -> virtualinvoke $r0.<org.cert.sendsms.MainActivity: void sendSMSMessage(java.lang.String)>($r2)
[main] INFO soot.jimple.infoflow.Infoflow - 		 -> virtualinvoke $r2.<android.telephony.SmsManager: void sendTextMessage(java.lang.String,java.lang.String,java.lang.String,android.app.PendingIntent,android.app.PendingIntent)>("1234567890", null, $r1, null, null)
[main] INFO soot.jimple.infoflow.Infoflow - - $r3 = virtualinvoke $r1.<android.content.Intent: android.os.Bundle getExtras()>() in method <org.cert.sendsms.MainActivity: void onActivityResult(int,int,android.content.Intent)>
[main] INFO soot.jimple.infoflow.Infoflow - 	on Path: 
[main] INFO soot.jimple.infoflow.Infoflow - 		 -> $r3 = virtualinvoke $r1.<android.content.Intent: android.os.Bundle getExtras()>()
[main] INFO soot.jimple.infoflow.Infoflow - 		 -> $r2 = virtualinvoke $r3.<android.os.Bundle: java.lang.String getString(java.lang.String)>("secret")
[main] INFO soot.jimple.infoflow.Infoflow - 		 -> virtualinvoke $r0.<org.cert.sendsms.MainActivity: void sendSMSMessage(java.lang.String)>($r2)
[main] INFO soot.jimple.infoflow.Infoflow - 		 -> virtualinvoke $r2.<android.telephony.SmsManager: void sendTextMessage(java.lang.String,java.lang.String,java.lang.String,android.app.PendingIntent,android.app.PendingIntent)>("1234567890", null, $r1, null, null)
[main] INFO soot.jimple.infoflow.Infoflow - - $r2 = virtualinvoke $r3.<android.os.Bundle: java.lang.String getString(java.lang.String)>("secret") in method <org.cert.sendsms.MainActivity: void onActivityResult(int,int,android.content.Intent)>
[main] INFO soot.jimple.infoflow.Infoflow - 	on Path: 
[main] INFO soot.jimple.infoflow.Infoflow - 		 -> $r2 = virtualinvoke $r3.<android.os.Bundle: java.lang.String getString(java.lang.String)>("secret")
[main] INFO soot.jimple.infoflow.Infoflow - 		 -> virtualinvoke $r0.<org.cert.sendsms.MainActivity: void sendSMSMessage(java.lang.String)>($r2)
[main] INFO soot.jimple.infoflow.Infoflow - 		 -> virtualinvoke $r2.<android.telephony.SmsManager: void sendTextMessage(java.lang.String,java.lang.String,java.lang.String,android.app.PendingIntent,android.app.PendingIntent)>("1234567890", null, $r1, null, null)
[main] INFO soot.jimple.infoflow.Infoflow - - $r3 = virtualinvoke $r1.<android.content.Intent: android.os.Bundle getExtras()>() on line 0 in method <org.cert.sendsms.MainActivity: void onActivityResult(int,int,android.content.Intent)>
[main] INFO soot.jimple.infoflow.Infoflow - 	on Path: 
[main] INFO soot.jimple.infoflow.Infoflow - 		 -> $r3 = virtualinvoke $r1.<android.content.Intent: android.os.Bundle getExtras()>()
[main] INFO soot.jimple.infoflow.Infoflow - 		 -> $r2 = virtualinvoke $r3.<android.os.Bundle: java.lang.String getString(java.lang.String)>("secret")
[main] INFO soot.jimple.infoflow.Infoflow - 		 -> virtualinvoke $r0.<org.cert.sendsms.MainActivity: void sendSMSMessage(java.lang.String)>($r2)
[main] INFO soot.jimple.infoflow.Infoflow - 		 -> virtualinvoke $r2.<android.telephony.SmsManager: void sendTextMessage(java.lang.String,java.lang.String,java.lang.String,android.app.PendingIntent,android.app.PendingIntent)>("1234567890", null, $r1, null, null)
[main] INFO soot.jimple.infoflow.Infoflow - The sink virtualinvoke $r4.<org.cert.sendsms.MainActivity: void startActivityForResult(android.content.Intent,int)>($r2, 0) in method <org.cert.sendsms.Button1Listener: void onClick(android.view.View)> was called with values from the following sources:
[main] INFO soot.jimple.infoflow.Infoflow - - $r3 = virtualinvoke $r6.<android.telephony.TelephonyManager: java.lang.String getDeviceId()>() on line 23 in method <org.cert.sendsms.Button1Listener: void onClick(android.view.View)>
[main] INFO soot.jimple.infoflow.Infoflow - 	on Path: 
[main] INFO soot.jimple.infoflow.Infoflow - 		 -> $r3 = virtualinvoke $r6.<android.telephony.TelephonyManager: java.lang.String getDeviceId()>()
[main] INFO soot.jimple.infoflow.Infoflow - 		 -> virtualinvoke $r2.<android.content.Intent: android.content.Intent putExtra(java.lang.String,java.lang.String)>("secret", $r3)
[main] INFO soot.jimple.infoflow.Infoflow - 		 -> virtualinvoke $r4.<org.cert.sendsms.MainActivity: void startActivityForResult(android.content.Intent,int)>($r2, 0)
[main] INFO soot.jimple.infoflow.Infoflow - The sink staticinvoke <android.util.Log: int i(java.lang.String,java.lang.String)>("SendSMS: ", $r3) in method <org.cert.sendsms.Button1Listener: void onClick(android.view.View)> was called with values from the following sources:
[main] INFO soot.jimple.infoflow.Infoflow - - $r3 = virtualinvoke $r6.<android.telephony.TelephonyManager: java.lang.String getDeviceId()>() on line 23 in method <org.cert.sendsms.Button1Listener: void onClick(android.view.View)>
[main] INFO soot.jimple.infoflow.Infoflow - 	on Path: 
[main] INFO soot.jimple.infoflow.Infoflow - 		 -> $r3 = virtualinvoke $r6.<android.telephony.TelephonyManager: java.lang.String getDeviceId()>()
[main] INFO soot.jimple.infoflow.Infoflow - 		 -> $r7 = virtualinvoke $r7.<java.lang.StringBuilder: java.lang.StringBuilder append(java.lang.String)>($r3)
[main] INFO soot.jimple.infoflow.Infoflow - 		 -> $r3 = virtualinvoke $r7.<java.lang.StringBuilder: java.lang.String toString()>()
[main] INFO soot.jimple.infoflow.Infoflow - 		 -> staticinvoke <android.util.Log: int i(java.lang.String,java.lang.String)>("SendSMS: ", $r3)
<?xml version="1.0" encoding="UTF-8"?>
<results package="org.cert.sendsms">
<flow>
<sink method="&lt;android.util.Log: int i(java.lang.String,java.lang.String)&gt;"></sink>
<source method="&lt;android.telephony.TelephonyManager: java.lang.String getDeviceId()&gt;" component="org.cert.sendsms.Button1Listener">
<in>onClick</in>
</source>
</flow>
<flow>
<sink method="&lt;android.telephony.SmsManager: void sendTextMessage(java.lang.String,java.lang.String,java.lang.String,android.app.PendingIntent,android.app.PendingIntent)&gt;"></sink>
<source method="Stmt($r1 := @parameter2: android.content.Intent)" component="org.cert.sendsms.MainActivity">
<in>onActivityResult</in>
</source>
<source method="&lt;android.os.Bundle: java.lang.String getString(java.lang.String)&gt;" component="org.cert.sendsms.MainActivity">
<in>onActivityResult</in>
</source>
<source method="&lt;android.content.Intent: android.os.Bundle getExtras()&gt;" component="org.cert.sendsms.MainActivity">
<in>onActivityResult</in>
</source>
<source method="&lt;android.content.Intent: android.os.Bundle getExtras()&gt;" component="org.cert.sendsms.MainActivity">
<in>onActivityResult</in>
</source>
</flow>
<flow>
<sink method="&lt;android.app.Activity: void startActivityForResult(android.content.Intent,int)&gt;" is-intent="1" intent-id="newField_6"></sink>
<source method="&lt;android.telephony.TelephonyManager: java.lang.String getDeviceId()&gt;" component="org.cert.sendsms.Button1Listener">
<in>onClick</in>
</source>
</flow>
</results>
Analysis has run for 15.71513443 seconds
