Processing class #0: Landroid/support/v4/accessibilityservice/AccessibilityServiceInfoCompat$AccessibilityServiceInfoVersionImpl;
Processing class #1: Landroid/support/v4/app/ActionBarDrawerToggleHoneycomb;
Processing class #2: Landroid/support/v4/view/accessibility/AccessibilityRecordCompat$AccessibilityRecordImpl;
Processing class #3: Landroid/support/v4/view/accessibility/AccessibilityRecordCompat$AccessibilityRecordStubImpl;
Processing class #4: Landroid/support/v4/view/accessibility/AccessibilityRecordCompat$AccessibilityRecordIcsImpl;
Processing class #5: Landroid/support/v4/view/accessibility/AccessibilityRecordCompat$AccessibilityRecordIcsMr1Impl;
Processing class #6: Landroid/support/v4/view/accessibility/AccessibilityRecordCompat$AccessibilityRecordJellyBeanImpl;
Processing class #7: Landroid/support/v4/app/FragmentTabHost$SavedState$1;
Processing class #8: Landroid/support/v4/app/BackStackRecord$Op;
Processing class #9: Landroid/support/v4/view/MenuItemCompat$OnActionExpandListener;
Processing class #10: Landroid/support/v4/app/FragmentTabHost$SavedState;
Processing class #11: Lorg/cert/WriteFile/MainActivity;
Processing class #12: Landroid/support/v4/content/LocalBroadcastManager$ReceiverRecord;
Processing class #13: Landroid/support/v4/view/KeyEventCompat;
Processing class #14: Landroid/support/v4/app/ListFragment$2;
Processing class #15: Landroid/support/v4/app/ListFragment$1;
Processing class #16: Landroid/support/v4/widget/CursorAdapter$ChangeObserver;
Processing class #17: Landroid/support/v4/app/ShareCompat$IntentBuilder;
Processing class #18: Landroid/support/v4/accessibilityservice/AccessibilityServiceInfoCompat$AccessibilityServiceInfoStubImpl;
Processing class #19: Landroid/support/v4/accessibilityservice/AccessibilityServiceInfoCompat$AccessibilityServiceInfoIcsImpl;
Processing class #20: Landroid/support/v4/text/TextDirectionHeuristicCompat;
Processing class #21: Landroid/support/v4/text/TextDirectionHeuristicsCompat$TextDirectionHeuristicImpl;
Processing class #22: Landroid/support/v4/text/TextDirectionHeuristicsCompat$TextDirectionHeuristicInternal;
Processing class #23: Landroid/support/v4/view/MenuItemCompat$MenuVersionImpl;
Processing class #24: Landroid/support/v4/view/MenuItemCompat$BaseMenuVersionImpl;
Processing class #25: Lorg/cert/WriteFile/R$drawable;
Processing class #26: Landroid/support/v4/widget/SearchViewCompat$SearchViewCompatImpl;
Processing class #27: Landroid/support/v4/widget/SearchViewCompat$SearchViewCompatStubImpl;
Processing class #28: Landroid/support/v4/widget/SearchViewCompat$SearchViewCompatHoneycombImpl;
Processing class #29: Landroid/support/v4/widget/SearchViewCompat$SearchViewCompatIcsImpl;
Processing class #30: Landroid/support/v4/view/GestureDetectorCompat$GestureDetectorCompatImplBase$GestureHandler;
Processing class #31: Landroid/support/v4/app/LoaderManager;
Processing class #32: Landroid/support/v4/util/DebugUtils;
Processing class #33: Landroid/support/v4/widget/ScrollerCompatIcs;
Processing class #34: Landroid/support/v4/view/KeyEventCompat$KeyEventVersionImpl;
Processing class #35: Landroid/support/v4/view/KeyEventCompat$BaseKeyEventVersionImpl;
Processing class #36: Landroid/support/v4/view/KeyEventCompat$EclairKeyEventVersionImpl;
Processing class #37: Landroid/support/v4/view/KeyEventCompat$HoneycombKeyEventVersionImpl;
Processing class #38: Landroid/support/v4/view/accessibility/AccessibilityNodeProviderCompat;
Processing class #39: Landroid/support/v4/widget/ExploreByTouchHelper$ExploreByTouchNodeProvider;
Processing class #40: Landroid/support/v4/content/Loader$ForceLoadContentObserver;
Processing class #41: Landroid/support/v4/widget/DrawerLayout$SavedState;
Processing class #42: Landroid/support/v4/media/TransportMediatorJellybeanMR2$1;
Processing class #43: Landroid/support/v4/app/Fragment;
Processing class #44: Landroid/support/v4/app/DialogFragment;
Processing class #45: Landroid/support/v4/media/TransportMediatorJellybeanMR2$2;
Processing class #46: Landroid/support/v4/media/TransportMediatorJellybeanMR2$3;
Processing class #47: Landroid/support/v4/media/TransportMediatorJellybeanMR2$4;
Processing class #48: Landroid/support/v4/view/MenuItemCompat$HoneycombMenuVersionImpl;
Processing class #49: Landroid/support/v4/view/accessibility/AccessibilityEventCompat$AccessibilityEventVersionImpl;
Processing class #50: Landroid/support/v4/media/TransportController;
Processing class #51: Landroid/support/v4/media/TransportMediator;
Processing class #52: Landroid/support/v4/app/ShareCompat$ShareCompatImpl;
Processing class #53: Landroid/support/v4/app/ShareCompat$ShareCompatImplBase;
Processing class #54: Landroid/support/v4/app/ShareCompat$ShareCompatImplICS;
Processing class #55: Landroid/support/v4/app/ShareCompat$ShareCompatImplJB;
Processing class #56: Landroid/support/v4/view/MenuItemCompat;
Processing class #57: Landroid/support/v4/app/NotificationCompat$NotificationCompatImpl;
Processing class #58: Landroid/support/v4/app/NotificationCompat$NotificationCompatImplIceCreamSandwich;
Processing class #59: Landroid/support/v4/app/NotificationCompat$Style;
Processing class #60: Landroid/support/v4/app/NotificationCompat$BigPictureStyle;
Processing class #61: Landroid/support/v4/app/TaskStackBuilderHoneycomb;
Processing class #62: Landroid/support/v4/app/TaskStackBuilderJellybean;
Processing class #63: Landroid/support/v4/content/FileProvider$PathStrategy;
Processing class #64: Landroid/support/v4/content/FileProvider$SimplePathStrategy;
Processing class #65: Landroid/support/v4/hardware/display/DisplayManagerCompat;
Processing class #66: Landroid/support/v4/hardware/display/DisplayManagerCompat$JellybeanMr1Impl;
Processing class #67: Landroid/support/v4/net/TrafficStatsCompat$BaseTrafficStatsCompatImpl$1;
Processing class #68: Landroid/support/v4/view/GestureDetectorCompat$GestureDetectorCompatImpl;
Processing class #69: Landroid/support/v4/view/GestureDetectorCompat$GestureDetectorCompatImplBase;
Processing class #70: Landroid/support/v4/view/accessibility/AccessibilityNodeInfoCompatJellyBean;
Processing class #71: Landroid/support/v4/app/FragmentTransaction;
Processing class #72: Landroid/support/v4/app/NotificationCompatJellybean;
Processing class #73: Landroid/support/v4/view/AccessibilityDelegateCompat;
Processing class #74: Landroid/support/v4/widget/ExploreByTouchHelper;
Processing class #75: Landroid/support/v4/util/LogWriter;
Processing class #76: Landroid/support/v4/app/FragmentContainer;
Processing class #77: Landroid/support/v4/app/FragmentActivity$2;
Processing class #78: Landroid/support/v4/text/ICUCompat$ICUCompatImpl;
Processing class #79: Landroid/support/v4/app/FragmentActivity$1;
Processing class #80: Landroid/support/v4/view/MotionEventCompat$MotionEventVersionImpl;
Processing class #81: Landroid/support/v4/view/MotionEventCompat$EclairMotionEventVersionImpl;
Processing class #82: Landroid/support/v4/view/ViewPager;
Processing class #83: Landroid/support/v4/content/ContextCompatHoneycomb;
Processing class #84: Landroid/support/v4/content/IntentCompatIcsMr1;
Processing class #85: Landroid/support/v4/view/AccessibilityDelegateCompat$AccessibilityDelegateImpl;
Processing class #86: Landroid/support/v4/widget/EdgeEffectCompat$EdgeEffectImpl;
Processing class #87: Landroid/support/v4/widget/EdgeEffectCompat$BaseEdgeEffectImpl;
Processing class #88: Landroid/support/v4/content/Loader;
Processing class #89: Landroid/support/v4/app/ShareCompat;
Processing class #90: Landroid/support/v4/view/ViewPager$OnPageChangeListener;
Processing class #91: Landroid/support/v4/view/ViewPager$SimpleOnPageChangeListener;
Processing class #92: Landroid/support/v4/view/ViewParentCompat$ViewParentCompatImpl;
Processing class #93: Landroid/support/v4/view/ViewParentCompat$ViewParentCompatStubImpl;
Processing class #94: Landroid/support/v4/view/ViewParentCompat$ViewParentCompatICSImpl;
Processing class #95: Landroid/support/v4/view/accessibility/AccessibilityNodeProviderCompatJellyBean;
Processing class #96: Landroid/support/v4/internal/view/SupportMenu;
Processing class #97: Landroid/support/v4/accessibilityservice/AccessibilityServiceInfoCompatJellyBeanMr2;
Processing class #98: Landroid/support/v4/net/ConnectivityManagerCompatGingerbread;
Processing class #99: Landroid/support/v4/app/TaskStackBuilder$TaskStackBuilderImpl;
Processing class #100: Landroid/support/v4/widget/ViewDragHelper$Callback;
Processing class #101: Landroid/support/v4/app/Fragment$InstantiationException;
Processing class #102: Landroid/support/v4/content/ModernAsyncTask;
Processing class #103: Landroid/support/v4/content/AsyncTaskLoader$LoadTask;
Processing class #104: Landroid/support/v4/os/ParcelableCompatCreatorCallbacks;
Processing class #105: Landroid/support/v4/graphics/drawable/DrawableCompat$DrawableImpl;
Processing class #106: Landroid/support/v4/graphics/drawable/DrawableCompat$HoneycombDrawableImpl;
Processing class #107: Landroid/support/v4/app/ActivityCompatJB;
Processing class #108: Landroid/support/v4/view/accessibility/AccessibilityEventCompatIcs;
Processing class #109: Landroid/support/v4/app/FragmentActivity$FragmentTag;
Processing class #110: Landroid/support/v4/content/IntentCompat;
Processing class #111: Landroid/support/v4/widget/SearchViewCompat$OnQueryTextListenerCompat;
Processing class #112: Landroid/support/v4/view/PagerTitleStrip$PagerTitleStripImpl;
Processing class #113: Landroid/support/v4/widget/SearchViewCompatHoneycomb$OnCloseListenerCompatBridge;
Processing class #114: Landroid/support/v4/hardware/display/DisplayManagerCompat$LegacyImpl;
Processing class #115: Landroid/support/v4/view/ViewCompatHC;
Processing class #116: Landroid/support/v4/graphics/drawable/DrawableCompatHoneycomb;
Processing class #117: Landroid/support/v4/app/ActionBarDrawerToggle$ActionBarDrawerToggleImpl;
Processing class #118: Landroid/support/v4/widget/CursorFilter$CursorFilterClient;
Processing class #119: Landroid/support/v4/widget/CursorAdapter;
Processing class #120: Landroid/support/v4/text/BidiFormatter$Builder;
Processing class #121: Landroid/support/v4/widget/SlidingPaneLayout$AccessibilityDelegate;
Processing class #122: Landroid/support/v4/app/FragmentTabHost$TabInfo;
Processing class #123: Landroid/support/v4/app/NotificationCompat$NotificationCompatImplJellybean;
Processing class #124: Landroid/support/v4/app/NotificationCompatHoneycomb;
Processing class #125: Landroid/support/v4/view/accessibility/AccessibilityRecordCompat;
Processing class #126: Landroid/support/v4/text/TextDirectionHeuristicsCompat$1;
Processing class #127: Landroid/support/v4/content/ModernAsyncTask$WorkerRunnable;
Processing class #128: Landroid/support/v4/app/FragmentState$1;
Processing class #129: Landroid/support/v4/view/ActionProvider$VisibilityListener;
Processing class #130: Landroid/support/v4/widget/SlidingPaneLayout;
Processing class #131: Landroid/support/v4/view/ViewConfigurationCompat$ViewConfigurationVersionImpl;
Processing class #132: Landroid/support/v4/view/PagerTitleStrip$1;
Processing class #133: Landroid/support/v4/content/Loader$OnLoadCompleteListener;
Processing class #134: Landroid/support/v4/app/LoaderManagerImpl$LoaderInfo;
Processing class #135: Landroid/support/v4/view/MotionEventCompat$BaseMotionEventVersionImpl;
Processing class #136: Landroid/support/v4/app/NavUtilsJB;
Processing class #137: Landroid/support/v4/view/AccessibilityDelegateCompat$AccessibilityDelegateStubImpl;
Processing class #138: Landroid/support/v4/view/AccessibilityDelegateCompat$AccessibilityDelegateIcsImpl;
Processing class #139: Landroid/support/v4/view/ViewPager$OnAdapterChangeListener;
Processing class #140: Landroid/support/v4/view/PagerTitleStrip$PageListener;
Processing class #141: Landroid/support/v4/view/MenuItemCompatIcs;
Processing class #142: Landroid/support/v4/view/ViewCompat$ViewCompatImpl;
Processing class #143: Landroid/support/v4/view/ViewCompat$BaseViewCompatImpl;
Processing class #144: Landroid/support/v4/view/ViewCompat$EclairMr1ViewCompatImpl;
Processing class #145: Landroid/support/v4/view/accessibility/AccessibilityManagerCompat$AccessibilityManagerVersionImpl;
Processing class #146: Landroid/support/v4/app/TaskStackBuilder$TaskStackBuilderImplJellybean;
Processing class #147: Landroid/support/v4/widget/SearchViewCompat;
Processing class #148: Landroid/support/v4/util/SparseArrayCompat;
Processing class #149: Landroid/support/v4/view/accessibility/AccessibilityManagerCompatIcs;
Processing class #150: Landroid/support/v4/view/MenuCompat;
Processing class #151: Landroid/support/v4/app/NavUtils$NavUtilsImpl;
Processing class #152: Landroid/support/v4/app/FragmentActivity;
Processing class #153: Landroid/support/v4/content/LocalBroadcastManager$1;
Processing class #154: Landroid/support/v4/net/ConnectivityManagerCompat;
Processing class #155: Landroid/support/v4/view/ViewCompat$GBViewCompatImpl;
Processing class #156: Landroid/support/v4/view/ViewCompat$HCViewCompatImpl;
Processing class #157: Landroid/support/v4/view/ViewCompat$ICSViewCompatImpl;
Processing class #158: Landroid/support/v4/view/ViewCompat$JBViewCompatImpl;
Processing class #159: Landroid/support/v4/text/TextDirectionHeuristicsCompat$TextDirectionAlgorithm;
Processing class #160: Landroid/support/v4/text/TextDirectionHeuristicsCompat$FirstStrong;
Processing class #161: Landroid/support/v4/view/accessibility/AccessibilityNodeProviderCompatJellyBean$1;
Processing class #162: Landroid/support/v4/view/ViewCompatJB;
Processing class #163: Landroid/support/v4/widget/ResourceCursorAdapter;
Processing class #164: Landroid/support/v4/widget/SimpleCursorAdapter;
Processing class #165: Landroid/support/v4/app/ActionBarDrawerToggle$DelegateProvider;
Processing class #166: Landroid/support/v4/view/accessibility/AccessibilityManagerCompatIcs$AccessibilityStateChangeListenerBridge;
Processing class #167: Landroid/support/v4/view/ViewPager$3;
Processing class #168: Landroid/support/v4/app/NavUtils;
Processing class #169: Landroid/support/v4/view/ViewPager$2;
Processing class #170: Landroid/support/v4/view/ViewPager$1;
Processing class #171: Landroid/support/v4/view/MenuItemCompatIcs$SupportActionExpandProxy;
Processing class #172: Landroid/support/v4/view/MenuItemCompat$IcsMenuVersionImpl$1;
Processing class #173: Landroid/support/v4/widget/ExploreByTouchHelper$1;
Processing class #174: Landroid/support/v4/app/ActionBarDrawerToggle$ActionBarDrawerToggleImplHC;
Processing class #175: Landroid/support/v4/view/AccessibilityDelegateCompatJellyBean$AccessibilityDelegateBridgeJellyBean;
Processing class #176: Landroid/support/v4/view/AccessibilityDelegateCompat$AccessibilityDelegateJellyBeanImpl$1;
Processing class #177: Landroid/support/v4/view/VelocityTrackerCompat$VelocityTrackerVersionImpl;
Processing class #178: Landroid/support/v4/app/ActivityOptionsCompat;
Processing class #179: Landroid/support/v4/content/LocalBroadcastManager$BroadcastRecord;
Processing class #180: Landroid/support/v4/view/accessibility/AccessibilityRecordCompatIcs;
Processing class #181: Landroid/support/v4/app/NavUtils$NavUtilsImplBase;
Processing class #182: Landroid/support/v4/app/NavUtils$NavUtilsImplJB;
Processing class #183: Landroid/support/v4/view/ViewGroupCompat;
Processing class #184: Landroid/support/v4/view/ViewPager$MyAccessibilityDelegate;
Processing class #185: Landroid/support/v4/view/AccessibilityDelegateCompat$AccessibilityDelegateJellyBeanImpl;
Processing class #186: Landroid/support/v4/widget/SearchViewCompatIcs$MySearchView;
Processing class #187: Landroid/support/v4/view/accessibility/AccessibilityNodeInfoCompat$AccessibilityNodeInfoImpl;
Processing class #188: Landroid/support/v4/view/accessibility/AccessibilityNodeInfoCompat$AccessibilityNodeInfoStubImpl;
Processing class #189: Landroid/support/v4/widget/ScrollerCompatGingerbread;
Processing class #190: Landroid/support/v4/accessibilityservice/AccessibilityServiceInfoCompat;
Processing class #191: Landroid/support/v4/view/AccessibilityDelegateCompatIcs;
Processing class #192: Landroid/support/v4/text/ICUCompat;
Processing class #193: Landroid/support/v4/graphics/drawable/DrawableCompat$BaseDrawableImpl;
Processing class #194: Landroid/support/v4/media/TransportMediatorCallback;
Processing class #195: Landroid/support/v4/app/ServiceCompat;
Processing class #196: Landroid/support/v4/view/PagerAdapter;
Processing class #197: Landroid/support/v4/app/ShareCompatICS;
Processing class #198: Lorg/cert/WriteFile/R$attr;
Processing class #199: Landroid/support/v4/app/ActivityOptionsCompatJB;
Processing class #200: Landroid/support/v4/widget/SlidingPaneLayout$SavedState$1;
Processing class #201: Landroid/support/v4/util/AtomicFile;
Processing class #202: Landroid/support/v4/app/NotificationCompat$NotificationCompatImplHoneycomb;
Processing class #203: Landroid/support/v4/view/AccessibilityDelegateCompatJellyBean$1;
Processing class #204: Landroid/support/v4/widget/SlidingPaneLayout$LayoutParams;
Processing class #205: Landroid/support/v4/widget/EdgeEffectCompat;
Processing class #206: Landroid/support/v4/content/ModernAsyncTask$Status;
Processing class #207: Landroid/support/v4/view/GravityCompatJellybeanMr1;
Processing class #208: Landroid/support/v4/view/AccessibilityDelegateCompatJellyBean;
Processing class #209: Landroid/support/v4/view/ViewPager$PageTransformer;
Processing class #210: Landroid/support/v4/widget/DrawerLayout$SavedState$1;
Processing class #211: Landroid/support/v4/app/FragmentManager$BackStackEntry;
Processing class #212: Landroid/support/v4/widget/SlidingPaneLayout$1;
Processing class #213: Landroid/support/v4/view/accessibility/AccessibilityManagerCompat$AccessibilityManagerIcsImpl$1;
Processing class #214: Landroid/support/v4/view/ViewGroupCompat$ViewGroupCompatImpl;
Processing class #215: Landroid/support/v4/net/ConnectivityManagerCompatJellyBean;
Processing class #216: Landroid/support/v4/view/PagerTitleStripIcs$SingleLineAllCapsTransform;
Processing class #217: Landroid/support/v4/net/ConnectivityManagerCompat$ConnectivityManagerCompatImpl;
Processing class #218: Landroid/support/v4/net/ConnectivityManagerCompat$JellyBeanConnectivityManagerCompatImpl;
Processing class #219: Landroid/support/v4/view/accessibility/AccessibilityEventCompat;
Processing class #220: Landroid/support/v4/net/TrafficStatsCompat$1;
Processing class #221: Landroid/support/v4/app/FragmentState;
Processing class #222: Landroid/support/v4/view/KeyEventCompatHoneycomb;
Processing class #223: Landroid/support/v4/app/ActionBarDrawerToggle$SlideDrawable;
Processing class #224: Landroid/support/v4/content/ModernAsyncTask$4;
Processing class #225: Landroid/support/v4/view/GravityCompat$GravityCompatImpl;
Processing class #226: Landroid/support/v4/view/GravityCompat$GravityCompatImplJellybeanMr1;
Processing class #227: Landroid/support/v4/view/accessibility/AccessibilityEventCompat$AccessibilityEventStubImpl;
Processing class #228: Landroid/support/v4/view/accessibility/AccessibilityEventCompat$AccessibilityEventIcsImpl;
Processing class #229: Landroid/support/v4/content/ModernAsyncTask$3;
Processing class #230: Landroid/support/v4/content/ModernAsyncTask$2;
Processing class #231: Landroid/support/v4/content/ModernAsyncTask$1;
Processing class #232: Landroid/support/v4/text/BidiFormatter$DirectionalityEstimator;
Processing class #233: Landroid/support/v4/view/accessibility/AccessibilityNodeInfoCompat$AccessibilityNodeInfoIcsImpl;
Processing class #234: Landroid/support/v4/view/ViewConfigurationCompat;
Processing class #235: Landroid/support/v4/view/ActionProvider;
Processing class #236: Landroid/support/v4/widget/ViewDragHelper;
Processing class #237: Landroid/support/v4/util/LruCache;
Processing class #238: Landroid/support/v4/app/FragmentManager;
Processing class #239: Landroid/support/v4/app/FragmentManagerImpl;
Processing class #240: Landroid/support/v4/view/ViewGroupCompatHC;
Processing class #241: Landroid/support/v4/widget/DrawerLayout$DrawerListener;
Processing class #242: Landroid/support/v4/database/DatabaseUtilsCompat;
Processing class #243: Landroid/support/v4/app/NotificationCompat$Builder;
Processing class #244: Landroid/support/v4/app/LoaderManagerImpl;
Processing class #245: Landroid/support/v4/os/ParcelableCompatCreatorHoneycombMR2;
Processing class #246: Landroid/support/v4/app/ListFragment;
Processing class #247: Landroid/support/v4/view/ViewCompat;
Processing class #248: Landroid/support/v4/content/ContextCompat;
Processing class #249: Landroid/support/v4/internal/view/SupportSubMenu;
Processing class #250: Landroid/support/v4/app/FragmentTabHost$DummyTabFactory;
Processing class #251: Landroid/support/v4/view/MarginLayoutParamsCompatJellybeanMr1;
Processing class #252: Lorg/cert/WriteFile/R$layout;
Processing class #253: Landroid/support/v4/widget/DrawerLayout$AccessibilityDelegate;
Processing class #254: Landroid/support/v4/content/FileProvider;
Processing class #255: Landroid/support/v4/widget/ScrollerCompat$ScrollerCompatImpl;
Processing class #256: Landroid/support/v4/widget/ScrollerCompat$ScrollerCompatImplGingerbread;
Processing class #257: Landroid/support/v4/widget/ScrollerCompat$ScrollerCompatImplIcs;
Processing class #258: Landroid/support/v4/view/accessibility/AccessibilityNodeInfoCompat;
Processing class #259: Landroid/support/v4/app/ActivityCompatHoneycomb;
Processing class #260: Lorg/cert/WriteFile/BuildConfig;
Processing class #261: Landroid/support/v4/net/TrafficStatsCompat$TrafficStatsCompatImpl;
Processing class #262: Landroid/support/v4/net/TrafficStatsCompat$BaseTrafficStatsCompatImpl;
Processing class #263: Landroid/support/v4/content/IntentCompatHoneycomb;
Processing class #264: Landroid/support/v4/view/ViewGroupCompatIcs;
Processing class #265: Landroid/support/v4/app/NotificationCompat$BigTextStyle;
Processing class #266: Landroid/support/v4/media/TransportPerformer;
Processing class #267: Landroid/support/v4/view/AccessibilityDelegateCompatIcs$AccessibilityDelegateBridge;
Processing class #268: Landroid/support/v4/view/ViewParentCompatICS;
Processing class #269: Landroid/support/v4/view/accessibility/AccessibilityNodeProviderCompat$AccessibilityNodeProviderImpl;
Processing class #270: Landroid/support/v4/view/GestureDetectorCompat;
Processing class #271: Landroid/support/v4/view/accessibility/AccessibilityRecordCompatIcsMr1;
Processing class #272: Landroid/support/v4/widget/SimpleCursorAdapter$CursorToStringConverter;
Processing class #273: Landroid/support/v4/widget/SearchViewCompat$OnCloseListenerCompat;
Processing class #274: Landroid/support/v4/app/FragmentStatePagerAdapter;
Processing class #275: Landroid/support/v4/view/ViewCompat$JbMr1ViewCompatImpl;
Processing class #276: Landroid/support/v4/widget/SearchViewCompatHoneycomb$OnQueryTextListenerCompatBridge;
Processing class #277: Landroid/support/v4/content/ContextCompatJellybean;
Processing class #278: Landroid/support/v4/view/GravityCompat$GravityCompatImplBase;
Processing class #279: Landroid/support/v4/widget/CursorAdapter$MyDataSetObserver;
Processing class #280: Landroid/support/v4/net/TrafficStatsCompat$BaseTrafficStatsCompatImpl$SocketTags;
Processing class #281: Landroid/support/v4/view/PagerTitleStrip$PagerTitleStripImplIcs;
Processing class #282: Landroid/support/v4/view/accessibility/AccessibilityNodeInfoCompatJellybeanMr2;
Processing class #283: Landroid/support/v4/widget/SearchViewCompatHoneycomb$2;
Processing class #284: Landroid/support/v4/widget/SearchViewCompatHoneycomb$1;
Processing class #285: Landroid/support/v4/view/accessibility/AccessibilityNodeProviderCompat$AccessibilityNodeProviderStubImpl;
Processing class #286: Landroid/support/v4/view/accessibility/AccessibilityNodeProviderCompat$AccessibilityNodeProviderJellyBeanImpl;
Processing class #287: Landroid/support/v4/app/FragmentTabHost;
Processing class #288: Landroid/support/v4/content/IntentCompat$IntentCompatImpl;
Processing class #289: Landroid/support/v4/content/IntentCompat$IntentCompatImplBase;
Processing class #290: Landroid/support/v4/content/IntentCompat$IntentCompatImplHC;
Processing class #291: Landroid/support/v4/content/IntentCompat$IntentCompatImplIcsMr1;
Processing class #292: Landroid/support/v4/app/ShareCompat$IntentReader;
Processing class #293: Landroid/support/v4/app/ShareCompatJB;
Processing class #294: Landroid/support/v4/view/MotionEventCompatEclair;
Processing class #295: Landroid/support/v4/view/PagerTitleStripIcs;
Processing class #296: Landroid/support/v4/view/accessibility/AccessibilityManagerCompat$AccessibilityManagerStubImpl;
Processing class #297: Landroid/support/v4/view/accessibility/AccessibilityManagerCompat$AccessibilityManagerIcsImpl;
Processing class #298: Landroid/support/v4/view/MarginLayoutParamsCompat$MarginLayoutParamsCompatImpl;
Processing class #299: Landroid/support/v4/view/MarginLayoutParamsCompat$MarginLayoutParamsCompatImplJbMr1;
Processing class #300: Landroid/support/v4/view/ViewCompatGingerbread;
Processing class #301: Landroid/support/v4/view/ViewPager$LayoutParams;
Processing class #302: Landroid/support/v4/widget/SlidingPaneLayout$SlidingPanelLayoutImpl;
Processing class #303: Landroid/support/v4/widget/SlidingPaneLayout$SlidingPanelLayoutImplBase;
Processing class #304: Landroid/support/v4/widget/SlidingPaneLayout$SlidingPanelLayoutImplJB;
Processing class #305: Landroid/support/v4/view/ViewGroupCompat$ViewGroupCompatStubImpl;
Processing class #306: Landroid/support/v4/view/ViewGroupCompat$ViewGroupCompatHCImpl;
Processing class #307: Landroid/support/v4/view/ViewGroupCompat$ViewGroupCompatIcsImpl;
Processing class #308: Lorg/cert/WriteFile/R$menu;
Processing class #309: Landroid/support/v4/view/ViewConfigurationCompatFroyo;
Processing class #310: Landroid/support/v4/view/MenuItemCompatIcs$OnActionExpandListenerWrapper;
Processing class #311: Landroid/support/v4/view/VelocityTrackerCompat$BaseVelocityTrackerVersionImpl;
Processing class #312: Landroid/support/v4/widget/DrawerLayout$SimpleDrawerListener;
Processing class #313: Landroid/support/v4/view/MarginLayoutParamsCompat$MarginLayoutParamsCompatImplBase;
Processing class #314: Landroid/support/v4/widget/SlidingPaneLayout$PanelSlideListener;
Processing class #315: Landroid/support/v4/widget/SlidingPaneLayout$SimplePanelSlideListener;
Processing class #316: Landroid/support/v4/widget/EdgeEffectCompatIcs;
Processing class #317: Landroid/support/v4/util/TimeUtils;
Processing class #318: Landroid/support/v4/app/SuperNotCalledException;
Processing class #319: Landroid/support/v4/view/accessibility/AccessibilityNodeProviderCompatJellyBean$AccessibilityNodeInfoBridge;
Processing class #320: Landroid/support/v4/content/AsyncTaskLoader;
Processing class #321: Landroid/support/v4/widget/ScrollerCompat;
Processing class #322: Landroid/support/v4/accessibilityservice/AccessibilityServiceInfoCompat$AccessibilityServiceInfoJellyBeanMr2;
Processing class #323: Landroid/support/v4/view/ViewPager$SavedState;
Processing class #324: Landroid/support/v4/app/Fragment$SavedState$1;
Processing class #325: Landroid/support/v4/net/ConnectivityManagerCompat$BaseConnectivityManagerCompatImpl;
Processing class #326: Landroid/support/v4/widget/SlidingPaneLayout$SavedState;
Processing class #327: Landroid/support/v4/app/BackStackState$1;
Processing class #328: Landroid/support/v4/view/ViewCompatEclairMr1;
Processing class #329: Landroid/support/v4/content/pm/ActivityInfoCompat;
Processing class #330: Landroid/support/v4/app/LoaderManager$LoaderCallbacks;
Processing class #331: Landroid/support/v4/widget/EdgeEffectCompat$EdgeEffectIcsImpl;
Processing class #332: Landroid/support/v4/app/FragmentManagerImpl$4;
Processing class #333: Landroid/support/v4/app/FragmentManagerImpl$5;
Processing class #334: Landroid/support/v4/media/TransportStateListener;
Processing class #335: Landroid/support/v4/app/FragmentManagerImpl$2;
Processing class #336: Lorg/cert/WriteFile/R;
Processing class #337: Landroid/support/v4/app/FragmentManagerImpl$3;
Processing class #338: Landroid/support/v4/app/TaskStackBuilder;
Processing class #339: Landroid/support/v4/app/FragmentManagerImpl$1;
Processing class #340: Landroid/support/v4/app/FragmentManager$OnBackStackChangedListener;
Processing class #341: Landroid/support/v4/widget/SearchViewCompatHoneycomb;
Processing class #342: Landroid/support/v4/view/ViewParentCompat;
Processing class #343: Landroid/support/v4/os/ParcelableCompat$CompatCreator;
Processing class #344: Landroid/support/v4/net/TrafficStatsCompat$IcsTrafficStatsCompatImpl;
Processing class #345: Landroid/support/v4/net/TrafficStatsCompat;
Processing class #346: Landroid/support/v4/view/MenuItemCompatHoneycomb;
Processing class #347: Landroid/support/v4/view/AccessibilityDelegateCompat$AccessibilityDelegateIcsImpl$1;
Processing class #348: Landroid/support/v4/app/TaskStackBuilder$SupportParentable;
Processing class #349: Landroid/support/v4/content/ModernAsyncTask$InternalHandler;
Processing class #350: Landroid/support/v4/app/Fragment$SavedState;
Processing class #351: Landroid/support/v4/text/TextDirectionHeuristicsCompat$TextDirectionHeuristicLocale;
Processing class #352: Landroid/support/v4/widget/CursorAdapter$1;
Processing class #353: Landroid/support/v4/widget/SlidingPaneLayout$SlidingPanelLayoutImplJBMR1;
Processing class #354: Landroid/support/v4/content/LocalBroadcastManager;
Processing class #355: Landroid/support/v4/widget/ViewDragHelper$1;
Processing class #356: Landroid/support/v4/widget/ViewDragHelper$2;
Processing class #357: Landroid/support/v4/content/CursorLoader;
Processing class #358: Landroid/support/v4/view/accessibility/AccessibilityManagerCompat$AccessibilityStateChangeListenerCompat;
Processing class #359: Landroid/support/v4/view/ViewConfigurationCompat$BaseViewConfigurationVersionImpl;
Processing class #360: Landroid/support/v4/app/FragmentManagerState;
Processing class #361: Landroid/support/v4/view/MenuItemCompat$IcsMenuVersionImpl;
Processing class #362: Landroid/support/v4/internal/view/SupportMenuItem;
Processing class #363: Landroid/support/v4/os/ParcelableCompat;
Processing class #364: Landroid/support/v4/view/ViewPager$PagerObserver;
Processing class #365: Landroid/support/v4/widget/DrawerLayout$ViewDragCallback$1;
Processing class #366: Landroid/support/v4/app/FragmentTabHost$1;
Processing class #367: Landroid/support/v4/accessibilityservice/AccessibilityServiceInfoCompatIcs;
Processing class #368: Landroid/support/v4/text/BidiFormatter$1;
Processing class #369: Landroid/support/v4/view/accessibility/AccessibilityManagerCompatIcs$1;
Processing class #370: Landroid/support/v4/view/ViewPager$Decor;
Processing class #371: Landroid/support/v4/view/PagerTitleStrip;
Processing class #372: Landroid/support/v4/view/PagerTitleStrip$PagerTitleStripImplBase;
Processing class #373: Lorg/cert/WriteFile/R$id;
Processing class #374: Landroid/support/v4/net/TrafficStatsCompatIcs;
Processing class #375: Landroid/support/v4/app/NotificationCompatIceCreamSandwich;
Processing class #376: Landroid/support/v4/os/ParcelableCompatCreatorHoneycombMR2Stub;
Processing class #377: Landroid/support/v4/app/NotificationCompat$InboxStyle;
Processing class #378: Landroid/support/v4/view/VelocityTrackerCompat;
Processing class #379: Landroid/support/v4/net/ConnectivityManagerCompat$HoneycombMR2ConnectivityManagerCompatImpl;
Processing class #380: Landroid/support/v4/view/PagerTabStrip;
Processing class #381: Landroid/support/v4/app/ActivityOptionsCompat$ActivityOptionsImplJB;
Processing class #382: Landroid/support/v4/app/Fragment$1;
Processing class #383: Landroid/support/v4/view/accessibility/AccessibilityNodeInfoCompat$AccessibilityNodeInfoJellybeanImpl;
Processing class #384: Landroid/support/v4/view/accessibility/AccessibilityNodeInfoCompat$AccessibilityNodeInfoJellybeanMr2Impl;
Processing class #385: Landroid/support/v4/app/NotificationCompat;
Processing class #386: Landroid/support/v4/view/ViewPager$SavedState$1;
Processing class #387: Landroid/support/v4/media/TransportMediator$2;
Processing class #388: Landroid/support/v4/app/ActionBarDrawerToggleHoneycomb$SetIndicatorInfo;
Processing class #389: Landroid/support/v4/view/accessibility/AccessibilityManagerCompat;
Processing class #390: Landroid/support/v4/app/ActionBarDrawerToggle;
Processing class #391: Landroid/support/v4/media/TransportMediator$1;
Processing class #392: Landroid/support/v4/view/PagerTabStrip$1;
Processing class #393: Landroid/support/v4/view/PagerTabStrip$2;
Processing class #394: Landroid/support/v4/view/ViewCompatJellybeanMr1;
Processing class #395: Landroid/support/v4/view/accessibility/AccessibilityRecordCompatJellyBean;
Processing class #396: Landroid/support/v4/view/ViewCompatICS;
Processing class #397: Landroid/support/v4/view/WindowCompat;
Processing class #398: Landroid/support/v4/graphics/drawable/DrawableCompat;
Processing class #399: Landroid/support/v4/widget/CursorFilter;
Processing class #400: Landroid/support/v4/content/ModernAsyncTask$AsyncTaskResult;
Processing class #401: Landroid/support/v4/view/GravityCompat;
Processing class #402: Landroid/support/v4/view/MotionEventCompat;
Processing class #403: Landroid/support/v4/widget/DrawerLayout$LayoutParams;
Processing class #404: Landroid/support/v4/app/ActivityCompat;
Processing class #405: Landroid/support/v4/app/NotificationCompat$NotificationCompatImplBase;
Processing class #406: Landroid/support/v4/view/VelocityTrackerCompatHoneycomb;
Processing class #407: Landroid/support/v4/widget/DrawerLayout;
Processing class #408: Landroid/support/v4/app/FragmentPagerAdapter;
Processing class #409: Landroid/support/v4/view/ViewPager$ViewPositionComparator;
Processing class #410: Landroid/support/v4/widget/DrawerLayout$ViewDragCallback;
Processing class #411: Landroid/support/v4/widget/SlidingPaneLayout$DragHelperCallback;
Processing class #412: Landroid/support/v4/view/ActionProvider$SubUiVisibilityListener;
Processing class #413: Landroid/support/v4/app/TaskStackBuilder$TaskStackBuilderImplBase;
Processing class #414: Landroid/support/v4/app/TaskStackBuilder$TaskStackBuilderImplHoneycomb;
Processing class #415: Landroid/support/v4/view/KeyEventCompatEclair;
Processing class #416: Lorg/cert/WriteFile/R$dimen;
Processing class #417: Landroid/support/v4/view/AccessibilityDelegateCompatIcs$1;
Processing class #418: Lorg/cert/WriteFile/R$style;
Processing class #419: Landroid/support/v4/view/VelocityTrackerCompat$HoneycombVelocityTrackerVersionImpl;
Processing class #420: Landroid/support/v4/media/TransportMediatorJellybeanMR2;
Processing class #421: Landroid/support/v4/app/NoSaveStateFrameLayout;
Processing class #422: Landroid/support/v4/widget/SimpleCursorAdapter$ViewBinder;
Processing class #423: Landroid/support/v4/net/ConnectivityManagerCompat$GingerbreadConnectivityManagerCompatImpl;
Processing class #424: Landroid/support/v4/text/TextDirectionHeuristicsCompat$AnyStrong;
Processing class #425: Landroid/support/v4/view/GestureDetectorCompat$GestureDetectorCompatImplJellybeanMr2;
Processing class #426: Landroid/support/v4/net/ConnectivityManagerCompatHoneycombMR2;
Processing class #427: Landroid/support/v4/view/accessibility/AccessibilityNodeInfoCompatIcs;
Processing class #428: Landroid/support/v4/app/BackStackState;
Processing class #429: Landroid/support/v4/text/ICUCompat$ICUCompatImplIcs;
Processing class #430: Landroid/support/v4/widget/SearchViewCompatIcs;
Processing class #431: Landroid/support/v4/text/ICUCompat$ICUCompatImplBase;
Processing class #432: Landroid/support/v4/app/FragmentActivity$NonConfigurationInstances;
Processing class #433: Landroid/support/v4/widget/SearchViewCompat$SearchViewCompatHoneycombImpl$1;
Processing class #434: Landroid/support/v4/widget/SearchViewCompat$SearchViewCompatHoneycombImpl$2;
Processing class #435: Landroid/support/v4/app/NotificationCompat$Action;
Processing class #436: Landroid/support/v4/app/ActionBarDrawerToggle$Delegate;
Processing class #437: Landroid/support/v4/text/ICUCompatIcs;
Processing class #438: Landroid/support/v4/text/TextUtilsCompat;
Processing class #439: Landroid/support/v4/app/FragmentManagerState$1;
Processing class #440: Lorg/cert/WriteFile/Button1Listener;
Processing class #441: Landroid/support/v4/widget/ScrollerCompat$ScrollerCompatImplBase;
Processing class #442: Landroid/support/v4/view/accessibility/AccessibilityNodeProviderCompat$AccessibilityNodeProviderJellyBeanImpl$1;
Processing class #443: Landroid/support/v4/hardware/display/DisplayManagerJellybeanMr1;
Processing class #444: Landroid/support/v4/app/ActionBarDrawerToggle$ActionBarDrawerToggleImplBase;
Processing class #445: Landroid/support/v4/content/WakefulBroadcastReceiver;
Processing class #446: Landroid/support/v4/app/BackStackRecord;
Processing class #447: Landroid/support/v4/view/MarginLayoutParamsCompat;
Processing class #448: Landroid/support/v4/text/TextDirectionHeuristicsCompat;
Processing class #449: Landroid/support/v4/widget/SlidingPaneLayout$DisableLayerRunnable;
Processing class #450: Landroid/support/v4/text/BidiFormatter;
Processing class #451: Landroid/support/v4/view/ViewPager$ItemInfo;
Processing class #452: Landroid/support/v4/app/ActionBarDrawerToggle$1;
Processing class #453: Landroid/support/v4/util/LongSparseArray;
Processing class #454: Landroid/support/v4/view/ViewConfigurationCompat$FroyoViewConfigurationVersionImpl;
Processing class #455: Lorg/cert/WriteFile/R$string;
Assembling classes
